Loading plugins phase: Elapsed time ==> 0s.171ms
Initializing data phase: Elapsed time ==> 0s.000ms
<CYPRESSTAG name="CyDsfit arguments...">
cydsfit arguments: -.fdsnotice -.fdswarpdepfile=warp_dependencies.txt -.fdselabdepfile=elab_dependencies.txt -.fdsbldfile=generated_files.txt -p \\Mac\Home\Documents\Repos\PSOC4Pioneer\DieTempADC\ADC_SAR_Seq_DieTemp_PSoC401.cydsn\ADC_SAR_Seq_DieTemp_PSoC401.cyprj -d CY8C4245AXI-483 -s \\Mac\Home\Documents\Repos\PSOC4Pioneer\DieTempADC\ADC_SAR_Seq_DieTemp_PSoC401.cydsn\Generated_Source\PSoC4 -- -yv2 -q10 -ygs -o2 -v3 -.fftcfgtype=LE</CYPRESSTAG>
<CYPRESSTAG name="Design elaboration results...">
</CYPRESSTAG>
Elaboration phase: Elapsed time ==> 1s.905ms
<CYPRESSTAG name="HDL generation results...">
</CYPRESSTAG>
HDL generation phase: Elapsed time ==> 0s.062ms
<CYPRESSTAG name="Synthesis results...">

     | | | | | | |
   _________________
  -|               |-
  -|               |-
  -|               |-
  -|    CYPRESS    |-
  -|               |-
  -|               |-   Warp Verilog Synthesis Compiler: Version 6.3 IR 41
  -|               |-   Copyright (C) 1991-2001 Cypress Semiconductor
   |_______________|
     | | | | | | |

======================================================================
Compiling:  ADC_SAR_Seq_DieTemp_PSoC401.v
Program  :   C:\Program Files (x86)\Cypress\PSoC Creator\3.3\PSoC Creator\warp\bin/warp.exe
Options  :    -yv2 -q10 -ygs -o2 -v3 -.fftcfgtype=LE -ya -.fftprj=\\Mac\Home\Documents\Repos\PSOC4Pioneer\DieTempADC\ADC_SAR_Seq_DieTemp_PSoC401.cydsn\ADC_SAR_Seq_DieTemp_PSoC401.cyprj -dcpsoc3 ADC_SAR_Seq_DieTemp_PSoC401.v -verilog
======================================================================

======================================================================
Compiling:  ADC_SAR_Seq_DieTemp_PSoC401.v
Program  :   C:\Program Files (x86)\Cypress\PSoC Creator\3.3\PSoC Creator\warp\bin/warp.exe
Options  :    -yv2 -q10 -ygs -o2 -v3 -.fftcfgtype=LE -ya -.fftprj=\\Mac\Home\Documents\Repos\PSOC4Pioneer\DieTempADC\ADC_SAR_Seq_DieTemp_PSoC401.cydsn\ADC_SAR_Seq_DieTemp_PSoC401.cyprj -dcpsoc3 ADC_SAR_Seq_DieTemp_PSoC401.v -verilog
======================================================================

======================================================================
Compiling:  ADC_SAR_Seq_DieTemp_PSoC401.v
Program  :   vlogfe
Options  :    -yv2 -q10 -ygs -o2 -v3 -.fftcfgtype=LE -ya -.fftprj=\\Mac\Home\Documents\Repos\PSOC4Pioneer\DieTempADC\ADC_SAR_Seq_DieTemp_PSoC401.cydsn\ADC_SAR_Seq_DieTemp_PSoC401.cyprj -dcpsoc3 -verilog ADC_SAR_Seq_DieTemp_PSoC401.v
======================================================================

vlogfe V6.3 IR 41:  Verilog parser
Tue Jan 05 11:45:33 2016


======================================================================
Compiling:  ADC_SAR_Seq_DieTemp_PSoC401.v
Program  :   vpp
Options  :    -yv2 -q10 ADC_SAR_Seq_DieTemp_PSoC401.v
======================================================================

vpp V6.3 IR 41:  Verilog Pre-Processor
Tue Jan 05 11:45:33 2016

Flattening file 'C:\Program Files (x86)\Cypress\PSoC Creator\3.3\PSoC Creator\psoc\content\cyprimitives\CyPrimitives.cylib\ZeroTerminal\ZeroTerminal.v'
Flattening file 'C:\Program Files (x86)\Cypress\PSoC Creator\3.3\PSoC Creator\psoc\content\cyprimitives\CyPrimitives.cylib\or_v1_0\or_v1_0.v'
Flattening file 'C:\Program Files (x86)\Cypress\PSoC Creator\3.3\PSoC Creator\psoc\content\cyprimitives\CyPrimitives.cylib\cy_analog_virtualmux_v1_0\cy_analog_virtualmux_v1_0.v'
Flattening file 'C:\Program Files (x86)\Cypress\PSoC Creator\3.3\PSoC Creator\psoc\content\cycomponentlibrary\CyComponentLibrary.cylib\Bus_Connect_v2_20\Bus_Connect_v2_20.v'
Flattening file 'C:\Program Files (x86)\Cypress\PSoC Creator\3.3\PSoC Creator\warp\lib\common\cypress.v'
Flattening file 'C:\Program Files (x86)\Cypress\PSoC Creator\3.3\PSoC Creator\warp\lib\common\cy_psoc3_inc.v'
Flattening file 'C:\Program Files (x86)\Cypress\PSoC Creator\3.3\PSoC Creator\psoc\content\cyprimitives\CyPrimitives.cylib\cy_virtualmux_v1_0\cy_virtualmux_v1_0.v'

vpp:  No errors.

Library 'work' => directory 'lcpsoc3'
General_symbol_table
General_symbol_table
Linking 'C:\Program Files (x86)\Cypress\PSoC Creator\3.3\PSoC Creator\warp\lib\common\std.vhd'.
Linking 'C:\Program Files (x86)\Cypress\PSoC Creator\3.3\PSoC Creator\warp\lib\common\cypress.vhd'.
Linking 'C:\Program Files (x86)\Cypress\PSoC Creator\3.3\PSoC Creator\warp\lib\common\work\cypress.vif'.
Linking 'C:\Program Files (x86)\Cypress\PSoC Creator\3.3\PSoC Creator\warp\lib\ieee\work\stdlogic.vif'.
Linking 'C:\Program Files (x86)\Cypress\PSoC Creator\3.3\PSoC Creator\warp\lib\common\stdlogic\lpmpkg.vif'.
Linking 'C:\Program Files (x86)\Cypress\PSoC Creator\3.3\PSoC Creator\warp\lib\common\stdlogic\rtlpkg.vif'.
Linking 'C:\Program Files (x86)\Cypress\PSoC Creator\3.3\PSoC Creator\warp\lib\common\stdlogic\mod_cnst.vif'.
Linking 'C:\Program Files (x86)\Cypress\PSoC Creator\3.3\PSoC Creator\warp\lib\common\stdlogic\mod_mthv.vif'.
Linking 'C:\Program Files (x86)\Cypress\PSoC Creator\3.3\PSoC Creator\warp\lib\common\stdlogic\mod_genv.vif'.
Using control file 'ADC_SAR_Seq_DieTemp_PSoC401.ctl'.

vlogfe:  No errors.


======================================================================
Compiling:  ADC_SAR_Seq_DieTemp_PSoC401.v
Program  :   tovif
Options  :    -yv2 -q10 -ygs -o2 -v3 -.fftcfgtype=LE -ya -.fftprj=\\Mac\Home\Documents\Repos\PSOC4Pioneer\DieTempADC\ADC_SAR_Seq_DieTemp_PSoC401.cydsn\ADC_SAR_Seq_DieTemp_PSoC401.cyprj -dcpsoc3 -verilog ADC_SAR_Seq_DieTemp_PSoC401.v
======================================================================

tovif V6.3 IR 41:  High-level synthesis
Tue Jan 05 11:45:33 2016

Linking 'C:\Program Files (x86)\Cypress\PSoC Creator\3.3\PSoC Creator\warp\lib\common\std.vhd'.
Linking 'C:\Program Files (x86)\Cypress\PSoC Creator\3.3\PSoC Creator\warp\lib\common\cypress.vhd'.
Linking 'C:\Program Files (x86)\Cypress\PSoC Creator\3.3\PSoC Creator\warp\lib\common\work\cypress.vif'.
Linking 'C:\Program Files (x86)\Cypress\PSoC Creator\3.3\PSoC Creator\warp\lib\ieee\work\stdlogic.vif'.
Linking 'C:\Program Files (x86)\Cypress\PSoC Creator\3.3\PSoC Creator\warp\lib\common\stdlogic\lpmpkg.vif'.
Linking 'C:\Program Files (x86)\Cypress\PSoC Creator\3.3\PSoC Creator\warp\lib\common\stdlogic\rtlpkg.vif'.
Linking 'C:\Program Files (x86)\Cypress\PSoC Creator\3.3\PSoC Creator\warp\lib\common\stdlogic\mod_cnst.vif'.
Linking 'C:\Program Files (x86)\Cypress\PSoC Creator\3.3\PSoC Creator\warp\lib\common\stdlogic\mod_mthv.vif'.
Linking 'C:\Program Files (x86)\Cypress\PSoC Creator\3.3\PSoC Creator\warp\lib\common\stdlogic\mod_genv.vif'.
Linking '\\Mac\Home\Documents\Repos\PSOC4Pioneer\DieTempADC\ADC_SAR_Seq_DieTemp_PSoC401.cydsn\codegentemp\ADC_SAR_Seq_DieTemp_PSoC401.ctl'.
Linking 'C:\Program Files (x86)\Cypress\PSoC Creator\3.3\PSoC Creator\psoc\content\cyprimitives\CyPrimitives.cylib\ZeroTerminal\ZeroTerminal.v'.
Linking '\\Mac\Home\Documents\Repos\PSOC4Pioneer\DieTempADC\ADC_SAR_Seq_DieTemp_PSoC401.cydsn\codegentemp\ADC_SAR_Seq_DieTemp_PSoC401.v'.
Linking 'C:\Program Files (x86)\Cypress\PSoC Creator\3.3\PSoC Creator\psoc\content\cyprimitives\CyPrimitives.cylib\or_v1_0\or_v1_0.v'.
Linking 'C:\Program Files (x86)\Cypress\PSoC Creator\3.3\PSoC Creator\psoc\content\cyprimitives\CyPrimitives.cylib\cy_analog_virtualmux_v1_0\cy_analog_virtualmux_v1_0.v'.
Linking 'C:\Program Files (x86)\Cypress\PSoC Creator\3.3\PSoC Creator\psoc\content\cycomponentlibrary\CyComponentLibrary.cylib\Bus_Connect_v2_20\Bus_Connect_v2_20.v'.
Linking 'C:\Program Files (x86)\Cypress\PSoC Creator\3.3\PSoC Creator\warp\lib\common\cypress.v'.
Linking 'C:\Program Files (x86)\Cypress\PSoC Creator\3.3\PSoC Creator\warp\lib\common\cy_psoc3_inc.v'.
Linking 'C:\Program Files (x86)\Cypress\PSoC Creator\3.3\PSoC Creator\psoc\content\cyprimitives\CyPrimitives.cylib\cy_virtualmux_v1_0\cy_virtualmux_v1_0.v'.

tovif:  No errors.


======================================================================
Compiling:  ADC_SAR_Seq_DieTemp_PSoC401.v
Program  :   topld
Options  :    -yv2 -q10 -ygs -o2 -v3 -.fftcfgtype=LE -ya -.fftprj=\\Mac\Home\Documents\Repos\PSOC4Pioneer\DieTempADC\ADC_SAR_Seq_DieTemp_PSoC401.cydsn\ADC_SAR_Seq_DieTemp_PSoC401.cyprj -dcpsoc3 -verilog ADC_SAR_Seq_DieTemp_PSoC401.v
======================================================================

topld V6.3 IR 41:  Synthesis and optimization
Tue Jan 05 11:45:33 2016

Linking 'C:\Program Files (x86)\Cypress\PSoC Creator\3.3\PSoC Creator\warp\lib\common\std.vhd'.
Linking 'C:\Program Files (x86)\Cypress\PSoC Creator\3.3\PSoC Creator\warp\lib\common\cypress.vhd'.
Linking 'C:\Program Files (x86)\Cypress\PSoC Creator\3.3\PSoC Creator\warp\lib\common\work\cypress.vif'.
Linking 'C:\Program Files (x86)\Cypress\PSoC Creator\3.3\PSoC Creator\warp\lib\ieee\work\stdlogic.vif'.
Linking 'C:\Program Files (x86)\Cypress\PSoC Creator\3.3\PSoC Creator\warp\lib\common\stdlogic\lpmpkg.vif'.
Linking 'C:\Program Files (x86)\Cypress\PSoC Creator\3.3\PSoC Creator\warp\lib\common\stdlogic\rtlpkg.vif'.
Linking 'C:\Program Files (x86)\Cypress\PSoC Creator\3.3\PSoC Creator\warp\lib\common\stdlogic\mod_cnst.vif'.
Linking 'C:\Program Files (x86)\Cypress\PSoC Creator\3.3\PSoC Creator\warp\lib\common\stdlogic\mod_mthv.vif'.
Linking 'C:\Program Files (x86)\Cypress\PSoC Creator\3.3\PSoC Creator\warp\lib\common\stdlogic\mod_genv.vif'.
Linking '\\Mac\Home\Documents\Repos\PSOC4Pioneer\DieTempADC\ADC_SAR_Seq_DieTemp_PSoC401.cydsn\codegentemp\ADC_SAR_Seq_DieTemp_PSoC401.ctl'.
Linking 'C:\Program Files (x86)\Cypress\PSoC Creator\3.3\PSoC Creator\psoc\content\cyprimitives\CyPrimitives.cylib\ZeroTerminal\ZeroTerminal.v'.
Linking '\\Mac\Home\Documents\Repos\PSOC4Pioneer\DieTempADC\ADC_SAR_Seq_DieTemp_PSoC401.cydsn\codegentemp\ADC_SAR_Seq_DieTemp_PSoC401.v'.
Linking 'C:\Program Files (x86)\Cypress\PSoC Creator\3.3\PSoC Creator\psoc\content\cyprimitives\CyPrimitives.cylib\or_v1_0\or_v1_0.v'.
Linking 'C:\Program Files (x86)\Cypress\PSoC Creator\3.3\PSoC Creator\psoc\content\cyprimitives\CyPrimitives.cylib\cy_analog_virtualmux_v1_0\cy_analog_virtualmux_v1_0.v'.
Linking 'C:\Program Files (x86)\Cypress\PSoC Creator\3.3\PSoC Creator\psoc\content\cycomponentlibrary\CyComponentLibrary.cylib\Bus_Connect_v2_20\Bus_Connect_v2_20.v'.
Linking 'C:\Program Files (x86)\Cypress\PSoC Creator\3.3\PSoC Creator\warp\lib\common\cypress.v'.
Linking 'C:\Program Files (x86)\Cypress\PSoC Creator\3.3\PSoC Creator\warp\lib\common\cy_psoc3_inc.v'.
Linking 'C:\Program Files (x86)\Cypress\PSoC Creator\3.3\PSoC Creator\psoc\content\cyprimitives\CyPrimitives.cylib\cy_virtualmux_v1_0\cy_virtualmux_v1_0.v'.
Linking 'C:\Program Files (x86)\Cypress\PSoC Creator\3.3\PSoC Creator\warp\lib\lcpsoc3\stdlogic\cpsoc3.vif'.

----------------------------------------------------------
Detecting unused logic.
----------------------------------------------------------
    User names
	\ADC_SAR_SEQ:Net_3125\
	\ADC_SAR_SEQ:Net_3126\


Deleted 2 User equations/components.
Deleted 0 Synthesized equations/components.

------------------------------------------------------
Alias Detection
------------------------------------------------------
Aliasing \ADC_SAR_SEQ:Net_3106\ to \ADC_SAR_SEQ:Net_3107\
Aliasing \ADC_SAR_SEQ:Net_3105\ to \ADC_SAR_SEQ:Net_3107\
Aliasing \ADC_SAR_SEQ:Net_3104\ to \ADC_SAR_SEQ:Net_3107\
Aliasing \ADC_SAR_SEQ:Net_3103\ to \ADC_SAR_SEQ:Net_3107\
Aliasing \ADC_SAR_SEQ:Net_3207_1\ to \ADC_SAR_SEQ:Net_3107\
Aliasing \ADC_SAR_SEQ:Net_3207_0\ to \ADC_SAR_SEQ:Net_3107\
Aliasing \ADC_SAR_SEQ:Net_3235\ to \ADC_SAR_SEQ:Net_3107\
Aliasing zero to \ADC_SAR_SEQ:Net_3107\
Aliasing one to tmpOE__Pin_Vin_net_0
Aliasing \UART:tmpOE__tx_net_0\ to tmpOE__Pin_Vin_net_0
Aliasing \PWM:Net_75\ to \ADC_SAR_SEQ:Net_3107\
Aliasing \PWM:Net_69\ to tmpOE__Pin_Vin_net_0
Aliasing \PWM:Net_66\ to \ADC_SAR_SEQ:Net_3107\
Aliasing \PWM:Net_82\ to \ADC_SAR_SEQ:Net_3107\
Aliasing \PWM:Net_72\ to \ADC_SAR_SEQ:Net_3107\
Aliasing tmpOE__Pin_LED_net_0 to tmpOE__Pin_Vin_net_0
Removing Lhs of wire \ADC_SAR_SEQ:Net_3106\[74] = \ADC_SAR_SEQ:Net_3107\[73]
Removing Lhs of wire \ADC_SAR_SEQ:Net_3105\[75] = \ADC_SAR_SEQ:Net_3107\[73]
Removing Lhs of wire \ADC_SAR_SEQ:Net_3104\[76] = \ADC_SAR_SEQ:Net_3107\[73]
Removing Lhs of wire \ADC_SAR_SEQ:Net_3103\[77] = \ADC_SAR_SEQ:Net_3107\[73]
Removing Lhs of wire \ADC_SAR_SEQ:Net_17\[121] = \ADC_SAR_SEQ:Net_1845\[2]
Removing Lhs of wire \ADC_SAR_SEQ:Net_3207_1\[143] = \ADC_SAR_SEQ:Net_3107\[73]
Removing Lhs of wire \ADC_SAR_SEQ:Net_3207_0\[144] = \ADC_SAR_SEQ:Net_3107\[73]
Removing Lhs of wire \ADC_SAR_SEQ:Net_3235\[145] = \ADC_SAR_SEQ:Net_3107\[73]
Removing Rhs of wire zero[221] = \ADC_SAR_SEQ:Net_3107\[73]
Removing Lhs of wire one[225] = tmpOE__Pin_Vin_net_0[220]
Removing Lhs of wire \UART:tmpOE__tx_net_0\[228] = tmpOE__Pin_Vin_net_0[220]
Removing Lhs of wire \PWM:Net_81\[234] = Net_1004[246]
Removing Lhs of wire \PWM:Net_75\[235] = zero[221]
Removing Lhs of wire \PWM:Net_69\[236] = tmpOE__Pin_Vin_net_0[220]
Removing Lhs of wire \PWM:Net_66\[237] = zero[221]
Removing Lhs of wire \PWM:Net_82\[238] = zero[221]
Removing Lhs of wire \PWM:Net_72\[239] = zero[221]
Removing Lhs of wire tmpOE__Pin_LED_net_0[249] = tmpOE__Pin_Vin_net_0[220]

------------------------------------------------------
Aliased 0 equations, 18 wires.
------------------------------------------------------

----------------------------------------------------------
Circuit simplification
----------------------------------------------------------

Substituting virtuals - pass 1:


----------------------------------------------------------
Circuit simplification results:

	Expanded 0 signals.
	Turned 0 signals into soft nodes.
	Maximum default expansion cost was set at 3.
----------------------------------------------------------

topld:  No errors.

CYPRESS_DIR    : C:\Program Files (x86)\Cypress\PSoC Creator\3.3\PSoC Creator\warp
Warp Program   : C:\Program Files (x86)\Cypress\PSoC Creator\3.3\PSoC Creator\warp\bin/warp.exe
Warp Arguments : -yv2 -q10 -ygs -o2 -v3 -.fftcfgtype=LE -ya -.fftprj=\\Mac\Home\Documents\Repos\PSOC4Pioneer\DieTempADC\ADC_SAR_Seq_DieTemp_PSoC401.cydsn\ADC_SAR_Seq_DieTemp_PSoC401.cyprj -dcpsoc3 ADC_SAR_Seq_DieTemp_PSoC401.v -verilog
</CYPRESSTAG>
Warp synthesis phase: Elapsed time ==> 0s.531ms
<CYPRESSTAG name="Fitter results...">
<CYPRESSTAG name="Fitter startup details...">
cyp3fit: V3.3.0.410, Family: PSoC3, Started at: Tuesday, 05 January 2016 11:45:33
Options: -yv2 -q10 -ygs -o2 -v3 -.fftcfgtype=LE -ya -.fftprj=\\Mac\Home\Documents\Repos\PSOC4Pioneer\DieTempADC\ADC_SAR_Seq_DieTemp_PSoC401.cydsn\ADC_SAR_Seq_DieTemp_PSoC401.cyprj -d CY8C4245AXI-483 ADC_SAR_Seq_DieTemp_PSoC401.v -verilog
</CYPRESSTAG>
<CYPRESSTAG name="Design parsing">
Design parsing phase: Elapsed time ==> 0s.000ms
</CYPRESSTAG>
<CYPRESSTAG name="Tech mapping">
<CYPRESSTAG name="Initial Mapping" icon="FILE_RPT_TECHM">
<CYPRESSTAG name="Global Clock Selection" icon="FILE_RPT_TECHM">
    Fixed Function Clock 7: Automatic-assigning  clock 'ADC_SAR_SEQ_intClock'. Signal=\ADC_SAR_SEQ:Net_1845_ff7\
    Fixed Function Clock 8: Automatic-assigning  clock 'Clock'. Signal=Net_1004_ff8
<CYPRESSTAG name="UDB Clock/Enable Remapping Results">
</CYPRESSTAG>
</CYPRESSTAG>

Removing unused cells resulting from optimization
Done removing unused cells.
<CYPRESSTAG name="Duplicate Macrocell detection">
</CYPRESSTAG>
</CYPRESSTAG>
<CYPRESSTAG name="Duplicate Macrocell detection">
</CYPRESSTAG>
<CYPRESSTAG name="Design Equations" icon="FILE_RPT_EQUATION">

------------------------------------------------------------
Design Equations
------------------------------------------------------------
    <CYPRESSTAG name="Pin listing">

    ------------------------------------------------------------
    Pin listing
    ------------------------------------------------------------

    Pin : Name = Pin_Vin(0)
        Attributes:
            In Group/Port: True
            In Sync Option: AUTO
            Out Sync Option: AUTO
            Interrupt generated: False
            Interrupt mode: NONE
            Drive mode: HI_Z_ANALOG
            VTrip: EITHER
            Slew: FAST
            Input Sync needed: False
            Output Sync needed: False
            SC shield enabled: False
            POR State: ANY
            LCD Mode: COMMON
            Register Mode: RegComb
            CaSense Mode: NEITHER
            Treat as pin: True
            Is OE Registered: False
            Uses Analog: True
            Can contain Digital: False
            Is SIO: False
            SIO Output Buf: NONREGULATED
            SIO Input Buf: SINGLE_ENDED
            SIO HiFreq: LOW
            SIO Hyst: DISABLED
            SIO Vtrip: MULTIPLIER_0_5
            SIO Multiplier Index: 0
            SIO RefSel: VCC_IO
            Required Capabilitites: ANALOG
            Initial Value: 1
            IO Voltage: 0
        PORT MAP (
            pa_out => Pin_Vin(0)__PA ,
            analog_term => Net_498 ,
            pad => Pin_Vin(0)_PAD );
        Properties:
        {
            port_location = "PORT(0,4)"
        }

    Pin : Name = \UART:tx(0)\
        Attributes:
            In Group/Port: True
            In Sync Option: AUTO
            Out Sync Option: NOSYNC
            Interrupt generated: False
            Interrupt mode: NONE
            Drive mode: CMOS_OUT
            VTrip: EITHER
            Slew: FAST
            Input Sync needed: False
            Output Sync needed: False
            SC shield enabled: False
            POR State: ANY
            LCD Mode: COMMON
            Register Mode: RegComb
            CaSense Mode: NEITHER
            Treat as pin: True
            Is OE Registered: False
            Uses Analog: False
            Can contain Digital: True
            Is SIO: False
            SIO Output Buf: NONREGULATED
            SIO Input Buf: SINGLE_ENDED
            SIO HiFreq: LOW
            SIO Hyst: DISABLED
            SIO Vtrip: MULTIPLIER_0_5
            SIO Multiplier Index: 0
            SIO RefSel: VCC_IO
            Required Capabilitites: DIGITAL
            Initial Value: 1
            IO Voltage: 0
        PORT MAP (
            pa_out => \UART:tx(0)\__PA ,
            pad => \UART:tx(0)_PAD\ );
        Properties:
        {
            port_location = "PORT(0,5)"
        }

    Pin : Name = Pin_LED(0)
        Attributes:
            In Group/Port: True
            In Sync Option: AUTO
            Out Sync Option: NOSYNC
            Interrupt generated: False
            Interrupt mode: NONE
            Drive mode: CMOS_OUT
            VTrip: EITHER
            Slew: FAST
            Input Sync needed: False
            Output Sync needed: False
            SC shield enabled: False
            POR State: ANY
            LCD Mode: COMMON
            Register Mode: RegComb
            CaSense Mode: NEITHER
            Treat as pin: True
            Is OE Registered: False
            Uses Analog: False
            Can contain Digital: True
            Is SIO: False
            SIO Output Buf: NONREGULATED
            SIO Input Buf: SINGLE_ENDED
            SIO HiFreq: LOW
            SIO Hyst: DISABLED
            SIO Vtrip: MULTIPLIER_0_5
            SIO Multiplier Index: 0
            SIO RefSel: VCC_IO
            Required Capabilitites: DIGITAL
            Initial Value: 1
            IO Voltage: 0
        PORT MAP (
            pa_out => Pin_LED(0)__PA ,
            input => Net_1002 ,
            pad => Pin_LED(0)_PAD );
        Properties:
        {
            port_location = "PORT(0,2)"
        }
    </CYPRESSTAG>
    <CYPRESSTAG name="Macrocell listing" icon="FILE_RPT_EQUATION">
    </CYPRESSTAG>
    <CYPRESSTAG name="Datapath listing">
    </CYPRESSTAG>
    <CYPRESSTAG name="Status register listing">
    </CYPRESSTAG>
    <CYPRESSTAG name="StatusI register listing">
    </CYPRESSTAG>
    <CYPRESSTAG name="Sync listing">
    </CYPRESSTAG>
    <CYPRESSTAG name="Control register listing">
    </CYPRESSTAG>
    <CYPRESSTAG name="Count7 listing">
    </CYPRESSTAG>
    <CYPRESSTAG name="DRQ listing">
    </CYPRESSTAG>
    <CYPRESSTAG name="Interrupt listing">

    ------------------------------------------------------------
    Interrupt listing
    ------------------------------------------------------------

    interrupt: Name =\ADC_SAR_SEQ:IRQ\
        PORT MAP (
            interrupt => \ADC_SAR_SEQ:Net_3112\ );
        Properties:
        {
            int_type = "10"
        }

    interrupt: Name =ISR_TIMER
        PORT MAP (
            interrupt => Net_998 );
        Properties:
        {
            int_type = "10"
        }
    </CYPRESSTAG>
</CYPRESSTAG>
<CYPRESSTAG name="Technology mapping summary" expanded>

------------------------------------------------------------
Technology mapping summary
------------------------------------------------------------

Resource Type                 : Used : Free :  Max :  % Used
============================================================
Digital Clocks                :    0 :    4 :    4 :  0.00 %
Interrupts                    :    2 :   30 :   32 :  6.25 %
IO                            :    5 :   31 :   36 : 13.89 %
Segment LCD                   :    0 :    1 :    1 :  0.00 %
CapSense                      :    0 :    1 :    1 :  0.00 %
Die Temp                      :    1 :    0 :    1 : 100.00 %
Serial Communication (SCB)    :    0 :    2 :    2 :  0.00 %
Timer/Counter/PWM             :    1 :    3 :    4 : 25.00 %
UDB                           :      :      :      :        
  Macrocells                  :    0 :   32 :   32 :  0.00 %
  Unique P-terms              :    0 :   64 :   64 :  0.00 %
  Total P-terms               :    0 :      :      :        
  Datapath Cells              :    0 :    4 :    4 :  0.00 %
  Status Cells                :    0 :    4 :    4 :  0.00 %
  Control Cells               :    0 :    4 :    4 :  0.00 %
Comparator/Opamp              :    0 :    2 :    2 :  0.00 %
LP Comparator                 :    0 :    2 :    2 :  0.00 %
SAR ADC                       :    1 :    0 :    1 : 100.00 %
DAC                           :      :      :      :        
  7-bit IDAC                  :    0 :    1 :    1 :  0.00 %
  8-bit IDAC                  :    0 :    1 :    1 :  0.00 %
</CYPRESSTAG>
Technology Mapping: Elapsed time ==> 0s.014ms
Tech mapping phase: Elapsed time ==> 0s.093ms
</CYPRESSTAG>
<CYPRESSTAG name="Analog Placement">
<CYPRESSTAG name="Analog Placement">
Elapsed time ==> 0.1032880s
</CYPRESSTAG>
Analog Placement phase: Elapsed time ==> 0s.250ms
</CYPRESSTAG>
<CYPRESSTAG name="Analog Routing">
<CYPRESSTAG name="Analog Routing">
Route success=True, Iterations=1 Elapsed=0.0052426 secs
</CYPRESSTAG>
Analog Routing phase: Elapsed time ==> 0s.000ms
</CYPRESSTAG>
<CYPRESSTAG name="Analog Code Generation">
============ Analog Final Answer Routes ============
Dump of CyAnalogRoutingResultsDB
Map of net to items {
  Net: Net_498 {
    p0_4
  }
  Net: Net_821 {
    SARMUX0_temp
  }
  Net: \ADC_SAR_SEQ:Net_1851\ {
  }
  Net: \ADC_SAR_SEQ:Net_3113\ {
  }
  Net: \ADC_SAR_SEQ:mux_bus_minus_0\ {
  }
  Net: \ADC_SAR_SEQ:mux_bus_minus_1\ {
  }
  Net: \DieTemp:Net_3\ {
  }
  Net: \ADC_SAR_SEQ:muxout_plus\ {
    sarmux_vplus
  }
  Net: AMuxNet::\ADC_SAR_SEQ:cy_psoc4_sarmux_8\_CYAMUXSIDE_A {
    SARMUX0_sw19
    amuxbusb
    P0_P54
    SARMUX0_sw17
  }
  Net: \ADC_SAR_SEQ:muxout_minus\ {
    sarmux_vminus
  }
  Net: AMuxNet::\ADC_SAR_SEQ:cy_psoc4_sarmux_8\_CYAMUXSIDE_B {
  }
}
Map of item to net {
  p0_4                                             -> Net_498
  SARMUX0_temp                                     -> Net_821
  sarmux_vplus                                     -> \ADC_SAR_SEQ:muxout_plus\
  SARMUX0_sw19                                     -> AMuxNet::\ADC_SAR_SEQ:cy_psoc4_sarmux_8\_CYAMUXSIDE_A
  amuxbusb                                         -> AMuxNet::\ADC_SAR_SEQ:cy_psoc4_sarmux_8\_CYAMUXSIDE_A
  P0_P54                                           -> AMuxNet::\ADC_SAR_SEQ:cy_psoc4_sarmux_8\_CYAMUXSIDE_A
  SARMUX0_sw17                                     -> AMuxNet::\ADC_SAR_SEQ:cy_psoc4_sarmux_8\_CYAMUXSIDE_A
  sarmux_vminus                                    -> \ADC_SAR_SEQ:muxout_minus\
}
Mux Info {
  Mux: \ADC_SAR_SEQ:cy_psoc4_sarmux_8\_CYAMUXSIDE_A {
     Mouth: \ADC_SAR_SEQ:muxout_plus\
     Guts:  AMuxNet::\ADC_SAR_SEQ:cy_psoc4_sarmux_8\_CYAMUXSIDE_A
     IsSingleSwitching: False
     IsStaticSwitching: False
     IsAtMostOneSwitch: True
    Arm: 0 {
      Net:   Net_498
      Outer: SARMUX0_sw19
      Inner: __open__
      Path {
        SARMUX0_sw19
        amuxbusb
        P0_P54
        p0_4
      }
    }
    Arm: 1 {
      Net:   Net_821
      Outer: SARMUX0_sw17
      Inner: __open__
      Path {
        SARMUX0_sw17
        SARMUX0_temp
      }
    }
  }
  Mux: \ADC_SAR_SEQ:cy_psoc4_sarmux_8\_CYAMUXSIDE_B {
     Mouth: \ADC_SAR_SEQ:muxout_minus\
     Guts:  AMuxNet::\ADC_SAR_SEQ:cy_psoc4_sarmux_8\_CYAMUXSIDE_B
     IsSingleSwitching: False
     IsStaticSwitching: False
     IsAtMostOneSwitch: True
    Arm: 0 {
      Net:   \ADC_SAR_SEQ:Net_1851\
      Outer: __open__
      Inner: __open__
      Path {
      }
    }
    Arm: 1 {
      Net:   \ADC_SAR_SEQ:Net_1851\
      Outer: __open__
      Inner: __open__
      Path {
      }
    }
  }
}
Analog Code Generation phase: Elapsed time ==> 0s.094ms
</CYPRESSTAG>
<CYPRESSTAG name="Digital Placement">
<CYPRESSTAG name="Detailed placement messages">
I2659: No Constrained paths were found. The placer will run in non-timing driven mode.
I2076: Total run-time: 0.2 sec.

</CYPRESSTAG>
<CYPRESSTAG name="PLD Packing">
<CYPRESSTAG name="PLD Packing Summary" expanded>

------------------------------------------------------------
PLD Packing Summary
------------------------------------------------------------
            Resource Type : Used : Free :  Max :  % Used
    ====================================================
                     PLDs :    1 :    7 :    8 :  12.50%

<CYPRESSTAG name="PLD Statistics">

        PLD Resource Type :     Average/LAB
    =======================================
                   Inputs :            0.00
                   Pterms :            1.00
               Macrocells :            1.00
</CYPRESSTAG>
<CYPRESSTAG name="Packed PLD Contents">
Packed PLD Contents not displayed at this verbose level.</CYPRESSTAG>
</CYPRESSTAG>
PLD Packing: Elapsed time ==> 0s.000ms
</CYPRESSTAG>
<CYPRESSTAG name="Partitioning">
<CYPRESSTAG name="Initial Partitioning Summary">
Initial Partitioning Summary not displayed at this verbose level.</CYPRESSTAG>
<CYPRESSTAG name="Final Partitioning Summary">
Final Partitioning Summary not displayed at this verbose level.</CYPRESSTAG>
Partitioning: Elapsed time ==> 0s.015ms
</CYPRESSTAG>
<CYPRESSTAG name="Simulated Annealing">
Annealing: Elapsed time ==> 0s.000ms
<CYPRESSTAG name="Simulated Annealing Results">
The seed used for moves was 114161200.
Inital cost was 32, final cost is 32 (0.00% improvement).</CYPRESSTAG>
</CYPRESSTAG>
<CYPRESSTAG name="Final Placement Summary">

------------------------------------------------------------
Final Placement Summary
------------------------------------------------------------

       Resource Type :      Count : Avg Inputs : Avg Outputs
    ========================================================
                 UDB :          1 :       0.00 :       1.00
<CYPRESSTAG name="Final Placement Details">
<CYPRESSTAG name="Component Details">

------------------------------------------------------------
Component Placement Details
------------------------------------------------------------
UDB [UDB=(0,0)] is empty.
UDB [UDB=(0,1)] contents:
LAB@[UDB=(0,1)][LB=0] #macrocells=1, #inputs=0, #pterms=1
{
    [McSlotId=0]:     MacroCell: Name=__ONE__, Mode=(Combinatorial) @ [UDB=(0,1)][LB=0][MC=0]
        Total # of inputs        : 0
        Total # of product terms : 1
            Clock Enable: True
        Main Equation            : 1 pterm
        (
            1
        );
        Output = __ONE__ (fanout=1)
        Properties               : 
        {
        }

    [McSlotId=1]: (empty)
    [McSlotId=2]: (empty)
    [McSlotId=3]: (empty)
}

UDB [UDB=(1,0)] is empty.
UDB [UDB=(1,1)] is empty.
Intr container @ [IntrContainer=(0)]: 
  Intr@ [IntrContainer=(0)][IntrId=(14)] 
    interrupt: Name =\ADC_SAR_SEQ:IRQ\
        PORT MAP (
            interrupt => \ADC_SAR_SEQ:Net_3112\ );
        Properties:
        {
            int_type = "10"
        }
  Intr@ [IntrContainer=(0)][IntrId=(16)] 
    interrupt: Name =ISR_TIMER
        PORT MAP (
            interrupt => Net_998 );
        Properties:
        {
            int_type = "10"
        }
Port 0 contains the following IO cells:
[IoId=2]: 
Pin : Name = Pin_LED(0)
    Attributes:
        In Group/Port: True
        In Sync Option: AUTO
        Out Sync Option: NOSYNC
        Interrupt generated: False
        Interrupt mode: NONE
        Drive mode: CMOS_OUT
        VTrip: EITHER
        Slew: FAST
        Input Sync needed: False
        Output Sync needed: False
        SC shield enabled: False
        POR State: ANY
        LCD Mode: COMMON
        Register Mode: RegComb
        CaSense Mode: NEITHER
        Treat as pin: True
        Is OE Registered: False
        Uses Analog: False
        Can contain Digital: True
        Is SIO: False
        SIO Output Buf: NONREGULATED
        SIO Input Buf: SINGLE_ENDED
        SIO HiFreq: LOW
        SIO Hyst: DISABLED
        SIO Vtrip: MULTIPLIER_0_5
        SIO Multiplier Index: 0
        SIO RefSel: VCC_IO
        Required Capabilitites: DIGITAL
        Initial Value: 1
        IO Voltage: 0
    PORT MAP (
        pa_out => Pin_LED(0)__PA ,
        input => Net_1002 ,
        pad => Pin_LED(0)_PAD );
    Properties:
    {
        port_location = "PORT(0,2)"
    }

[IoId=4]: 
Pin : Name = Pin_Vin(0)
    Attributes:
        In Group/Port: True
        In Sync Option: AUTO
        Out Sync Option: AUTO
        Interrupt generated: False
        Interrupt mode: NONE
        Drive mode: HI_Z_ANALOG
        VTrip: EITHER
        Slew: FAST
        Input Sync needed: False
        Output Sync needed: False
        SC shield enabled: False
        POR State: ANY
        LCD Mode: COMMON
        Register Mode: RegComb
        CaSense Mode: NEITHER
        Treat as pin: True
        Is OE Registered: False
        Uses Analog: True
        Can contain Digital: False
        Is SIO: False
        SIO Output Buf: NONREGULATED
        SIO Input Buf: SINGLE_ENDED
        SIO HiFreq: LOW
        SIO Hyst: DISABLED
        SIO Vtrip: MULTIPLIER_0_5
        SIO Multiplier Index: 0
        SIO RefSel: VCC_IO
        Required Capabilitites: ANALOG
        Initial Value: 1
        IO Voltage: 0
    PORT MAP (
        pa_out => Pin_Vin(0)__PA ,
        analog_term => Net_498 ,
        pad => Pin_Vin(0)_PAD ,
        input => __ONE__ );
    Properties:
    {
        port_location = "PORT(0,4)"
    }

[IoId=5]: 
Pin : Name = \UART:tx(0)\
    Attributes:
        In Group/Port: True
        In Sync Option: AUTO
        Out Sync Option: NOSYNC
        Interrupt generated: False
        Interrupt mode: NONE
        Drive mode: CMOS_OUT
        VTrip: EITHER
        Slew: FAST
        Input Sync needed: False
        Output Sync needed: False
        SC shield enabled: False
        POR State: ANY
        LCD Mode: COMMON
        Register Mode: RegComb
        CaSense Mode: NEITHER
        Treat as pin: True
        Is OE Registered: False
        Uses Analog: False
        Can contain Digital: True
        Is SIO: False
        SIO Output Buf: NONREGULATED
        SIO Input Buf: SINGLE_ENDED
        SIO HiFreq: LOW
        SIO Hyst: DISABLED
        SIO Vtrip: MULTIPLIER_0_5
        SIO Multiplier Index: 0
        SIO RefSel: VCC_IO
        Required Capabilitites: DIGITAL
        Initial Value: 1
        IO Voltage: 0
    PORT MAP (
        pa_out => \UART:tx(0)\__PA ,
        pad => \UART:tx(0)_PAD\ );
    Properties:
    {
        port_location = "PORT(0,5)"
    }

Port 1 is empty
Port 2 is empty
Port 3 is empty
Port 4 is empty
Clock group 0: 
    M0S8 Clock Block @ F(Clock,0): 
    m0s8clockblockcell: Name =ClockBlock
        PORT MAP (
            hfclk => ClockBlock_HFCLK ,
            imo => ClockBlock_IMO ,
            ext => ClockBlock_EXTCLK ,
            sysclk => ClockBlock_SYSCLK ,
            ilo => ClockBlock_ILO ,
            lfclk => ClockBlock_LFCLK ,
            dsi_in_0 => ClockBlock_Routed1 ,
            ff_div_7 => \ADC_SAR_SEQ:Net_1845_ff7\ ,
            ff_div_8 => Net_1004_ff8 );
        Properties:
        {
        }
PM group 0: empty
SPC group 0: empty
WDT group 0: empty
FSS group 0: empty
LP Comparator group 0: empty
Serial Communication (SCB) group 0: empty
CapSense group 0: empty
8-bit IDAC group 0: empty
7-bit IDAC group 0: empty
Timer/Counter/PWM group 0: 
    Tcpwm Block @ F(TCPWM,0): 
    m0s8tcpwmcell: Name =\PWM:cy_m0s8_tcpwm_1\
        PORT MAP (
            clock => Net_1004_ff8 ,
            capture => zero ,
            count => tmpOE__Pin_Vin_net_0 ,
            reload => zero ,
            stop => zero ,
            start => zero ,
            tr_underflow => Net_1000 ,
            tr_overflow => Net_999 ,
            tr_compare_match => Net_1001 ,
            line_out => Net_1002 ,
            line_out_compl => Net_1003 ,
            interrupt => Net_998 );
        Properties:
        {
            cy_registers = ""
        }
Comparator/Opamp group 0: empty
Die Temp group 0: 
    PSoC4 Die Temp @ F(TEMP,0): 
    p4tempcell: Name =\DieTemp:cy_psoc4_temp\
        PORT MAP (
            temp => Net_821 ,
            vssa_kelvin => \DieTemp:Net_3\ );
        Properties:
        {
            cy_registers = ""
        }
SAR ADC group 0: 
    PSoC4 SAR ADC @ F(SARADC,0): 
    p4sarcell: Name =\ADC_SAR_SEQ:cy_psoc4_sar\
        PORT MAP (
            vplus => \ADC_SAR_SEQ:muxout_plus\ ,
            vminus => \ADC_SAR_SEQ:muxout_minus\ ,
            vref => \ADC_SAR_SEQ:Net_3113\ ,
            ext_vref => \ADC_SAR_SEQ:Net_3225\ ,
            clock => \ADC_SAR_SEQ:Net_1845_ff7\ ,
            sample_done => Net_989 ,
            chan_id_valid => \ADC_SAR_SEQ:Net_3108\ ,
            chan_id_3 => \ADC_SAR_SEQ:Net_3109_3\ ,
            chan_id_2 => \ADC_SAR_SEQ:Net_3109_2\ ,
            chan_id_1 => \ADC_SAR_SEQ:Net_3109_1\ ,
            chan_id_0 => \ADC_SAR_SEQ:Net_3109_0\ ,
            data_valid => \ADC_SAR_SEQ:Net_3110\ ,
            data_11 => \ADC_SAR_SEQ:Net_3111_11\ ,
            data_10 => \ADC_SAR_SEQ:Net_3111_10\ ,
            data_9 => \ADC_SAR_SEQ:Net_3111_9\ ,
            data_8 => \ADC_SAR_SEQ:Net_3111_8\ ,
            data_7 => \ADC_SAR_SEQ:Net_3111_7\ ,
            data_6 => \ADC_SAR_SEQ:Net_3111_6\ ,
            data_5 => \ADC_SAR_SEQ:Net_3111_5\ ,
            data_4 => \ADC_SAR_SEQ:Net_3111_4\ ,
            data_3 => \ADC_SAR_SEQ:Net_3111_3\ ,
            data_2 => \ADC_SAR_SEQ:Net_3111_2\ ,
            data_1 => \ADC_SAR_SEQ:Net_3111_1\ ,
            data_0 => \ADC_SAR_SEQ:Net_3111_0\ ,
            eos_intr => Net_990 ,
            irq => \ADC_SAR_SEQ:Net_3112\ );
        Properties:
        {
            cy_registers = ""
        }
Segment LCD group 0: empty
CLK_GEN group 0: 
    M0S8 Clock Gen Block @ F(CLK_GEN,0): 
    m0s8clockgenblockcell: Name =ClockGenBlock
        PORT MAP (
             );
        Properties:
        {
        }
LPCOMPBLOCK group 0: empty
PASSBLOCK group 0: empty
ANAPUMP group 0: empty

Blocks not positioned by the digital component placer:
    PSoC4 SAR Muxes @ <No Location>: 
    p4sarmuxcell: Name =\ADC_SAR_SEQ:cy_psoc4_sarmux_8\
        PORT MAP (
            muxin_plus_1 => Net_821 ,
            muxin_plus_0 => Net_498 ,
            muxin_minus_1 => \ADC_SAR_SEQ:mux_bus_minus_1\ ,
            muxin_minus_0 => \ADC_SAR_SEQ:mux_bus_minus_0\ ,
            cmn_neg => \ADC_SAR_SEQ:Net_1851\ ,
            vout_plus => \ADC_SAR_SEQ:muxout_plus\ ,
            vout_minus => \ADC_SAR_SEQ:muxout_minus\ );
        Properties:
        {
            cy_registers = ""
            input_mode = "00"
            muxin_width = 2
        }
</CYPRESSTAG>
<CYPRESSTAG name="Port Configuration Details">

------------------------------------------------------------
Port Configuration report
------------------------------------------------------------
     |     |       | Interrupt |                  |              | 
Port | Pin | Fixed |      Type |       Drive Mode |         Name | Connections
-----+-----+-------+-----------+------------------+--------------+-----------------------------
   0 |   2 |     * |      NONE |         CMOS_OUT |   Pin_LED(0) | In(Net_1002)
     |   4 |     * |      NONE |      HI_Z_ANALOG |   Pin_Vin(0) | In(__ONE__), Analog(Net_498)
     |   5 |     * |      NONE |         CMOS_OUT | \UART:tx(0)\ | 
-----------------------------------------------------------------------------------------------
</CYPRESSTAG>
</CYPRESSTAG>
</CYPRESSTAG>
Digital component placer commit/Report: Elapsed time ==> 0s.000ms
Digital Placement phase: Elapsed time ==> 0s.358ms
</CYPRESSTAG>
<CYPRESSTAG name="Digital Routing">
Routing successful.
Digital Routing phase: Elapsed time ==> 0s.390ms
</CYPRESSTAG>
<CYPRESSTAG name="Bitstream and API generation">
Bitstream and API generation phase: Elapsed time ==> 0s.296ms
</CYPRESSTAG>
<CYPRESSTAG name="Bitstream verification">
Bitstream verification phase: Elapsed time ==> 0s.032ms
</CYPRESSTAG>
<CYPRESSTAG name="Static timing analysis">
Timing report is in ADC_SAR_Seq_DieTemp_PSoC401_timing.html.
Static timing analysis phase: Elapsed time ==> 0s.139ms
</CYPRESSTAG>
<CYPRESSTAG name="Data reporting">
Data reporting phase: Elapsed time ==> 0s.000ms
</CYPRESSTAG>
<CYPRESSTAG name="Database update...">
Design database save phase: Elapsed time ==> 0s.139ms
</CYPRESSTAG>
cydsfit: Elapsed time ==> 1s.906ms
</CYPRESSTAG>
Fitter phase: Elapsed time ==> 1s.953ms
API generation phase: Elapsed time ==> 0s.719ms
Dependency generation phase: Elapsed time ==> 0s.014ms
Cleanup phase: Elapsed time ==> 0s.015ms
