ARM GAS  C:\Users\ELISHA~1\AppData\Local\Temp\ccJL2BSp.s 			page 1


   1              		.cpu cortex-m0
   2              		.fpu softvfp
   3              		.eabi_attribute 20, 1
   4              		.eabi_attribute 21, 1
   5              		.eabi_attribute 23, 3
   6              		.eabi_attribute 24, 1
   7              		.eabi_attribute 25, 1
   8              		.eabi_attribute 26, 1
   9              		.eabi_attribute 30, 6
  10              		.eabi_attribute 34, 0
  11              		.eabi_attribute 18, 4
  12              		.code	16
  13              		.file	"cyfitter_cfg.c"
  14              		.text
  15              	.Ltext0:
  16              		.cfi_sections	.debug_frame
  17              		.section	.text.CYMEMZERO,"ax",%progbits
  18              		.align	2
  19              		.code	16
  20              		.thumb_func
  21              		.type	CYMEMZERO, %function
  22              	CYMEMZERO:
  23              	.LFB0:
  24              		.file 1 ".\\Generated_Source\\PSoC4\\cyfitter_cfg.c"
   1:.\Generated_Source\PSoC4/cyfitter_cfg.c **** /*******************************************************************************
   2:.\Generated_Source\PSoC4/cyfitter_cfg.c **** * File Name: cyfitter_cfg.c
   3:.\Generated_Source\PSoC4/cyfitter_cfg.c **** * 
   4:.\Generated_Source\PSoC4/cyfitter_cfg.c **** * PSoC Creator  3.3 CP1
   5:.\Generated_Source\PSoC4/cyfitter_cfg.c **** *
   6:.\Generated_Source\PSoC4/cyfitter_cfg.c **** * Description:
   7:.\Generated_Source\PSoC4/cyfitter_cfg.c **** * This file contains device initialization code.
   8:.\Generated_Source\PSoC4/cyfitter_cfg.c **** * Except for the user defined sections in CyClockStartupError(), this file should not be modified.
   9:.\Generated_Source\PSoC4/cyfitter_cfg.c **** * This file is automatically generated by PSoC Creator.
  10:.\Generated_Source\PSoC4/cyfitter_cfg.c **** *
  11:.\Generated_Source\PSoC4/cyfitter_cfg.c **** ********************************************************************************
  12:.\Generated_Source\PSoC4/cyfitter_cfg.c **** * Copyright (c) 2007-2015 Cypress Semiconductor.  All rights reserved.
  13:.\Generated_Source\PSoC4/cyfitter_cfg.c **** * You may use this file only in accordance with the license, terms, conditions, 
  14:.\Generated_Source\PSoC4/cyfitter_cfg.c **** * disclaimers, and limitations in the end user license agreement accompanying 
  15:.\Generated_Source\PSoC4/cyfitter_cfg.c **** * the software package with which this file was provided.
  16:.\Generated_Source\PSoC4/cyfitter_cfg.c **** ********************************************************************************/
  17:.\Generated_Source\PSoC4/cyfitter_cfg.c **** 
  18:.\Generated_Source\PSoC4/cyfitter_cfg.c **** #include <string.h>
  19:.\Generated_Source\PSoC4/cyfitter_cfg.c **** #include "cytypes.h"
  20:.\Generated_Source\PSoC4/cyfitter_cfg.c **** #include "cydevice_trm.h"
  21:.\Generated_Source\PSoC4/cyfitter_cfg.c **** #include "cyfitter.h"
  22:.\Generated_Source\PSoC4/cyfitter_cfg.c **** #include "CyLib.h"
  23:.\Generated_Source\PSoC4/cyfitter_cfg.c **** #include "cyfitter_cfg.h"
  24:.\Generated_Source\PSoC4/cyfitter_cfg.c **** 
  25:.\Generated_Source\PSoC4/cyfitter_cfg.c **** 
  26:.\Generated_Source\PSoC4/cyfitter_cfg.c **** #if defined(__GNUC__) || defined(__ARMCC_VERSION)
  27:.\Generated_Source\PSoC4/cyfitter_cfg.c ****     #define CYPACKED 
  28:.\Generated_Source\PSoC4/cyfitter_cfg.c ****     #define CYPACKED_ATTR __attribute__ ((packed))
  29:.\Generated_Source\PSoC4/cyfitter_cfg.c ****     #define CYALIGNED __attribute__ ((aligned))
  30:.\Generated_Source\PSoC4/cyfitter_cfg.c ****     #define CY_CFG_UNUSED __attribute__ ((unused))
  31:.\Generated_Source\PSoC4/cyfitter_cfg.c ****     #define CY_CFG_SECTION __attribute__ ((section(".psocinit")))
  32:.\Generated_Source\PSoC4/cyfitter_cfg.c ****     
  33:.\Generated_Source\PSoC4/cyfitter_cfg.c ****     #if defined(__ARMCC_VERSION)
ARM GAS  C:\Users\ELISHA~1\AppData\Local\Temp\ccJL2BSp.s 			page 2


  34:.\Generated_Source\PSoC4/cyfitter_cfg.c ****         #define CY_CFG_MEMORY_BARRIER() __memory_changed()
  35:.\Generated_Source\PSoC4/cyfitter_cfg.c ****     #else
  36:.\Generated_Source\PSoC4/cyfitter_cfg.c ****         #define CY_CFG_MEMORY_BARRIER() __sync_synchronize()
  37:.\Generated_Source\PSoC4/cyfitter_cfg.c ****     #endif
  38:.\Generated_Source\PSoC4/cyfitter_cfg.c ****     
  39:.\Generated_Source\PSoC4/cyfitter_cfg.c **** #elif defined(__ICCARM__)
  40:.\Generated_Source\PSoC4/cyfitter_cfg.c ****     #include <intrinsics.h>
  41:.\Generated_Source\PSoC4/cyfitter_cfg.c **** 
  42:.\Generated_Source\PSoC4/cyfitter_cfg.c ****     #define CYPACKED __packed
  43:.\Generated_Source\PSoC4/cyfitter_cfg.c ****     #define CYPACKED_ATTR 
  44:.\Generated_Source\PSoC4/cyfitter_cfg.c ****     #define CYALIGNED _Pragma("data_alignment=4")
  45:.\Generated_Source\PSoC4/cyfitter_cfg.c ****     #define CY_CFG_UNUSED _Pragma("diag_suppress=Pe177")
  46:.\Generated_Source\PSoC4/cyfitter_cfg.c ****     #define CY_CFG_SECTION _Pragma("location=\".psocinit\"")
  47:.\Generated_Source\PSoC4/cyfitter_cfg.c ****     
  48:.\Generated_Source\PSoC4/cyfitter_cfg.c ****     #define CY_CFG_MEMORY_BARRIER() __DMB()
  49:.\Generated_Source\PSoC4/cyfitter_cfg.c ****     
  50:.\Generated_Source\PSoC4/cyfitter_cfg.c **** #else
  51:.\Generated_Source\PSoC4/cyfitter_cfg.c ****     #error Unsupported toolchain
  52:.\Generated_Source\PSoC4/cyfitter_cfg.c **** #endif
  53:.\Generated_Source\PSoC4/cyfitter_cfg.c **** 
  54:.\Generated_Source\PSoC4/cyfitter_cfg.c **** 
  55:.\Generated_Source\PSoC4/cyfitter_cfg.c **** CY_CFG_UNUSED
  56:.\Generated_Source\PSoC4/cyfitter_cfg.c **** static void CYMEMZERO(void *s, size_t n);
  57:.\Generated_Source\PSoC4/cyfitter_cfg.c **** CY_CFG_UNUSED
  58:.\Generated_Source\PSoC4/cyfitter_cfg.c **** static void CYMEMZERO(void *s, size_t n)
  59:.\Generated_Source\PSoC4/cyfitter_cfg.c **** {
  25              		.loc 1 59 0
  26              		.cfi_startproc
  27 0000 80B5     		push	{r7, lr}
  28              		.cfi_def_cfa_offset 8
  29              		.cfi_offset 7, -8
  30              		.cfi_offset 14, -4
  31 0002 82B0     		sub	sp, sp, #8
  32              		.cfi_def_cfa_offset 16
  33 0004 00AF     		add	r7, sp, #0
  34              		.cfi_def_cfa_register 7
  35 0006 7860     		str	r0, [r7, #4]
  36 0008 3960     		str	r1, [r7]
  60:.\Generated_Source\PSoC4/cyfitter_cfg.c **** 	(void)memset(s, 0, n);
  37              		.loc 1 60 0
  38 000a 7A68     		ldr	r2, [r7, #4]
  39 000c 3B68     		ldr	r3, [r7]
  40 000e 101C     		mov	r0, r2
  41 0010 0021     		mov	r1, #0
  42 0012 1A1C     		mov	r2, r3
  43 0014 FFF7FEFF 		bl	memset
  61:.\Generated_Source\PSoC4/cyfitter_cfg.c **** }
  44              		.loc 1 61 0
  45 0018 BD46     		mov	sp, r7
  46 001a 02B0     		add	sp, sp, #8
  47              		@ sp needed
  48 001c 80BD     		pop	{r7, pc}
  49              		.cfi_endproc
  50              	.LFE0:
  51              		.size	CYMEMZERO, .-CYMEMZERO
  52 001e C046     		.section	.text.CYCONFIGCPY,"ax",%progbits
  53              		.align	2
ARM GAS  C:\Users\ELISHA~1\AppData\Local\Temp\ccJL2BSp.s 			page 3


  54              		.code	16
  55              		.thumb_func
  56              		.type	CYCONFIGCPY, %function
  57              	CYCONFIGCPY:
  58              	.LFB1:
  62:.\Generated_Source\PSoC4/cyfitter_cfg.c **** CY_CFG_UNUSED
  63:.\Generated_Source\PSoC4/cyfitter_cfg.c **** static void CYCONFIGCPY(void *dest, const void *src, size_t n);
  64:.\Generated_Source\PSoC4/cyfitter_cfg.c **** CY_CFG_UNUSED
  65:.\Generated_Source\PSoC4/cyfitter_cfg.c **** static void CYCONFIGCPY(void *dest, const void *src, size_t n)
  66:.\Generated_Source\PSoC4/cyfitter_cfg.c **** {
  59              		.loc 1 66 0
  60              		.cfi_startproc
  61 0000 80B5     		push	{r7, lr}
  62              		.cfi_def_cfa_offset 8
  63              		.cfi_offset 7, -8
  64              		.cfi_offset 14, -4
  65 0002 84B0     		sub	sp, sp, #16
  66              		.cfi_def_cfa_offset 24
  67 0004 00AF     		add	r7, sp, #0
  68              		.cfi_def_cfa_register 7
  69 0006 F860     		str	r0, [r7, #12]
  70 0008 B960     		str	r1, [r7, #8]
  71 000a 7A60     		str	r2, [r7, #4]
  67:.\Generated_Source\PSoC4/cyfitter_cfg.c **** 	(void)memcpy(dest, src, n);
  72              		.loc 1 67 0
  73 000c F968     		ldr	r1, [r7, #12]
  74 000e BA68     		ldr	r2, [r7, #8]
  75 0010 7B68     		ldr	r3, [r7, #4]
  76 0012 081C     		mov	r0, r1
  77 0014 111C     		mov	r1, r2
  78 0016 1A1C     		mov	r2, r3
  79 0018 FFF7FEFF 		bl	memcpy
  68:.\Generated_Source\PSoC4/cyfitter_cfg.c **** }
  80              		.loc 1 68 0
  81 001c BD46     		mov	sp, r7
  82 001e 04B0     		add	sp, sp, #16
  83              		@ sp needed
  84 0020 80BD     		pop	{r7, pc}
  85              		.cfi_endproc
  86              	.LFE1:
  87              		.size	CYCONFIGCPY, .-CYCONFIGCPY
  88 0022 C046     		.section	.text.CYCONFIGCPYCODE,"ax",%progbits
  89              		.align	2
  90              		.code	16
  91              		.thumb_func
  92              		.type	CYCONFIGCPYCODE, %function
  93              	CYCONFIGCPYCODE:
  94              	.LFB2:
  69:.\Generated_Source\PSoC4/cyfitter_cfg.c **** CY_CFG_UNUSED
  70:.\Generated_Source\PSoC4/cyfitter_cfg.c **** static void CYCONFIGCPYCODE(void *dest, const void *src, size_t n);
  71:.\Generated_Source\PSoC4/cyfitter_cfg.c **** CY_CFG_UNUSED
  72:.\Generated_Source\PSoC4/cyfitter_cfg.c **** static void CYCONFIGCPYCODE(void *dest, const void *src, size_t n)
  73:.\Generated_Source\PSoC4/cyfitter_cfg.c **** {
  95              		.loc 1 73 0
  96              		.cfi_startproc
  97 0000 80B5     		push	{r7, lr}
  98              		.cfi_def_cfa_offset 8
ARM GAS  C:\Users\ELISHA~1\AppData\Local\Temp\ccJL2BSp.s 			page 4


  99              		.cfi_offset 7, -8
 100              		.cfi_offset 14, -4
 101 0002 84B0     		sub	sp, sp, #16
 102              		.cfi_def_cfa_offset 24
 103 0004 00AF     		add	r7, sp, #0
 104              		.cfi_def_cfa_register 7
 105 0006 F860     		str	r0, [r7, #12]
 106 0008 B960     		str	r1, [r7, #8]
 107 000a 7A60     		str	r2, [r7, #4]
  74:.\Generated_Source\PSoC4/cyfitter_cfg.c **** 	(void)memcpy(dest, src, n);
 108              		.loc 1 74 0
 109 000c F968     		ldr	r1, [r7, #12]
 110 000e BA68     		ldr	r2, [r7, #8]
 111 0010 7B68     		ldr	r3, [r7, #4]
 112 0012 081C     		mov	r0, r1
 113 0014 111C     		mov	r1, r2
 114 0016 1A1C     		mov	r2, r3
 115 0018 FFF7FEFF 		bl	memcpy
  75:.\Generated_Source\PSoC4/cyfitter_cfg.c **** }
 116              		.loc 1 75 0
 117 001c BD46     		mov	sp, r7
 118 001e 04B0     		add	sp, sp, #16
 119              		@ sp needed
 120 0020 80BD     		pop	{r7, pc}
 121              		.cfi_endproc
 122              	.LFE2:
 123              		.size	CYCONFIGCPYCODE, .-CYCONFIGCPYCODE
 124 0022 C046     		.section	.text.cfg_write_bytes32,"ax",%progbits
 125              		.align	2
 126              		.code	16
 127              		.thumb_func
 128              		.type	cfg_write_bytes32, %function
 129              	cfg_write_bytes32:
 130              	.LFB3:
  76:.\Generated_Source\PSoC4/cyfitter_cfg.c **** 
  77:.\Generated_Source\PSoC4/cyfitter_cfg.c **** 
  78:.\Generated_Source\PSoC4/cyfitter_cfg.c **** 
  79:.\Generated_Source\PSoC4/cyfitter_cfg.c **** /* Clock startup error codes                                                   */
  80:.\Generated_Source\PSoC4/cyfitter_cfg.c **** #define CYCLOCKSTART_NO_ERROR    0u
  81:.\Generated_Source\PSoC4/cyfitter_cfg.c **** #define CYCLOCKSTART_XTAL_ERROR  1u
  82:.\Generated_Source\PSoC4/cyfitter_cfg.c **** #define CYCLOCKSTART_32KHZ_ERROR 2u
  83:.\Generated_Source\PSoC4/cyfitter_cfg.c **** #define CYCLOCKSTART_PLL_ERROR   3u
  84:.\Generated_Source\PSoC4/cyfitter_cfg.c **** 
  85:.\Generated_Source\PSoC4/cyfitter_cfg.c **** #ifdef CY_NEED_CYCLOCKSTARTUPERROR
  86:.\Generated_Source\PSoC4/cyfitter_cfg.c **** /*******************************************************************************
  87:.\Generated_Source\PSoC4/cyfitter_cfg.c **** * Function Name: CyClockStartupError
  88:.\Generated_Source\PSoC4/cyfitter_cfg.c **** ********************************************************************************
  89:.\Generated_Source\PSoC4/cyfitter_cfg.c **** * Summary:
  90:.\Generated_Source\PSoC4/cyfitter_cfg.c **** *  If an error is encountered during clock configuration (crystal startup error,
  91:.\Generated_Source\PSoC4/cyfitter_cfg.c **** *  PLL lock error, etc.), the system will end up here.  Unless reimplemented by
  92:.\Generated_Source\PSoC4/cyfitter_cfg.c **** *  the customer, this function will stop in an infinite loop.
  93:.\Generated_Source\PSoC4/cyfitter_cfg.c **** *
  94:.\Generated_Source\PSoC4/cyfitter_cfg.c **** * Parameters:
  95:.\Generated_Source\PSoC4/cyfitter_cfg.c **** *   void
  96:.\Generated_Source\PSoC4/cyfitter_cfg.c **** *
  97:.\Generated_Source\PSoC4/cyfitter_cfg.c **** * Return:
  98:.\Generated_Source\PSoC4/cyfitter_cfg.c **** *   void
ARM GAS  C:\Users\ELISHA~1\AppData\Local\Temp\ccJL2BSp.s 			page 5


  99:.\Generated_Source\PSoC4/cyfitter_cfg.c **** *
 100:.\Generated_Source\PSoC4/cyfitter_cfg.c **** *******************************************************************************/
 101:.\Generated_Source\PSoC4/cyfitter_cfg.c **** CY_CFG_UNUSED
 102:.\Generated_Source\PSoC4/cyfitter_cfg.c **** static void CyClockStartupError(uint8 errorCode);
 103:.\Generated_Source\PSoC4/cyfitter_cfg.c **** CY_CFG_UNUSED
 104:.\Generated_Source\PSoC4/cyfitter_cfg.c **** static void CyClockStartupError(uint8 errorCode)
 105:.\Generated_Source\PSoC4/cyfitter_cfg.c **** {
 106:.\Generated_Source\PSoC4/cyfitter_cfg.c ****     /* To remove the compiler warning if errorCode not used.                */
 107:.\Generated_Source\PSoC4/cyfitter_cfg.c ****     errorCode = errorCode;
 108:.\Generated_Source\PSoC4/cyfitter_cfg.c **** 
 109:.\Generated_Source\PSoC4/cyfitter_cfg.c ****     /* `#START CyClockStartupError` */
 110:.\Generated_Source\PSoC4/cyfitter_cfg.c **** 
 111:.\Generated_Source\PSoC4/cyfitter_cfg.c ****     /* If we have a clock startup error (bad MHz crystal, PLL lock, etc.),  */
 112:.\Generated_Source\PSoC4/cyfitter_cfg.c ****     /* we will end up here to allow the customer to implement something to  */
 113:.\Generated_Source\PSoC4/cyfitter_cfg.c ****     /* deal with the clock condition.                                       */
 114:.\Generated_Source\PSoC4/cyfitter_cfg.c **** 
 115:.\Generated_Source\PSoC4/cyfitter_cfg.c ****     /* `#END` */
 116:.\Generated_Source\PSoC4/cyfitter_cfg.c **** 
 117:.\Generated_Source\PSoC4/cyfitter_cfg.c ****     /* If nothing else, stop here since the clocks have not started         */
 118:.\Generated_Source\PSoC4/cyfitter_cfg.c ****     /* correctly.                                                           */
 119:.\Generated_Source\PSoC4/cyfitter_cfg.c ****     while(1) {}
 120:.\Generated_Source\PSoC4/cyfitter_cfg.c **** }
 121:.\Generated_Source\PSoC4/cyfitter_cfg.c **** #endif
 122:.\Generated_Source\PSoC4/cyfitter_cfg.c **** 
 123:.\Generated_Source\PSoC4/cyfitter_cfg.c **** #define CY_CFG_BASE_ADDR_COUNT 6u
 124:.\Generated_Source\PSoC4/cyfitter_cfg.c **** CYPACKED typedef struct
 125:.\Generated_Source\PSoC4/cyfitter_cfg.c **** {
 126:.\Generated_Source\PSoC4/cyfitter_cfg.c **** 	uint8 offset;
 127:.\Generated_Source\PSoC4/cyfitter_cfg.c **** 	uint8 value;
 128:.\Generated_Source\PSoC4/cyfitter_cfg.c **** } CYPACKED_ATTR cy_cfg_addrvalue_t;
 129:.\Generated_Source\PSoC4/cyfitter_cfg.c **** 
 130:.\Generated_Source\PSoC4/cyfitter_cfg.c **** 
 131:.\Generated_Source\PSoC4/cyfitter_cfg.c **** 
 132:.\Generated_Source\PSoC4/cyfitter_cfg.c **** /*******************************************************************************
 133:.\Generated_Source\PSoC4/cyfitter_cfg.c **** * Function Name: cfg_write_bytes32
 134:.\Generated_Source\PSoC4/cyfitter_cfg.c **** ********************************************************************************
 135:.\Generated_Source\PSoC4/cyfitter_cfg.c **** * Summary:
 136:.\Generated_Source\PSoC4/cyfitter_cfg.c **** *  This function is used for setting up the chip configuration areas that
 137:.\Generated_Source\PSoC4/cyfitter_cfg.c **** *  contain relatively sparse data.
 138:.\Generated_Source\PSoC4/cyfitter_cfg.c **** *
 139:.\Generated_Source\PSoC4/cyfitter_cfg.c **** * Parameters:
 140:.\Generated_Source\PSoC4/cyfitter_cfg.c **** *   void
 141:.\Generated_Source\PSoC4/cyfitter_cfg.c **** *
 142:.\Generated_Source\PSoC4/cyfitter_cfg.c **** * Return:
 143:.\Generated_Source\PSoC4/cyfitter_cfg.c **** *   void
 144:.\Generated_Source\PSoC4/cyfitter_cfg.c **** *
 145:.\Generated_Source\PSoC4/cyfitter_cfg.c **** *******************************************************************************/
 146:.\Generated_Source\PSoC4/cyfitter_cfg.c **** static void cfg_write_bytes32(const uint32 addr_table[], const cy_cfg_addrvalue_t data_table[]);
 147:.\Generated_Source\PSoC4/cyfitter_cfg.c **** static void cfg_write_bytes32(const uint32 addr_table[], const cy_cfg_addrvalue_t data_table[])
 148:.\Generated_Source\PSoC4/cyfitter_cfg.c **** {
 131              		.loc 1 148 0
 132              		.cfi_startproc
 133 0000 80B5     		push	{r7, lr}
 134              		.cfi_def_cfa_offset 8
 135              		.cfi_offset 7, -8
 136              		.cfi_offset 14, -4
 137 0002 86B0     		sub	sp, sp, #24
ARM GAS  C:\Users\ELISHA~1\AppData\Local\Temp\ccJL2BSp.s 			page 6


 138              		.cfi_def_cfa_offset 32
 139 0004 00AF     		add	r7, sp, #0
 140              		.cfi_def_cfa_register 7
 141 0006 7860     		str	r0, [r7, #4]
 142 0008 3960     		str	r1, [r7]
 149:.\Generated_Source\PSoC4/cyfitter_cfg.c **** 	/* For 32-bit little-endian architectures */
 150:.\Generated_Source\PSoC4/cyfitter_cfg.c **** 	uint32 i, j = 0u;
 143              		.loc 1 150 0
 144 000a 0023     		mov	r3, #0
 145 000c 3B61     		str	r3, [r7, #16]
 151:.\Generated_Source\PSoC4/cyfitter_cfg.c **** 	for (i = 0u; i < CY_CFG_BASE_ADDR_COUNT; i++)
 146              		.loc 1 151 0
 147 000e 0023     		mov	r3, #0
 148 0010 7B61     		str	r3, [r7, #20]
 149 0012 2FE0     		b	.L5
 150              	.L8:
 151              	.LBB2:
 152:.\Generated_Source\PSoC4/cyfitter_cfg.c **** 	{
 153:.\Generated_Source\PSoC4/cyfitter_cfg.c **** 		uint32 baseAddr = addr_table[i];
 152              		.loc 1 153 0
 153 0014 7B69     		ldr	r3, [r7, #20]
 154 0016 9B00     		lsl	r3, r3, #2
 155 0018 7A68     		ldr	r2, [r7, #4]
 156 001a D318     		add	r3, r2, r3
 157 001c 1B68     		ldr	r3, [r3]
 158 001e BB60     		str	r3, [r7, #8]
 154:.\Generated_Source\PSoC4/cyfitter_cfg.c **** 		uint8 count = (uint8)baseAddr;
 159              		.loc 1 154 0
 160 0020 0F23     		mov	r3, #15
 161 0022 FB18     		add	r3, r7, r3
 162 0024 BA68     		ldr	r2, [r7, #8]
 163 0026 1A70     		strb	r2, [r3]
 155:.\Generated_Source\PSoC4/cyfitter_cfg.c **** 		baseAddr &= 0xFFFFFF00u;
 164              		.loc 1 155 0
 165 0028 BB68     		ldr	r3, [r7, #8]
 166 002a FF22     		mov	r2, #255
 167 002c 9343     		bic	r3, r2
 168 002e BB60     		str	r3, [r7, #8]
 156:.\Generated_Source\PSoC4/cyfitter_cfg.c **** 		while (count != 0u)
 169              		.loc 1 156 0
 170 0030 18E0     		b	.L6
 171              	.L7:
 157:.\Generated_Source\PSoC4/cyfitter_cfg.c **** 		{
 158:.\Generated_Source\PSoC4/cyfitter_cfg.c **** 			CY_SET_XTND_REG8((void CYFAR *)(baseAddr + data_table[j].offset), data_table[j].value);
 172              		.loc 1 158 0
 173 0032 3B69     		ldr	r3, [r7, #16]
 174 0034 5B00     		lsl	r3, r3, #1
 175 0036 3A68     		ldr	r2, [r7]
 176 0038 D318     		add	r3, r2, r3
 177 003a 1B78     		ldrb	r3, [r3]
 178 003c 1A1C     		mov	r2, r3
 179 003e BB68     		ldr	r3, [r7, #8]
 180 0040 D318     		add	r3, r2, r3
 181 0042 191C     		mov	r1, r3
 182 0044 3B69     		ldr	r3, [r7, #16]
 183 0046 5B00     		lsl	r3, r3, #1
 184 0048 3A68     		ldr	r2, [r7]
ARM GAS  C:\Users\ELISHA~1\AppData\Local\Temp\ccJL2BSp.s 			page 7


 185 004a D318     		add	r3, r2, r3
 186 004c 5B78     		ldrb	r3, [r3, #1]
 187 004e 0B70     		strb	r3, [r1]
 159:.\Generated_Source\PSoC4/cyfitter_cfg.c **** 			j++;
 188              		.loc 1 159 0
 189 0050 3B69     		ldr	r3, [r7, #16]
 190 0052 0133     		add	r3, r3, #1
 191 0054 3B61     		str	r3, [r7, #16]
 160:.\Generated_Source\PSoC4/cyfitter_cfg.c **** 			count--;
 192              		.loc 1 160 0
 193 0056 0F23     		mov	r3, #15
 194 0058 FB18     		add	r3, r7, r3
 195 005a 1A78     		ldrb	r2, [r3]
 196 005c 0F23     		mov	r3, #15
 197 005e FB18     		add	r3, r7, r3
 198 0060 013A     		sub	r2, r2, #1
 199 0062 1A70     		strb	r2, [r3]
 200              	.L6:
 156:.\Generated_Source\PSoC4/cyfitter_cfg.c **** 		{
 201              		.loc 1 156 0
 202 0064 0F23     		mov	r3, #15
 203 0066 FB18     		add	r3, r7, r3
 204 0068 1B78     		ldrb	r3, [r3]
 205 006a 002B     		cmp	r3, #0
 206 006c E1D1     		bne	.L7
 207              	.LBE2:
 151:.\Generated_Source\PSoC4/cyfitter_cfg.c **** 	{
 208              		.loc 1 151 0 discriminator 2
 209 006e 7B69     		ldr	r3, [r7, #20]
 210 0070 0133     		add	r3, r3, #1
 211 0072 7B61     		str	r3, [r7, #20]
 212              	.L5:
 151:.\Generated_Source\PSoC4/cyfitter_cfg.c **** 	{
 213              		.loc 1 151 0 is_stmt 0 discriminator 1
 214 0074 7B69     		ldr	r3, [r7, #20]
 215 0076 052B     		cmp	r3, #5
 216 0078 CCD9     		bls	.L8
 161:.\Generated_Source\PSoC4/cyfitter_cfg.c **** 		}
 162:.\Generated_Source\PSoC4/cyfitter_cfg.c **** 	}
 163:.\Generated_Source\PSoC4/cyfitter_cfg.c **** }
 217              		.loc 1 163 0 is_stmt 1
 218 007a BD46     		mov	sp, r7
 219 007c 06B0     		add	sp, sp, #24
 220              		@ sp needed
 221 007e 80BD     		pop	{r7, pc}
 222              		.cfi_endproc
 223              	.LFE3:
 224              		.size	cfg_write_bytes32, .-cfg_write_bytes32
 225              		.section	.psocinit,"ax",%progbits
 226              		.align	2
 227              		.code	16
 228              		.thumb_func
 229              		.type	ClockSetup, %function
 230              	ClockSetup:
 231              	.LFB4:
 164:.\Generated_Source\PSoC4/cyfitter_cfg.c **** 
 165:.\Generated_Source\PSoC4/cyfitter_cfg.c **** 
ARM GAS  C:\Users\ELISHA~1\AppData\Local\Temp\ccJL2BSp.s 			page 8


 166:.\Generated_Source\PSoC4/cyfitter_cfg.c **** /*******************************************************************************
 167:.\Generated_Source\PSoC4/cyfitter_cfg.c **** * Function Name: ClockSetup
 168:.\Generated_Source\PSoC4/cyfitter_cfg.c **** ********************************************************************************
 169:.\Generated_Source\PSoC4/cyfitter_cfg.c **** *
 170:.\Generated_Source\PSoC4/cyfitter_cfg.c **** * Summary:
 171:.\Generated_Source\PSoC4/cyfitter_cfg.c **** *   Performs the initialization of all of the clocks in the device based on the
 172:.\Generated_Source\PSoC4/cyfitter_cfg.c **** *   settings in the Clock tab of the DWR.  This includes enabling the requested
 173:.\Generated_Source\PSoC4/cyfitter_cfg.c **** *   clocks and setting the necessary dividers to produce the desired frequency. 
 174:.\Generated_Source\PSoC4/cyfitter_cfg.c **** *
 175:.\Generated_Source\PSoC4/cyfitter_cfg.c **** * Parameters:
 176:.\Generated_Source\PSoC4/cyfitter_cfg.c **** *   void
 177:.\Generated_Source\PSoC4/cyfitter_cfg.c **** *
 178:.\Generated_Source\PSoC4/cyfitter_cfg.c **** * Return:
 179:.\Generated_Source\PSoC4/cyfitter_cfg.c **** *   void
 180:.\Generated_Source\PSoC4/cyfitter_cfg.c **** *
 181:.\Generated_Source\PSoC4/cyfitter_cfg.c **** *******************************************************************************/
 182:.\Generated_Source\PSoC4/cyfitter_cfg.c **** static void ClockSetup(void);
 183:.\Generated_Source\PSoC4/cyfitter_cfg.c **** CY_CFG_SECTION
 184:.\Generated_Source\PSoC4/cyfitter_cfg.c **** static void ClockSetup(void)
 185:.\Generated_Source\PSoC4/cyfitter_cfg.c **** {
 232              		.loc 1 185 0
 233              		.cfi_startproc
 234 0000 80B5     		push	{r7, lr}
 235              		.cfi_def_cfa_offset 8
 236              		.cfi_offset 7, -8
 237              		.cfi_offset 14, -4
 238 0002 00AF     		add	r7, sp, #0
 239              		.cfi_def_cfa_register 7
 186:.\Generated_Source\PSoC4/cyfitter_cfg.c **** 	/* Enable HALF_EN before trimming for the flash accelerator. */
 187:.\Generated_Source\PSoC4/cyfitter_cfg.c **** 	CY_SET_REG32((void CYXDATA *)(CYREG_CLK_SELECT), (CY_GET_REG32((void *)CYREG_CLK_SELECT) | 0x00040
 240              		.loc 1 187 0
 241 0004 124B     		ldr	r3, .L10
 242 0006 124A     		ldr	r2, .L10
 243 0008 1268     		ldr	r2, [r2]
 244 000a 8021     		mov	r1, #128
 245 000c C902     		lsl	r1, r1, #11
 246 000e 0A43     		orr	r2, r1
 247 0010 1A60     		str	r2, [r3]
 188:.\Generated_Source\PSoC4/cyfitter_cfg.c **** 
 189:.\Generated_Source\PSoC4/cyfitter_cfg.c **** 	/* Setup and trim IMO based on desired frequency. */
 190:.\Generated_Source\PSoC4/cyfitter_cfg.c **** 	CySysClkWriteImoFreq(48u);
 248              		.loc 1 190 0
 249 0012 3020     		mov	r0, #48
 250 0014 FFF7FEFF 		bl	CySysClkWriteImoFreq
 191:.\Generated_Source\PSoC4/cyfitter_cfg.c **** 	/* CYDEV_CLK_ILO_CONFIG Starting address: CYDEV_CLK_ILO_CONFIG */
 192:.\Generated_Source\PSoC4/cyfitter_cfg.c **** 	CY_SET_XTND_REG32((void CYFAR *)(CYREG_CLK_ILO_CONFIG), 0x80000006u);
 251              		.loc 1 192 0
 252 0018 0E4B     		ldr	r3, .L10+4
 253 001a 0F4A     		ldr	r2, .L10+8
 254 001c 1A60     		str	r2, [r3]
 193:.\Generated_Source\PSoC4/cyfitter_cfg.c **** 
 194:.\Generated_Source\PSoC4/cyfitter_cfg.c **** 
 195:.\Generated_Source\PSoC4/cyfitter_cfg.c **** 	/* CYDEV_CLK_SELECT00 Starting address: CYDEV_CLK_SELECT00 */
 196:.\Generated_Source\PSoC4/cyfitter_cfg.c **** 	CY_SET_XTND_REG32((void CYFAR *)(CYREG_CLK_SELECT07), 0x00000010u);
 255              		.loc 1 196 0
 256 001e 0F4B     		ldr	r3, .L10+12
 257 0020 1022     		mov	r2, #16
ARM GAS  C:\Users\ELISHA~1\AppData\Local\Temp\ccJL2BSp.s 			page 9


 258 0022 1A60     		str	r2, [r3]
 197:.\Generated_Source\PSoC4/cyfitter_cfg.c **** 	CY_SET_XTND_REG32((void CYFAR *)(CYREG_CLK_SELECT08), 0x00000020u);
 259              		.loc 1 197 0
 260 0024 0E4B     		ldr	r3, .L10+16
 261 0026 2022     		mov	r2, #32
 262 0028 1A60     		str	r2, [r3]
 198:.\Generated_Source\PSoC4/cyfitter_cfg.c **** 
 199:.\Generated_Source\PSoC4/cyfitter_cfg.c **** 	/* CYDEV_CLK_IMO_CONFIG Starting address: CYDEV_CLK_IMO_CONFIG */
 200:.\Generated_Source\PSoC4/cyfitter_cfg.c **** 	CY_SET_XTND_REG32((void CYFAR *)(CYREG_CLK_IMO_CONFIG), 0x82000000u);
 263              		.loc 1 200 0
 264 002a 0E4B     		ldr	r3, .L10+20
 265 002c 8222     		mov	r2, #130
 266 002e 1206     		lsl	r2, r2, #24
 267 0030 1A60     		str	r2, [r3]
 201:.\Generated_Source\PSoC4/cyfitter_cfg.c **** 
 202:.\Generated_Source\PSoC4/cyfitter_cfg.c **** 	/* CYDEV_CLK_SELECT Starting address: CYDEV_CLK_SELECT */
 203:.\Generated_Source\PSoC4/cyfitter_cfg.c **** 	CY_SET_XTND_REG32((void CYFAR *)(CYREG_CLK_SELECT), 0x00080000u);
 268              		.loc 1 203 0
 269 0032 074B     		ldr	r3, .L10
 270 0034 8022     		mov	r2, #128
 271 0036 1203     		lsl	r2, r2, #12
 272 0038 1A60     		str	r2, [r3]
 204:.\Generated_Source\PSoC4/cyfitter_cfg.c **** 
 205:.\Generated_Source\PSoC4/cyfitter_cfg.c **** 	/* CYDEV_CLK_DIVIDER_A00 Starting address: CYDEV_CLK_DIVIDER_A00 */
 206:.\Generated_Source\PSoC4/cyfitter_cfg.c **** 	CY_SET_XTND_REG32((void CYFAR *)(CYREG_CLK_DIVIDER_A00), 0x8000001Du);
 273              		.loc 1 206 0
 274 003a 0B4B     		ldr	r3, .L10+24
 275 003c 0B4A     		ldr	r2, .L10+28
 276 003e 1A60     		str	r2, [r3]
 207:.\Generated_Source\PSoC4/cyfitter_cfg.c **** 
 208:.\Generated_Source\PSoC4/cyfitter_cfg.c **** 	/* CYDEV_CLK_DIVIDER_B00 Starting address: CYDEV_CLK_DIVIDER_B00 */
 209:.\Generated_Source\PSoC4/cyfitter_cfg.c **** 	CY_SET_XTND_REG32((void CYFAR *)(CYREG_CLK_DIVIDER_B00), 0x8000002Fu);
 277              		.loc 1 209 0
 278 0040 0B4B     		ldr	r3, .L10+32
 279 0042 0C4A     		ldr	r2, .L10+36
 280 0044 1A60     		str	r2, [r3]
 210:.\Generated_Source\PSoC4/cyfitter_cfg.c **** 
 211:.\Generated_Source\PSoC4/cyfitter_cfg.c **** 	CY_SET_XTND_REG32((void CYFAR *)(CYREG_WDT_CONFIG), 0x00000000u);
 281              		.loc 1 211 0
 282 0046 0C4B     		ldr	r3, .L10+40
 283 0048 0022     		mov	r2, #0
 284 004a 1A60     		str	r2, [r3]
 212:.\Generated_Source\PSoC4/cyfitter_cfg.c **** }
 285              		.loc 1 212 0
 286 004c BD46     		mov	sp, r7
 287              		@ sp needed
 288 004e 80BD     		pop	{r7, pc}
 289              	.L11:
 290              		.align	2
 291              	.L10:
 292 0050 00010B40 		.word	1074462976
 293 0054 04010B40 		.word	1074462980
 294 0058 06000080 		.word	-2147483642
 295 005c 1C020240 		.word	1073873436
 296 0060 20020240 		.word	1073873440
 297 0064 08010B40 		.word	1074462984
 298 0068 00000240 		.word	1073872896
ARM GAS  C:\Users\ELISHA~1\AppData\Local\Temp\ccJL2BSp.s 			page 10


 299 006c 1D000080 		.word	-2147483619
 300 0070 40000240 		.word	1073872960
 301 0074 2F000080 		.word	-2147483601
 302 0078 0C020B40 		.word	1074463244
 303              		.cfi_endproc
 304              	.LFE4:
 305              		.size	ClockSetup, .-ClockSetup
 306              		.section	.text.AnalogSetDefault,"ax",%progbits
 307              		.align	2
 308              		.code	16
 309              		.thumb_func
 310              		.type	AnalogSetDefault, %function
 311              	AnalogSetDefault:
 312              	.LFB5:
 213:.\Generated_Source\PSoC4/cyfitter_cfg.c **** 
 214:.\Generated_Source\PSoC4/cyfitter_cfg.c **** 
 215:.\Generated_Source\PSoC4/cyfitter_cfg.c **** /* Analog API Functions */
 216:.\Generated_Source\PSoC4/cyfitter_cfg.c **** 
 217:.\Generated_Source\PSoC4/cyfitter_cfg.c **** 
 218:.\Generated_Source\PSoC4/cyfitter_cfg.c **** /*******************************************************************************
 219:.\Generated_Source\PSoC4/cyfitter_cfg.c **** * Function Name: AnalogSetDefault
 220:.\Generated_Source\PSoC4/cyfitter_cfg.c **** ********************************************************************************
 221:.\Generated_Source\PSoC4/cyfitter_cfg.c **** *
 222:.\Generated_Source\PSoC4/cyfitter_cfg.c **** * Summary:
 223:.\Generated_Source\PSoC4/cyfitter_cfg.c **** *  Sets up the analog portions of the chip to default values based on chip
 224:.\Generated_Source\PSoC4/cyfitter_cfg.c **** *  configuration options from the project.
 225:.\Generated_Source\PSoC4/cyfitter_cfg.c **** *
 226:.\Generated_Source\PSoC4/cyfitter_cfg.c **** * Parameters:
 227:.\Generated_Source\PSoC4/cyfitter_cfg.c **** *  void
 228:.\Generated_Source\PSoC4/cyfitter_cfg.c **** *
 229:.\Generated_Source\PSoC4/cyfitter_cfg.c **** * Return:
 230:.\Generated_Source\PSoC4/cyfitter_cfg.c **** *  void
 231:.\Generated_Source\PSoC4/cyfitter_cfg.c **** *
 232:.\Generated_Source\PSoC4/cyfitter_cfg.c **** *******************************************************************************/
 233:.\Generated_Source\PSoC4/cyfitter_cfg.c **** static void AnalogSetDefault(void);
 234:.\Generated_Source\PSoC4/cyfitter_cfg.c **** static void AnalogSetDefault(void)
 235:.\Generated_Source\PSoC4/cyfitter_cfg.c **** {
 313              		.loc 1 235 0
 314              		.cfi_startproc
 315 0000 80B5     		push	{r7, lr}
 316              		.cfi_def_cfa_offset 8
 317              		.cfi_offset 7, -8
 318              		.cfi_offset 14, -4
 319 0002 00AF     		add	r7, sp, #0
 320              		.cfi_def_cfa_register 7
 236:.\Generated_Source\PSoC4/cyfitter_cfg.c **** 	CY_SET_XTND_REG32((void CYFAR *)CYREG_SAR_MUX_SWITCH0, 0x000B0000u);
 321              		.loc 1 236 0
 322 0004 044B     		ldr	r3, .L13
 323 0006 B022     		mov	r2, #176
 324 0008 1203     		lsl	r2, r2, #12
 325 000a 1A60     		str	r2, [r3]
 237:.\Generated_Source\PSoC4/cyfitter_cfg.c **** 	CY_SET_XTND_REG32((void CYFAR *)CYREG_SAR_MUX_SWITCH_HW_CTRL, 0x000B0000u);
 326              		.loc 1 237 0
 327 000c 034B     		ldr	r3, .L13+4
 328 000e B022     		mov	r2, #176
 329 0010 1203     		lsl	r2, r2, #12
 330 0012 1A60     		str	r2, [r3]
ARM GAS  C:\Users\ELISHA~1\AppData\Local\Temp\ccJL2BSp.s 			page 11


 238:.\Generated_Source\PSoC4/cyfitter_cfg.c **** }
 331              		.loc 1 238 0
 332 0014 BD46     		mov	sp, r7
 333              		@ sp needed
 334 0016 80BD     		pop	{r7, pc}
 335              	.L14:
 336              		.align	2
 337              	.L13:
 338 0018 00031A40 		.word	1075446528
 339 001c 40031A40 		.word	1075446592
 340              		.cfi_endproc
 341              	.LFE5:
 342              		.size	AnalogSetDefault, .-AnalogSetDefault
 343              		.section	.psocinit
 344              		.align	2
 345              		.global	cyfitter_cfg
 346              		.code	16
 347              		.thumb_func
 348              		.type	cyfitter_cfg, %function
 349              	cyfitter_cfg:
 350              	.LFB6:
 239:.\Generated_Source\PSoC4/cyfitter_cfg.c **** 
 240:.\Generated_Source\PSoC4/cyfitter_cfg.c **** #define CY_AMUX_UNUSED CYREG_CM0_ROM_DWT
 241:.\Generated_Source\PSoC4/cyfitter_cfg.c **** 
 242:.\Generated_Source\PSoC4/cyfitter_cfg.c **** 
 243:.\Generated_Source\PSoC4/cyfitter_cfg.c **** /*******************************************************************************
 244:.\Generated_Source\PSoC4/cyfitter_cfg.c **** * Function Name: cyfitter_cfg
 245:.\Generated_Source\PSoC4/cyfitter_cfg.c **** ********************************************************************************
 246:.\Generated_Source\PSoC4/cyfitter_cfg.c **** * Summary:
 247:.\Generated_Source\PSoC4/cyfitter_cfg.c **** *  This function is called by the start-up code for the selected device. It
 248:.\Generated_Source\PSoC4/cyfitter_cfg.c **** *  performs all of the necessary device configuration based on the design
 249:.\Generated_Source\PSoC4/cyfitter_cfg.c **** *  settings.  This includes settings from the Design Wide Resources (DWR) such
 250:.\Generated_Source\PSoC4/cyfitter_cfg.c **** *  as Clocks and Pins as well as any component configuration that is necessary.
 251:.\Generated_Source\PSoC4/cyfitter_cfg.c **** *
 252:.\Generated_Source\PSoC4/cyfitter_cfg.c **** * Parameters:  
 253:.\Generated_Source\PSoC4/cyfitter_cfg.c **** *   void
 254:.\Generated_Source\PSoC4/cyfitter_cfg.c **** *
 255:.\Generated_Source\PSoC4/cyfitter_cfg.c **** * Return:
 256:.\Generated_Source\PSoC4/cyfitter_cfg.c **** *   void
 257:.\Generated_Source\PSoC4/cyfitter_cfg.c **** *
 258:.\Generated_Source\PSoC4/cyfitter_cfg.c **** *******************************************************************************/
 259:.\Generated_Source\PSoC4/cyfitter_cfg.c **** CY_CFG_SECTION
 260:.\Generated_Source\PSoC4/cyfitter_cfg.c **** void cyfitter_cfg(void)
 261:.\Generated_Source\PSoC4/cyfitter_cfg.c **** {
 351              		.loc 1 261 0
 352              		.cfi_startproc
 353 007c 80B5     		push	{r7, lr}
 354              		.cfi_def_cfa_offset 8
 355              		.cfi_offset 7, -8
 356              		.cfi_offset 14, -4
 357 007e 82B0     		sub	sp, sp, #8
 358              		.cfi_def_cfa_offset 16
 359 0080 00AF     		add	r7, sp, #0
 360              		.cfi_def_cfa_register 7
 262:.\Generated_Source\PSoC4/cyfitter_cfg.c **** 	/* Disable interrupts by default. Let user enable if/when they want. */
 263:.\Generated_Source\PSoC4/cyfitter_cfg.c **** 	CyGlobalIntDisable;
 361              		.loc 1 263 0
ARM GAS  C:\Users\ELISHA~1\AppData\Local\Temp\ccJL2BSp.s 			page 12


 362              	@ 263 ".\Generated_Source\PSoC4\cyfitter_cfg.c" 1
 363 0082 72B6     		CPSID   i
 364              	@ 0 "" 2
 365              		.code	16
 366              	.LBB3:
 264:.\Generated_Source\PSoC4/cyfitter_cfg.c **** 
 265:.\Generated_Source\PSoC4/cyfitter_cfg.c **** 	{
 266:.\Generated_Source\PSoC4/cyfitter_cfg.c **** 		static const uint32 CYCODE cy_cfg_addr_table[] = {
 267:.\Generated_Source\PSoC4/cyfitter_cfg.c **** 			0x400F3004u, /* Base address: 0x400F3000 Count: 4 */
 268:.\Generated_Source\PSoC4/cyfitter_cfg.c **** 			0x400F3102u, /* Base address: 0x400F3100 Count: 2 */
 269:.\Generated_Source\PSoC4/cyfitter_cfg.c **** 			0x400F3301u, /* Base address: 0x400F3300 Count: 1 */
 270:.\Generated_Source\PSoC4/cyfitter_cfg.c **** 			0x400F4006u, /* Base address: 0x400F4000 Count: 6 */
 271:.\Generated_Source\PSoC4/cyfitter_cfg.c **** 			0x400F4102u, /* Base address: 0x400F4100 Count: 2 */
 272:.\Generated_Source\PSoC4/cyfitter_cfg.c **** 			0x400F4304u, /* Base address: 0x400F4300 Count: 4 */
 273:.\Generated_Source\PSoC4/cyfitter_cfg.c **** 		};
 274:.\Generated_Source\PSoC4/cyfitter_cfg.c **** 
 275:.\Generated_Source\PSoC4/cyfitter_cfg.c **** 		static const cy_cfg_addrvalue_t CYCODE cy_cfg_data_table[] = {
 276:.\Generated_Source\PSoC4/cyfitter_cfg.c **** 			{0x30u, 0x01u},
 277:.\Generated_Source\PSoC4/cyfitter_cfg.c **** 			{0x3Eu, 0x01u},
 278:.\Generated_Source\PSoC4/cyfitter_cfg.c **** 			{0x58u, 0x04u},
 279:.\Generated_Source\PSoC4/cyfitter_cfg.c **** 			{0x5Fu, 0x01u},
 280:.\Generated_Source\PSoC4/cyfitter_cfg.c **** 			{0x1Bu, 0x02u},
 281:.\Generated_Source\PSoC4/cyfitter_cfg.c **** 			{0x87u, 0x02u},
 282:.\Generated_Source\PSoC4/cyfitter_cfg.c **** 			{0xE2u, 0x80u},
 283:.\Generated_Source\PSoC4/cyfitter_cfg.c **** 			{0x53u, 0x04u},
 284:.\Generated_Source\PSoC4/cyfitter_cfg.c **** 			{0x67u, 0x80u},
 285:.\Generated_Source\PSoC4/cyfitter_cfg.c **** 			{0x87u, 0x40u},
 286:.\Generated_Source\PSoC4/cyfitter_cfg.c **** 			{0xD4u, 0x20u},
 287:.\Generated_Source\PSoC4/cyfitter_cfg.c **** 			{0xD8u, 0x80u},
 288:.\Generated_Source\PSoC4/cyfitter_cfg.c **** 			{0xE2u, 0x10u},
 289:.\Generated_Source\PSoC4/cyfitter_cfg.c **** 			{0x8Bu, 0x04u},
 290:.\Generated_Source\PSoC4/cyfitter_cfg.c **** 			{0x97u, 0x08u},
 291:.\Generated_Source\PSoC4/cyfitter_cfg.c **** 			{0x19u, 0x08u},
 292:.\Generated_Source\PSoC4/cyfitter_cfg.c **** 			{0x89u, 0x08u},
 293:.\Generated_Source\PSoC4/cyfitter_cfg.c **** 			{0xC6u, 0x08u},
 294:.\Generated_Source\PSoC4/cyfitter_cfg.c **** 			{0xE2u, 0x01u},
 295:.\Generated_Source\PSoC4/cyfitter_cfg.c **** 		};
 296:.\Generated_Source\PSoC4/cyfitter_cfg.c **** 
 297:.\Generated_Source\PSoC4/cyfitter_cfg.c **** 
 298:.\Generated_Source\PSoC4/cyfitter_cfg.c **** 
 299:.\Generated_Source\PSoC4/cyfitter_cfg.c **** 		CYPACKED typedef struct {
 300:.\Generated_Source\PSoC4/cyfitter_cfg.c **** 			void CYFAR *address;
 301:.\Generated_Source\PSoC4/cyfitter_cfg.c **** 			uint16 size;
 302:.\Generated_Source\PSoC4/cyfitter_cfg.c **** 		} CYPACKED_ATTR cfg_memset_t;
 303:.\Generated_Source\PSoC4/cyfitter_cfg.c **** 
 304:.\Generated_Source\PSoC4/cyfitter_cfg.c **** 		static const cfg_memset_t CYCODE cfg_memset_list [] = {
 305:.\Generated_Source\PSoC4/cyfitter_cfg.c **** 			/* address, size */
 306:.\Generated_Source\PSoC4/cyfitter_cfg.c **** 			{(void CYFAR *)(CYDEV_UDB_P0_U0_BASE), 1024u},
 307:.\Generated_Source\PSoC4/cyfitter_cfg.c **** 			{(void CYFAR *)(CYDEV_UDB_DSI0_BASE), 1024u},
 308:.\Generated_Source\PSoC4/cyfitter_cfg.c **** 		};
 309:.\Generated_Source\PSoC4/cyfitter_cfg.c **** 
 310:.\Generated_Source\PSoC4/cyfitter_cfg.c **** 		uint8 CYDATA i;
 311:.\Generated_Source\PSoC4/cyfitter_cfg.c **** 
 312:.\Generated_Source\PSoC4/cyfitter_cfg.c **** 		/* Zero out critical memory blocks before beginning configuration */
 313:.\Generated_Source\PSoC4/cyfitter_cfg.c **** 		for (i = 0u; i < (sizeof(cfg_memset_list)/sizeof(cfg_memset_list[0])); i++)
 367              		.loc 1 313 0
 368 0084 FB1D     		add	r3, r7, #7
ARM GAS  C:\Users\ELISHA~1\AppData\Local\Temp\ccJL2BSp.s 			page 13


 369 0086 0022     		mov	r2, #0
 370 0088 1A70     		strb	r2, [r3]
 371 008a 23E0     		b	.L16
 372              	.L17:
 373              	.LBB4:
 314:.\Generated_Source\PSoC4/cyfitter_cfg.c **** 		{
 315:.\Generated_Source\PSoC4/cyfitter_cfg.c **** 			const cfg_memset_t CYCODE * CYDATA ms = &cfg_memset_list[i];
 374              		.loc 1 315 0 discriminator 3
 375 008c FB1D     		add	r3, r7, #7
 376 008e 1A78     		ldrb	r2, [r3]
 377 0090 131C     		mov	r3, r2
 378 0092 5B00     		lsl	r3, r3, #1
 379 0094 9B18     		add	r3, r3, r2
 380 0096 5B00     		lsl	r3, r3, #1
 381 0098 344A     		ldr	r2, .L18
 382 009a 9B18     		add	r3, r3, r2
 383 009c 3B60     		str	r3, [r7]
 316:.\Generated_Source\PSoC4/cyfitter_cfg.c **** 			CYMEMZERO(ms->address, (size_t)(uint32)(ms->size));
 384              		.loc 1 316 0 discriminator 3
 385 009e 3B68     		ldr	r3, [r7]
 386 00a0 1A78     		ldrb	r2, [r3]
 387 00a2 5978     		ldrb	r1, [r3, #1]
 388 00a4 0902     		lsl	r1, r1, #8
 389 00a6 0A43     		orr	r2, r1
 390 00a8 9978     		ldrb	r1, [r3, #2]
 391 00aa 0904     		lsl	r1, r1, #16
 392 00ac 0A43     		orr	r2, r1
 393 00ae DB78     		ldrb	r3, [r3, #3]
 394 00b0 1B06     		lsl	r3, r3, #24
 395 00b2 1343     		orr	r3, r2
 396 00b4 191C     		mov	r1, r3
 397 00b6 3B68     		ldr	r3, [r7]
 398 00b8 1A79     		ldrb	r2, [r3, #4]
 399 00ba 5B79     		ldrb	r3, [r3, #5]
 400 00bc 1B02     		lsl	r3, r3, #8
 401 00be 1343     		orr	r3, r2
 402 00c0 9BB2     		uxth	r3, r3
 403 00c2 081C     		mov	r0, r1
 404 00c4 191C     		mov	r1, r3
 405 00c6 FFF7FEFF 		bl	CYMEMZERO
 406              	.LBE4:
 313:.\Generated_Source\PSoC4/cyfitter_cfg.c **** 		{
 407              		.loc 1 313 0 discriminator 3
 408 00ca FB1D     		add	r3, r7, #7
 409 00cc 1A78     		ldrb	r2, [r3]
 410 00ce FB1D     		add	r3, r7, #7
 411 00d0 0132     		add	r2, r2, #1
 412 00d2 1A70     		strb	r2, [r3]
 413              	.L16:
 313:.\Generated_Source\PSoC4/cyfitter_cfg.c **** 		{
 414              		.loc 1 313 0 is_stmt 0 discriminator 1
 415 00d4 FB1D     		add	r3, r7, #7
 416 00d6 1B78     		ldrb	r3, [r3]
 417 00d8 012B     		cmp	r3, #1
 418 00da D7D9     		bls	.L17
 317:.\Generated_Source\PSoC4/cyfitter_cfg.c **** 		}
 318:.\Generated_Source\PSoC4/cyfitter_cfg.c **** 
ARM GAS  C:\Users\ELISHA~1\AppData\Local\Temp\ccJL2BSp.s 			page 14


 319:.\Generated_Source\PSoC4/cyfitter_cfg.c **** 		cfg_write_bytes32(cy_cfg_addr_table, cy_cfg_data_table);
 419              		.loc 1 319 0 is_stmt 1
 420 00dc 244A     		ldr	r2, .L18+4
 421 00de 254B     		ldr	r3, .L18+8
 422 00e0 101C     		mov	r0, r2
 423 00e2 191C     		mov	r1, r3
 424 00e4 FFF7FEFF 		bl	cfg_write_bytes32
 320:.\Generated_Source\PSoC4/cyfitter_cfg.c **** 
 321:.\Generated_Source\PSoC4/cyfitter_cfg.c **** 		/* HSIOM Starting address: CYDEV_HSIOM_BASE */
 322:.\Generated_Source\PSoC4/cyfitter_cfg.c **** 		CY_SET_XTND_REG32((void CYFAR *)(CYDEV_HSIOM_BASE), 0x00070300u);
 425              		.loc 1 322 0
 426 00e8 234B     		ldr	r3, .L18+12
 427 00ea 244A     		ldr	r2, .L18+16
 428 00ec 1A60     		str	r2, [r3]
 323:.\Generated_Source\PSoC4/cyfitter_cfg.c **** 		CY_SET_XTND_REG32((void CYFAR *)(CYREG_HSIOM_PORT_SEL3), 0x0000EE00u);
 429              		.loc 1 323 0
 430 00ee 244B     		ldr	r3, .L18+20
 431 00f0 EE22     		mov	r2, #238
 432 00f2 1202     		lsl	r2, r2, #8
 433 00f4 1A60     		str	r2, [r3]
 324:.\Generated_Source\PSoC4/cyfitter_cfg.c **** 
 325:.\Generated_Source\PSoC4/cyfitter_cfg.c **** 		/* UDB_PA_0 Starting address: CYDEV_UDB_PA0_BASE */
 326:.\Generated_Source\PSoC4/cyfitter_cfg.c **** 		CY_SET_XTND_REG32((void CYFAR *)(CYDEV_UDB_PA0_BASE), 0x00990000u);
 434              		.loc 1 326 0
 435 00f6 234B     		ldr	r3, .L18+24
 436 00f8 9922     		mov	r2, #153
 437 00fa 1204     		lsl	r2, r2, #16
 438 00fc 1A60     		str	r2, [r3]
 327:.\Generated_Source\PSoC4/cyfitter_cfg.c **** 		CY_SET_XTND_REG32((void CYFAR *)(CYREG_UDB_PA0_CFG8), 0x03000000u);
 439              		.loc 1 327 0
 440 00fe 224B     		ldr	r3, .L18+28
 441 0100 C022     		mov	r2, #192
 442 0102 9204     		lsl	r2, r2, #18
 443 0104 1A60     		str	r2, [r3]
 328:.\Generated_Source\PSoC4/cyfitter_cfg.c **** 
 329:.\Generated_Source\PSoC4/cyfitter_cfg.c **** 		/* UDB_PA_3 Starting address: CYDEV_UDB_PA3_BASE */
 330:.\Generated_Source\PSoC4/cyfitter_cfg.c **** 		CY_SET_XTND_REG32((void CYFAR *)(CYDEV_UDB_PA3_BASE), 0x00990000u);
 444              		.loc 1 330 0
 445 0106 214B     		ldr	r3, .L18+32
 446 0108 9922     		mov	r2, #153
 447 010a 1204     		lsl	r2, r2, #16
 448 010c 1A60     		str	r2, [r3]
 331:.\Generated_Source\PSoC4/cyfitter_cfg.c **** 
 332:.\Generated_Source\PSoC4/cyfitter_cfg.c **** 		/* Enable digital routing */
 333:.\Generated_Source\PSoC4/cyfitter_cfg.c **** 		CY_SET_XTND_REG8((void *)CYREG_UDB_UDBIF_BANK_CTL, CY_GET_XTND_REG8((void *)CYREG_UDB_UDBIF_BANK_
 449              		.loc 1 333 0
 450 010e 204A     		ldr	r2, .L18+36
 451 0110 1F4B     		ldr	r3, .L18+36
 452 0112 1B78     		ldrb	r3, [r3]
 453 0114 DBB2     		uxtb	r3, r3
 454 0116 0221     		mov	r1, #2
 455 0118 0B43     		orr	r3, r1
 456 011a DBB2     		uxtb	r3, r3
 457 011c 1370     		strb	r3, [r2]
 334:.\Generated_Source\PSoC4/cyfitter_cfg.c **** 
 335:.\Generated_Source\PSoC4/cyfitter_cfg.c **** 		/* Enable UDB array */
 336:.\Generated_Source\PSoC4/cyfitter_cfg.c **** 		CY_SET_XTND_REG8((void *)CYREG_UDB_UDBIF_WAIT_CFG, (uint8)((CY_GET_XTND_REG8((void *)CYREG_UDB_UD
ARM GAS  C:\Users\ELISHA~1\AppData\Local\Temp\ccJL2BSp.s 			page 15


 458              		.loc 1 336 0
 459 011e 1D4A     		ldr	r2, .L18+40
 460 0120 1C4B     		ldr	r3, .L18+40
 461 0122 1B78     		ldrb	r3, [r3]
 462 0124 DBB2     		uxtb	r3, r3
 463 0126 3C21     		mov	r1, #60
 464 0128 8B43     		bic	r3, r1
 465 012a DBB2     		uxtb	r3, r3
 466 012c 1421     		mov	r1, #20
 467 012e 0B43     		orr	r3, r1
 468 0130 DBB2     		uxtb	r3, r3
 469 0132 1370     		strb	r3, [r2]
 337:.\Generated_Source\PSoC4/cyfitter_cfg.c **** 		CY_SET_XTND_REG8((void *)CYREG_UDB_UDBIF_BANK_CTL, (uint8)(CY_GET_XTND_REG8((void *)CYREG_UDB_UDB
 470              		.loc 1 337 0
 471 0134 164A     		ldr	r2, .L18+36
 472 0136 164B     		ldr	r3, .L18+36
 473 0138 1B78     		ldrb	r3, [r3]
 474 013a DBB2     		uxtb	r3, r3
 475 013c 1621     		mov	r1, #22
 476 013e 0B43     		orr	r3, r1
 477 0140 DBB2     		uxtb	r3, r3
 478 0142 1370     		strb	r3, [r2]
 479              	.LBE3:
 338:.\Generated_Source\PSoC4/cyfitter_cfg.c **** 	}
 339:.\Generated_Source\PSoC4/cyfitter_cfg.c **** 
 340:.\Generated_Source\PSoC4/cyfitter_cfg.c **** 	/* Perform second pass device configuration. These items must be configured in specific order afte
 341:.\Generated_Source\PSoC4/cyfitter_cfg.c **** 	/* IOPINS0_0 Starting address: CYDEV_PRT0_BASE */
 342:.\Generated_Source\PSoC4/cyfitter_cfg.c **** 	CY_SET_XTND_REG32((void CYFAR *)(CYDEV_PRT0_BASE), 0x00000034u);
 480              		.loc 1 342 0
 481 0144 144B     		ldr	r3, .L18+44
 482 0146 3422     		mov	r2, #52
 483 0148 1A60     		str	r2, [r3]
 343:.\Generated_Source\PSoC4/cyfitter_cfg.c **** 	CY_SET_XTND_REG32((void CYFAR *)(CYREG_PRT0_PC), 0x00030180u);
 484              		.loc 1 343 0
 485 014a 144B     		ldr	r3, .L18+48
 486 014c 144A     		ldr	r2, .L18+52
 487 014e 1A60     		str	r2, [r3]
 344:.\Generated_Source\PSoC4/cyfitter_cfg.c **** 	CY_SET_XTND_REG32((void CYFAR *)(CYREG_PRT0_PC2), 0x00000010u);
 488              		.loc 1 344 0
 489 0150 144B     		ldr	r3, .L18+56
 490 0152 1022     		mov	r2, #16
 491 0154 1A60     		str	r2, [r3]
 345:.\Generated_Source\PSoC4/cyfitter_cfg.c **** 
 346:.\Generated_Source\PSoC4/cyfitter_cfg.c **** 	/* IOPINS0_3 Starting address: CYDEV_PRT3_BASE */
 347:.\Generated_Source\PSoC4/cyfitter_cfg.c **** 	CY_SET_XTND_REG32((void CYFAR *)(CYREG_PRT3_PC), 0x00000D80u);
 492              		.loc 1 347 0
 493 0156 144B     		ldr	r3, .L18+60
 494 0158 D822     		mov	r2, #216
 495 015a 1201     		lsl	r2, r2, #4
 496 015c 1A60     		str	r2, [r3]
 348:.\Generated_Source\PSoC4/cyfitter_cfg.c **** 
 349:.\Generated_Source\PSoC4/cyfitter_cfg.c **** 	/* Setup clocks based on selections from Clock DWR */
 350:.\Generated_Source\PSoC4/cyfitter_cfg.c **** 	ClockSetup();
 497              		.loc 1 350 0
 498 015e FFF74FFF 		bl	ClockSetup
 351:.\Generated_Source\PSoC4/cyfitter_cfg.c **** 
 352:.\Generated_Source\PSoC4/cyfitter_cfg.c **** 	/* Perform basic analog initialization to defaults */
ARM GAS  C:\Users\ELISHA~1\AppData\Local\Temp\ccJL2BSp.s 			page 16


 353:.\Generated_Source\PSoC4/cyfitter_cfg.c **** 	AnalogSetDefault();
 499              		.loc 1 353 0
 500 0162 FFF7FEFF 		bl	AnalogSetDefault
 354:.\Generated_Source\PSoC4/cyfitter_cfg.c **** 
 355:.\Generated_Source\PSoC4/cyfitter_cfg.c **** }
 501              		.loc 1 355 0
 502 0166 BD46     		mov	sp, r7
 503 0168 02B0     		add	sp, sp, #8
 504              		@ sp needed
 505 016a 80BD     		pop	{r7, pc}
 506              	.L19:
 507              		.align	2
 508              	.L18:
 509 016c 00000000 		.word	cfg_memset_list.4737
 510 0170 0C000000 		.word	cy_cfg_addr_table.4731
 511 0174 24000000 		.word	cy_cfg_data_table.4732
 512 0178 00000140 		.word	1073807360
 513 017c 00030700 		.word	459520
 514 0180 0C000140 		.word	1073807372
 515 0184 00500F40 		.word	1074745344
 516 0188 08500F40 		.word	1074745352
 517 018c 30500F40 		.word	1074745392
 518 0190 00700F40 		.word	1074753536
 519 0194 01700F40 		.word	1074753537
 520 0198 00000440 		.word	1074003968
 521 019c 08000440 		.word	1074003976
 522 01a0 80010300 		.word	196992
 523 01a4 18000440 		.word	1074003992
 524 01a8 08030440 		.word	1074004744
 525              		.cfi_endproc
 526              	.LFE6:
 527              		.size	cyfitter_cfg, .-cyfitter_cfg
 528              		.section	.rodata
 529              		.align	2
 530              		.type	cfg_memset_list.4737, %object
 531              		.size	cfg_memset_list.4737, 12
 532              	cfg_memset_list.4737:
 533 0000 00300F40 		.word	1074737152
 534 0004 0004     		.short	1024
 535 0006 00400F40 		.4byte	1074741248
 536 000a 0004     		.short	1024
 537              		.align	2
 538              		.type	cy_cfg_addr_table.4731, %object
 539              		.size	cy_cfg_addr_table.4731, 24
 540              	cy_cfg_addr_table.4731:
 541 000c 04300F40 		.word	1074737156
 542 0010 02310F40 		.word	1074737410
 543 0014 01330F40 		.word	1074737921
 544 0018 06400F40 		.word	1074741254
 545 001c 02410F40 		.word	1074741506
 546 0020 04430F40 		.word	1074742020
 547              		.align	2
 548              		.type	cy_cfg_data_table.4732, %object
 549              		.size	cy_cfg_data_table.4732, 38
 550              	cy_cfg_data_table.4732:
 551 0024 30       		.byte	48
 552 0025 01       		.byte	1
ARM GAS  C:\Users\ELISHA~1\AppData\Local\Temp\ccJL2BSp.s 			page 17


 553 0026 3E       		.byte	62
 554 0027 01       		.byte	1
 555 0028 58       		.byte	88
 556 0029 04       		.byte	4
 557 002a 5F       		.byte	95
 558 002b 01       		.byte	1
 559 002c 1B       		.byte	27
 560 002d 02       		.byte	2
 561 002e 87       		.byte	-121
 562 002f 02       		.byte	2
 563 0030 E2       		.byte	-30
 564 0031 80       		.byte	-128
 565 0032 53       		.byte	83
 566 0033 04       		.byte	4
 567 0034 67       		.byte	103
 568 0035 80       		.byte	-128
 569 0036 87       		.byte	-121
 570 0037 40       		.byte	64
 571 0038 D4       		.byte	-44
 572 0039 20       		.byte	32
 573 003a D8       		.byte	-40
 574 003b 80       		.byte	-128
 575 003c E2       		.byte	-30
 576 003d 10       		.byte	16
 577 003e 8B       		.byte	-117
 578 003f 04       		.byte	4
 579 0040 97       		.byte	-105
 580 0041 08       		.byte	8
 581 0042 19       		.byte	25
 582 0043 08       		.byte	8
 583 0044 89       		.byte	-119
 584 0045 08       		.byte	8
 585 0046 C6       		.byte	-58
 586 0047 08       		.byte	8
 587 0048 E2       		.byte	-30
 588 0049 01       		.byte	1
 589 004a 0000     		.text
 590              	.Letext0:
 591              		.file 2 "c:\\program files (x86)\\cypress\\psoc creator\\3.3\\psoc creator\\import\\gnu\\arm\\4.9.
 592              		.file 3 ".\\Generated_Source\\PSoC4\\cytypes.h"
 593              		.section	.debug_info,"",%progbits
 594              	.Ldebug_info0:
 595 0000 4F030000 		.4byte	0x34f
 596 0004 0400     		.2byte	0x4
 597 0006 00000000 		.4byte	.Ldebug_abbrev0
 598 000a 04       		.byte	0x4
 599 000b 01       		.uleb128 0x1
 600 000c F8000000 		.4byte	.LASF39
 601 0010 01       		.byte	0x1
 602 0011 D1010000 		.4byte	.LASF40
 603 0015 39020000 		.4byte	.LASF41
 604 0019 00000000 		.4byte	.Ldebug_ranges0+0
 605 001d 00000000 		.4byte	0
 606 0021 00000000 		.4byte	.Ldebug_line0
 607 0025 02       		.uleb128 0x2
 608 0026 04       		.byte	0x4
 609 0027 05       		.byte	0x5
ARM GAS  C:\Users\ELISHA~1\AppData\Local\Temp\ccJL2BSp.s 			page 18


 610 0028 696E7400 		.ascii	"int\000"
 611 002c 03       		.uleb128 0x3
 612 002d 06000000 		.4byte	.LASF11
 613 0031 02       		.byte	0x2
 614 0032 D4       		.byte	0xd4
 615 0033 37000000 		.4byte	0x37
 616 0037 04       		.uleb128 0x4
 617 0038 04       		.byte	0x4
 618 0039 07       		.byte	0x7
 619 003a 86010000 		.4byte	.LASF0
 620 003e 04       		.uleb128 0x4
 621 003f 01       		.byte	0x1
 622 0040 06       		.byte	0x6
 623 0041 8E020000 		.4byte	.LASF1
 624 0045 04       		.uleb128 0x4
 625 0046 01       		.byte	0x1
 626 0047 08       		.byte	0x8
 627 0048 A0000000 		.4byte	.LASF2
 628 004c 04       		.uleb128 0x4
 629 004d 02       		.byte	0x2
 630 004e 05       		.byte	0x5
 631 004f 26020000 		.4byte	.LASF3
 632 0053 04       		.uleb128 0x4
 633 0054 02       		.byte	0x2
 634 0055 07       		.byte	0x7
 635 0056 9A020000 		.4byte	.LASF4
 636 005a 04       		.uleb128 0x4
 637 005b 04       		.byte	0x4
 638 005c 05       		.byte	0x5
 639 005d 30020000 		.4byte	.LASF5
 640 0061 04       		.uleb128 0x4
 641 0062 04       		.byte	0x4
 642 0063 07       		.byte	0x7
 643 0064 7E000000 		.4byte	.LASF6
 644 0068 04       		.uleb128 0x4
 645 0069 08       		.byte	0x8
 646 006a 05       		.byte	0x5
 647 006b F9010000 		.4byte	.LASF7
 648 006f 04       		.uleb128 0x4
 649 0070 08       		.byte	0x8
 650 0071 07       		.byte	0x7
 651 0072 9B010000 		.4byte	.LASF8
 652 0076 04       		.uleb128 0x4
 653 0077 04       		.byte	0x4
 654 0078 07       		.byte	0x7
 655 0079 C8010000 		.4byte	.LASF9
 656 007d 05       		.uleb128 0x5
 657 007e 04       		.byte	0x4
 658 007f 04       		.uleb128 0x4
 659 0080 01       		.byte	0x1
 660 0081 08       		.byte	0x8
 661 0082 07020000 		.4byte	.LASF10
 662 0086 03       		.uleb128 0x3
 663 0087 90000000 		.4byte	.LASF12
 664 008b 03       		.byte	0x3
 665 008c C2       		.byte	0xc2
 666 008d 45000000 		.4byte	0x45
ARM GAS  C:\Users\ELISHA~1\AppData\Local\Temp\ccJL2BSp.s 			page 19


 667 0091 03       		.uleb128 0x3
 668 0092 DF000000 		.4byte	.LASF13
 669 0096 03       		.byte	0x3
 670 0097 C3       		.byte	0xc3
 671 0098 53000000 		.4byte	0x53
 672 009c 03       		.uleb128 0x3
 673 009d F1000000 		.4byte	.LASF14
 674 00a1 03       		.byte	0x3
 675 00a2 C4       		.byte	0xc4
 676 00a3 61000000 		.4byte	0x61
 677 00a7 04       		.uleb128 0x4
 678 00a8 04       		.byte	0x4
 679 00a9 04       		.byte	0x4
 680 00aa 59000000 		.4byte	.LASF15
 681 00ae 04       		.uleb128 0x4
 682 00af 08       		.byte	0x8
 683 00b0 04       		.byte	0x4
 684 00b1 AE000000 		.4byte	.LASF16
 685 00b5 06       		.uleb128 0x6
 686 00b6 79000000 		.4byte	.LASF17
 687 00ba 03       		.byte	0x3
 688 00bb 6C01     		.2byte	0x16c
 689 00bd C1000000 		.4byte	0xc1
 690 00c1 07       		.uleb128 0x7
 691 00c2 86000000 		.4byte	0x86
 692 00c6 06       		.uleb128 0x6
 693 00c7 00000000 		.4byte	.LASF18
 694 00cb 03       		.byte	0x3
 695 00cc 6E01     		.2byte	0x16e
 696 00ce D2000000 		.4byte	0xd2
 697 00d2 07       		.uleb128 0x7
 698 00d3 9C000000 		.4byte	0x9c
 699 00d7 08       		.uleb128 0x8
 700 00d8 02       		.byte	0x2
 701 00d9 01       		.byte	0x1
 702 00da 7C       		.byte	0x7c
 703 00db F8000000 		.4byte	0xf8
 704 00df 09       		.uleb128 0x9
 705 00e0 1F020000 		.4byte	.LASF19
 706 00e4 01       		.byte	0x1
 707 00e5 7E       		.byte	0x7e
 708 00e6 86000000 		.4byte	0x86
 709 00ea 00       		.byte	0
 710 00eb 09       		.uleb128 0x9
 711 00ec 1E000000 		.4byte	.LASF20
 712 00f0 01       		.byte	0x1
 713 00f1 7F       		.byte	0x7f
 714 00f2 86000000 		.4byte	0x86
 715 00f6 01       		.byte	0x1
 716 00f7 00       		.byte	0
 717 00f8 03       		.uleb128 0x3
 718 00f9 0C020000 		.4byte	.LASF21
 719 00fd 01       		.byte	0x1
 720 00fe 80       		.byte	0x80
 721 00ff D7000000 		.4byte	0xd7
 722 0103 0A       		.uleb128 0xa
 723 0104 96000000 		.4byte	.LASF22
ARM GAS  C:\Users\ELISHA~1\AppData\Local\Temp\ccJL2BSp.s 			page 20


 724 0108 01       		.byte	0x1
 725 0109 3A       		.byte	0x3a
 726 010a 00000000 		.4byte	.LFB0
 727 010e 1E000000 		.4byte	.LFE0-.LFB0
 728 0112 01       		.uleb128 0x1
 729 0113 9C       		.byte	0x9c
 730 0114 31010000 		.4byte	0x131
 731 0118 0B       		.uleb128 0xb
 732 0119 7300     		.ascii	"s\000"
 733 011b 01       		.byte	0x1
 734 011c 3A       		.byte	0x3a
 735 011d 7D000000 		.4byte	0x7d
 736 0121 02       		.uleb128 0x2
 737 0122 91       		.byte	0x91
 738 0123 74       		.sleb128 -12
 739 0124 0B       		.uleb128 0xb
 740 0125 6E00     		.ascii	"n\000"
 741 0127 01       		.byte	0x1
 742 0128 3A       		.byte	0x3a
 743 0129 2C000000 		.4byte	0x2c
 744 012d 02       		.uleb128 0x2
 745 012e 91       		.byte	0x91
 746 012f 70       		.sleb128 -16
 747 0130 00       		.byte	0
 748 0131 0A       		.uleb128 0xa
 749 0132 BD020000 		.4byte	.LASF23
 750 0136 01       		.byte	0x1
 751 0137 41       		.byte	0x41
 752 0138 00000000 		.4byte	.LFB1
 753 013c 22000000 		.4byte	.LFE1-.LFB1
 754 0140 01       		.uleb128 0x1
 755 0141 9C       		.byte	0x9c
 756 0142 6F010000 		.4byte	0x16f
 757 0146 0C       		.uleb128 0xc
 758 0147 5F000000 		.4byte	.LASF24
 759 014b 01       		.byte	0x1
 760 014c 41       		.byte	0x41
 761 014d 7D000000 		.4byte	0x7d
 762 0151 02       		.uleb128 0x2
 763 0152 91       		.byte	0x91
 764 0153 74       		.sleb128 -12
 765 0154 0B       		.uleb128 0xb
 766 0155 73726300 		.ascii	"src\000"
 767 0159 01       		.byte	0x1
 768 015a 41       		.byte	0x41
 769 015b 6F010000 		.4byte	0x16f
 770 015f 02       		.uleb128 0x2
 771 0160 91       		.byte	0x91
 772 0161 70       		.sleb128 -16
 773 0162 0B       		.uleb128 0xb
 774 0163 6E00     		.ascii	"n\000"
 775 0165 01       		.byte	0x1
 776 0166 41       		.byte	0x41
 777 0167 2C000000 		.4byte	0x2c
 778 016b 02       		.uleb128 0x2
 779 016c 91       		.byte	0x91
 780 016d 6C       		.sleb128 -20
ARM GAS  C:\Users\ELISHA~1\AppData\Local\Temp\ccJL2BSp.s 			page 21


 781 016e 00       		.byte	0
 782 016f 0D       		.uleb128 0xd
 783 0170 04       		.byte	0x4
 784 0171 75010000 		.4byte	0x175
 785 0175 0E       		.uleb128 0xe
 786 0176 0A       		.uleb128 0xa
 787 0177 AD020000 		.4byte	.LASF25
 788 017b 01       		.byte	0x1
 789 017c 48       		.byte	0x48
 790 017d 00000000 		.4byte	.LFB2
 791 0181 22000000 		.4byte	.LFE2-.LFB2
 792 0185 01       		.uleb128 0x1
 793 0186 9C       		.byte	0x9c
 794 0187 B4010000 		.4byte	0x1b4
 795 018b 0C       		.uleb128 0xc
 796 018c 5F000000 		.4byte	.LASF24
 797 0190 01       		.byte	0x1
 798 0191 48       		.byte	0x48
 799 0192 7D000000 		.4byte	0x7d
 800 0196 02       		.uleb128 0x2
 801 0197 91       		.byte	0x91
 802 0198 74       		.sleb128 -12
 803 0199 0B       		.uleb128 0xb
 804 019a 73726300 		.ascii	"src\000"
 805 019e 01       		.byte	0x1
 806 019f 48       		.byte	0x48
 807 01a0 6F010000 		.4byte	0x16f
 808 01a4 02       		.uleb128 0x2
 809 01a5 91       		.byte	0x91
 810 01a6 70       		.sleb128 -16
 811 01a7 0B       		.uleb128 0xb
 812 01a8 6E00     		.ascii	"n\000"
 813 01aa 01       		.byte	0x1
 814 01ab 48       		.byte	0x48
 815 01ac 2C000000 		.4byte	0x2c
 816 01b0 02       		.uleb128 0x2
 817 01b1 91       		.byte	0x91
 818 01b2 6C       		.sleb128 -20
 819 01b3 00       		.byte	0
 820 01b4 0F       		.uleb128 0xf
 821 01b5 B5000000 		.4byte	.LASF26
 822 01b9 01       		.byte	0x1
 823 01ba 93       		.byte	0x93
 824 01bb 00000000 		.4byte	.LFB3
 825 01bf 80000000 		.4byte	.LFE3-.LFB3
 826 01c3 01       		.uleb128 0x1
 827 01c4 9C       		.byte	0x9c
 828 01c5 24020000 		.4byte	0x224
 829 01c9 0C       		.uleb128 0xc
 830 01ca D4000000 		.4byte	.LASF27
 831 01ce 01       		.byte	0x1
 832 01cf 93       		.byte	0x93
 833 01d0 24020000 		.4byte	0x224
 834 01d4 02       		.uleb128 0x2
 835 01d5 91       		.byte	0x91
 836 01d6 64       		.sleb128 -28
 837 01d7 0C       		.uleb128 0xc
ARM GAS  C:\Users\ELISHA~1\AppData\Local\Temp\ccJL2BSp.s 			page 22


 838 01d8 E6000000 		.4byte	.LASF28
 839 01dc 01       		.byte	0x1
 840 01dd 93       		.byte	0x93
 841 01de 2F020000 		.4byte	0x22f
 842 01e2 02       		.uleb128 0x2
 843 01e3 91       		.byte	0x91
 844 01e4 60       		.sleb128 -32
 845 01e5 10       		.uleb128 0x10
 846 01e6 6900     		.ascii	"i\000"
 847 01e8 01       		.byte	0x1
 848 01e9 96       		.byte	0x96
 849 01ea 9C000000 		.4byte	0x9c
 850 01ee 02       		.uleb128 0x2
 851 01ef 91       		.byte	0x91
 852 01f0 74       		.sleb128 -12
 853 01f1 10       		.uleb128 0x10
 854 01f2 6A00     		.ascii	"j\000"
 855 01f4 01       		.byte	0x1
 856 01f5 96       		.byte	0x96
 857 01f6 9C000000 		.4byte	0x9c
 858 01fa 02       		.uleb128 0x2
 859 01fb 91       		.byte	0x91
 860 01fc 70       		.sleb128 -16
 861 01fd 11       		.uleb128 0x11
 862 01fe 14000000 		.4byte	.LBB2
 863 0202 5A000000 		.4byte	.LBE2-.LBB2
 864 0206 12       		.uleb128 0x12
 865 0207 BF010000 		.4byte	.LASF29
 866 020b 01       		.byte	0x1
 867 020c 99       		.byte	0x99
 868 020d 9C000000 		.4byte	0x9c
 869 0211 02       		.uleb128 0x2
 870 0212 91       		.byte	0x91
 871 0213 68       		.sleb128 -24
 872 0214 12       		.uleb128 0x12
 873 0215 24000000 		.4byte	.LASF30
 874 0219 01       		.byte	0x1
 875 021a 9A       		.byte	0x9a
 876 021b 86000000 		.4byte	0x86
 877 021f 02       		.uleb128 0x2
 878 0220 91       		.byte	0x91
 879 0221 6F       		.sleb128 -17
 880 0222 00       		.byte	0
 881 0223 00       		.byte	0
 882 0224 0D       		.uleb128 0xd
 883 0225 04       		.byte	0x4
 884 0226 2A020000 		.4byte	0x22a
 885 022a 13       		.uleb128 0x13
 886 022b 9C000000 		.4byte	0x9c
 887 022f 0D       		.uleb128 0xd
 888 0230 04       		.byte	0x4
 889 0231 35020000 		.4byte	0x235
 890 0235 13       		.uleb128 0x13
 891 0236 F8000000 		.4byte	0xf8
 892 023a 14       		.uleb128 0x14
 893 023b 2A000000 		.4byte	.LASF31
 894 023f 01       		.byte	0x1
ARM GAS  C:\Users\ELISHA~1\AppData\Local\Temp\ccJL2BSp.s 			page 23


 895 0240 B8       		.byte	0xb8
 896 0241 00000000 		.4byte	.LFB4
 897 0245 7C000000 		.4byte	.LFE4-.LFB4
 898 0249 01       		.uleb128 0x1
 899 024a 9C       		.byte	0x9c
 900 024b 15       		.uleb128 0x15
 901 024c 0D000000 		.4byte	.LASF32
 902 0250 01       		.byte	0x1
 903 0251 EA       		.byte	0xea
 904 0252 00000000 		.4byte	.LFB5
 905 0256 20000000 		.4byte	.LFE5-.LFB5
 906 025a 01       		.uleb128 0x1
 907 025b 9C       		.byte	0x9c
 908 025c 16       		.uleb128 0x16
 909 025d C7000000 		.4byte	.LASF42
 910 0261 01       		.byte	0x1
 911 0262 0401     		.2byte	0x104
 912 0264 7C000000 		.4byte	.LFB6
 913 0268 30010000 		.4byte	.LFE6-.LFB6
 914 026c 01       		.uleb128 0x1
 915 026d 9C       		.byte	0x9c
 916 026e 28030000 		.4byte	0x328
 917 0272 11       		.uleb128 0x11
 918 0273 84000000 		.4byte	.LBB3
 919 0277 C0000000 		.4byte	.LBE3-.LBB3
 920 027b 17       		.uleb128 0x17
 921 027c 35000000 		.4byte	.LASF33
 922 0280 01       		.byte	0x1
 923 0281 0A01     		.2byte	0x10a
 924 0283 38030000 		.4byte	0x338
 925 0287 05       		.uleb128 0x5
 926 0288 03       		.byte	0x3
 927 0289 0C000000 		.4byte	cy_cfg_addr_table.4731
 928 028d 17       		.uleb128 0x17
 929 028e 47000000 		.4byte	.LASF34
 930 0292 01       		.byte	0x1
 931 0293 1301     		.2byte	0x113
 932 0295 4D030000 		.4byte	0x34d
 933 0299 05       		.uleb128 0x5
 934 029a 03       		.byte	0x3
 935 029b 24000000 		.4byte	cy_cfg_data_table.4732
 936 029f 18       		.uleb128 0x18
 937 02a0 06       		.byte	0x6
 938 02a1 01       		.byte	0x1
 939 02a2 2B01     		.2byte	0x12b
 940 02a4 C3020000 		.4byte	0x2c3
 941 02a8 19       		.uleb128 0x19
 942 02a9 93010000 		.4byte	.LASF35
 943 02ad 01       		.byte	0x1
 944 02ae 2C01     		.2byte	0x12c
 945 02b0 7D000000 		.4byte	0x7d
 946 02b4 00       		.byte	0
 947 02b5 19       		.uleb128 0x19
 948 02b6 74000000 		.4byte	.LASF36
 949 02ba 01       		.byte	0x1
 950 02bb 2D01     		.2byte	0x12d
 951 02bd 91000000 		.4byte	0x91
ARM GAS  C:\Users\ELISHA~1\AppData\Local\Temp\ccJL2BSp.s 			page 24


 952 02c1 04       		.byte	0x4
 953 02c2 00       		.byte	0
 954 02c3 06       		.uleb128 0x6
 955 02c4 B2010000 		.4byte	.LASF37
 956 02c8 01       		.byte	0x1
 957 02c9 2E01     		.2byte	0x12e
 958 02cb 9F020000 		.4byte	0x29f
 959 02cf 1A       		.uleb128 0x1a
 960 02d0 C3020000 		.4byte	0x2c3
 961 02d4 DF020000 		.4byte	0x2df
 962 02d8 1B       		.uleb128 0x1b
 963 02d9 76000000 		.4byte	0x76
 964 02dd 01       		.byte	0x1
 965 02de 00       		.byte	0
 966 02df 17       		.uleb128 0x17
 967 02e0 64000000 		.4byte	.LASF38
 968 02e4 01       		.byte	0x1
 969 02e5 3001     		.2byte	0x130
 970 02e7 F1020000 		.4byte	0x2f1
 971 02eb 05       		.uleb128 0x5
 972 02ec 03       		.byte	0x3
 973 02ed 00000000 		.4byte	cfg_memset_list.4737
 974 02f1 13       		.uleb128 0x13
 975 02f2 CF020000 		.4byte	0x2cf
 976 02f6 1C       		.uleb128 0x1c
 977 02f7 6900     		.ascii	"i\000"
 978 02f9 01       		.byte	0x1
 979 02fa 3601     		.2byte	0x136
 980 02fc 86000000 		.4byte	0x86
 981 0300 02       		.uleb128 0x2
 982 0301 91       		.byte	0x91
 983 0302 77       		.sleb128 -9
 984 0303 11       		.uleb128 0x11
 985 0304 8C000000 		.4byte	.LBB4
 986 0308 3E000000 		.4byte	.LBE4-.LBB4
 987 030c 1C       		.uleb128 0x1c
 988 030d 6D7300   		.ascii	"ms\000"
 989 0310 01       		.byte	0x1
 990 0311 3B01     		.2byte	0x13b
 991 0313 1A030000 		.4byte	0x31a
 992 0317 02       		.uleb128 0x2
 993 0318 91       		.byte	0x91
 994 0319 70       		.sleb128 -16
 995 031a 0D       		.uleb128 0xd
 996 031b 04       		.byte	0x4
 997 031c 20030000 		.4byte	0x320
 998 0320 13       		.uleb128 0x13
 999 0321 C3020000 		.4byte	0x2c3
 1000 0325 00       		.byte	0
 1001 0326 00       		.byte	0
 1002 0327 00       		.byte	0
 1003 0328 1A       		.uleb128 0x1a
 1004 0329 9C000000 		.4byte	0x9c
 1005 032d 38030000 		.4byte	0x338
 1006 0331 1B       		.uleb128 0x1b
 1007 0332 76000000 		.4byte	0x76
 1008 0336 05       		.byte	0x5
ARM GAS  C:\Users\ELISHA~1\AppData\Local\Temp\ccJL2BSp.s 			page 25


 1009 0337 00       		.byte	0
 1010 0338 13       		.uleb128 0x13
 1011 0339 28030000 		.4byte	0x328
 1012 033d 1A       		.uleb128 0x1a
 1013 033e F8000000 		.4byte	0xf8
 1014 0342 4D030000 		.4byte	0x34d
 1015 0346 1B       		.uleb128 0x1b
 1016 0347 76000000 		.4byte	0x76
 1017 034b 12       		.byte	0x12
 1018 034c 00       		.byte	0
 1019 034d 13       		.uleb128 0x13
 1020 034e 3D030000 		.4byte	0x33d
 1021 0352 00       		.byte	0
 1022              		.section	.debug_abbrev,"",%progbits
 1023              	.Ldebug_abbrev0:
 1024 0000 01       		.uleb128 0x1
 1025 0001 11       		.uleb128 0x11
 1026 0002 01       		.byte	0x1
 1027 0003 25       		.uleb128 0x25
 1028 0004 0E       		.uleb128 0xe
 1029 0005 13       		.uleb128 0x13
 1030 0006 0B       		.uleb128 0xb
 1031 0007 03       		.uleb128 0x3
 1032 0008 0E       		.uleb128 0xe
 1033 0009 1B       		.uleb128 0x1b
 1034 000a 0E       		.uleb128 0xe
 1035 000b 55       		.uleb128 0x55
 1036 000c 17       		.uleb128 0x17
 1037 000d 11       		.uleb128 0x11
 1038 000e 01       		.uleb128 0x1
 1039 000f 10       		.uleb128 0x10
 1040 0010 17       		.uleb128 0x17
 1041 0011 00       		.byte	0
 1042 0012 00       		.byte	0
 1043 0013 02       		.uleb128 0x2
 1044 0014 24       		.uleb128 0x24
 1045 0015 00       		.byte	0
 1046 0016 0B       		.uleb128 0xb
 1047 0017 0B       		.uleb128 0xb
 1048 0018 3E       		.uleb128 0x3e
 1049 0019 0B       		.uleb128 0xb
 1050 001a 03       		.uleb128 0x3
 1051 001b 08       		.uleb128 0x8
 1052 001c 00       		.byte	0
 1053 001d 00       		.byte	0
 1054 001e 03       		.uleb128 0x3
 1055 001f 16       		.uleb128 0x16
 1056 0020 00       		.byte	0
 1057 0021 03       		.uleb128 0x3
 1058 0022 0E       		.uleb128 0xe
 1059 0023 3A       		.uleb128 0x3a
 1060 0024 0B       		.uleb128 0xb
 1061 0025 3B       		.uleb128 0x3b
 1062 0026 0B       		.uleb128 0xb
 1063 0027 49       		.uleb128 0x49
 1064 0028 13       		.uleb128 0x13
 1065 0029 00       		.byte	0
ARM GAS  C:\Users\ELISHA~1\AppData\Local\Temp\ccJL2BSp.s 			page 26


 1066 002a 00       		.byte	0
 1067 002b 04       		.uleb128 0x4
 1068 002c 24       		.uleb128 0x24
 1069 002d 00       		.byte	0
 1070 002e 0B       		.uleb128 0xb
 1071 002f 0B       		.uleb128 0xb
 1072 0030 3E       		.uleb128 0x3e
 1073 0031 0B       		.uleb128 0xb
 1074 0032 03       		.uleb128 0x3
 1075 0033 0E       		.uleb128 0xe
 1076 0034 00       		.byte	0
 1077 0035 00       		.byte	0
 1078 0036 05       		.uleb128 0x5
 1079 0037 0F       		.uleb128 0xf
 1080 0038 00       		.byte	0
 1081 0039 0B       		.uleb128 0xb
 1082 003a 0B       		.uleb128 0xb
 1083 003b 00       		.byte	0
 1084 003c 00       		.byte	0
 1085 003d 06       		.uleb128 0x6
 1086 003e 16       		.uleb128 0x16
 1087 003f 00       		.byte	0
 1088 0040 03       		.uleb128 0x3
 1089 0041 0E       		.uleb128 0xe
 1090 0042 3A       		.uleb128 0x3a
 1091 0043 0B       		.uleb128 0xb
 1092 0044 3B       		.uleb128 0x3b
 1093 0045 05       		.uleb128 0x5
 1094 0046 49       		.uleb128 0x49
 1095 0047 13       		.uleb128 0x13
 1096 0048 00       		.byte	0
 1097 0049 00       		.byte	0
 1098 004a 07       		.uleb128 0x7
 1099 004b 35       		.uleb128 0x35
 1100 004c 00       		.byte	0
 1101 004d 49       		.uleb128 0x49
 1102 004e 13       		.uleb128 0x13
 1103 004f 00       		.byte	0
 1104 0050 00       		.byte	0
 1105 0051 08       		.uleb128 0x8
 1106 0052 13       		.uleb128 0x13
 1107 0053 01       		.byte	0x1
 1108 0054 0B       		.uleb128 0xb
 1109 0055 0B       		.uleb128 0xb
 1110 0056 3A       		.uleb128 0x3a
 1111 0057 0B       		.uleb128 0xb
 1112 0058 3B       		.uleb128 0x3b
 1113 0059 0B       		.uleb128 0xb
 1114 005a 01       		.uleb128 0x1
 1115 005b 13       		.uleb128 0x13
 1116 005c 00       		.byte	0
 1117 005d 00       		.byte	0
 1118 005e 09       		.uleb128 0x9
 1119 005f 0D       		.uleb128 0xd
 1120 0060 00       		.byte	0
 1121 0061 03       		.uleb128 0x3
 1122 0062 0E       		.uleb128 0xe
ARM GAS  C:\Users\ELISHA~1\AppData\Local\Temp\ccJL2BSp.s 			page 27


 1123 0063 3A       		.uleb128 0x3a
 1124 0064 0B       		.uleb128 0xb
 1125 0065 3B       		.uleb128 0x3b
 1126 0066 0B       		.uleb128 0xb
 1127 0067 49       		.uleb128 0x49
 1128 0068 13       		.uleb128 0x13
 1129 0069 38       		.uleb128 0x38
 1130 006a 0B       		.uleb128 0xb
 1131 006b 00       		.byte	0
 1132 006c 00       		.byte	0
 1133 006d 0A       		.uleb128 0xa
 1134 006e 2E       		.uleb128 0x2e
 1135 006f 01       		.byte	0x1
 1136 0070 03       		.uleb128 0x3
 1137 0071 0E       		.uleb128 0xe
 1138 0072 3A       		.uleb128 0x3a
 1139 0073 0B       		.uleb128 0xb
 1140 0074 3B       		.uleb128 0x3b
 1141 0075 0B       		.uleb128 0xb
 1142 0076 27       		.uleb128 0x27
 1143 0077 19       		.uleb128 0x19
 1144 0078 11       		.uleb128 0x11
 1145 0079 01       		.uleb128 0x1
 1146 007a 12       		.uleb128 0x12
 1147 007b 06       		.uleb128 0x6
 1148 007c 40       		.uleb128 0x40
 1149 007d 18       		.uleb128 0x18
 1150 007e 9642     		.uleb128 0x2116
 1151 0080 19       		.uleb128 0x19
 1152 0081 01       		.uleb128 0x1
 1153 0082 13       		.uleb128 0x13
 1154 0083 00       		.byte	0
 1155 0084 00       		.byte	0
 1156 0085 0B       		.uleb128 0xb
 1157 0086 05       		.uleb128 0x5
 1158 0087 00       		.byte	0
 1159 0088 03       		.uleb128 0x3
 1160 0089 08       		.uleb128 0x8
 1161 008a 3A       		.uleb128 0x3a
 1162 008b 0B       		.uleb128 0xb
 1163 008c 3B       		.uleb128 0x3b
 1164 008d 0B       		.uleb128 0xb
 1165 008e 49       		.uleb128 0x49
 1166 008f 13       		.uleb128 0x13
 1167 0090 02       		.uleb128 0x2
 1168 0091 18       		.uleb128 0x18
 1169 0092 00       		.byte	0
 1170 0093 00       		.byte	0
 1171 0094 0C       		.uleb128 0xc
 1172 0095 05       		.uleb128 0x5
 1173 0096 00       		.byte	0
 1174 0097 03       		.uleb128 0x3
 1175 0098 0E       		.uleb128 0xe
 1176 0099 3A       		.uleb128 0x3a
 1177 009a 0B       		.uleb128 0xb
 1178 009b 3B       		.uleb128 0x3b
 1179 009c 0B       		.uleb128 0xb
ARM GAS  C:\Users\ELISHA~1\AppData\Local\Temp\ccJL2BSp.s 			page 28


 1180 009d 49       		.uleb128 0x49
 1181 009e 13       		.uleb128 0x13
 1182 009f 02       		.uleb128 0x2
 1183 00a0 18       		.uleb128 0x18
 1184 00a1 00       		.byte	0
 1185 00a2 00       		.byte	0
 1186 00a3 0D       		.uleb128 0xd
 1187 00a4 0F       		.uleb128 0xf
 1188 00a5 00       		.byte	0
 1189 00a6 0B       		.uleb128 0xb
 1190 00a7 0B       		.uleb128 0xb
 1191 00a8 49       		.uleb128 0x49
 1192 00a9 13       		.uleb128 0x13
 1193 00aa 00       		.byte	0
 1194 00ab 00       		.byte	0
 1195 00ac 0E       		.uleb128 0xe
 1196 00ad 26       		.uleb128 0x26
 1197 00ae 00       		.byte	0
 1198 00af 00       		.byte	0
 1199 00b0 00       		.byte	0
 1200 00b1 0F       		.uleb128 0xf
 1201 00b2 2E       		.uleb128 0x2e
 1202 00b3 01       		.byte	0x1
 1203 00b4 03       		.uleb128 0x3
 1204 00b5 0E       		.uleb128 0xe
 1205 00b6 3A       		.uleb128 0x3a
 1206 00b7 0B       		.uleb128 0xb
 1207 00b8 3B       		.uleb128 0x3b
 1208 00b9 0B       		.uleb128 0xb
 1209 00ba 27       		.uleb128 0x27
 1210 00bb 19       		.uleb128 0x19
 1211 00bc 11       		.uleb128 0x11
 1212 00bd 01       		.uleb128 0x1
 1213 00be 12       		.uleb128 0x12
 1214 00bf 06       		.uleb128 0x6
 1215 00c0 40       		.uleb128 0x40
 1216 00c1 18       		.uleb128 0x18
 1217 00c2 9742     		.uleb128 0x2117
 1218 00c4 19       		.uleb128 0x19
 1219 00c5 01       		.uleb128 0x1
 1220 00c6 13       		.uleb128 0x13
 1221 00c7 00       		.byte	0
 1222 00c8 00       		.byte	0
 1223 00c9 10       		.uleb128 0x10
 1224 00ca 34       		.uleb128 0x34
 1225 00cb 00       		.byte	0
 1226 00cc 03       		.uleb128 0x3
 1227 00cd 08       		.uleb128 0x8
 1228 00ce 3A       		.uleb128 0x3a
 1229 00cf 0B       		.uleb128 0xb
 1230 00d0 3B       		.uleb128 0x3b
 1231 00d1 0B       		.uleb128 0xb
 1232 00d2 49       		.uleb128 0x49
 1233 00d3 13       		.uleb128 0x13
 1234 00d4 02       		.uleb128 0x2
 1235 00d5 18       		.uleb128 0x18
 1236 00d6 00       		.byte	0
ARM GAS  C:\Users\ELISHA~1\AppData\Local\Temp\ccJL2BSp.s 			page 29


 1237 00d7 00       		.byte	0
 1238 00d8 11       		.uleb128 0x11
 1239 00d9 0B       		.uleb128 0xb
 1240 00da 01       		.byte	0x1
 1241 00db 11       		.uleb128 0x11
 1242 00dc 01       		.uleb128 0x1
 1243 00dd 12       		.uleb128 0x12
 1244 00de 06       		.uleb128 0x6
 1245 00df 00       		.byte	0
 1246 00e0 00       		.byte	0
 1247 00e1 12       		.uleb128 0x12
 1248 00e2 34       		.uleb128 0x34
 1249 00e3 00       		.byte	0
 1250 00e4 03       		.uleb128 0x3
 1251 00e5 0E       		.uleb128 0xe
 1252 00e6 3A       		.uleb128 0x3a
 1253 00e7 0B       		.uleb128 0xb
 1254 00e8 3B       		.uleb128 0x3b
 1255 00e9 0B       		.uleb128 0xb
 1256 00ea 49       		.uleb128 0x49
 1257 00eb 13       		.uleb128 0x13
 1258 00ec 02       		.uleb128 0x2
 1259 00ed 18       		.uleb128 0x18
 1260 00ee 00       		.byte	0
 1261 00ef 00       		.byte	0
 1262 00f0 13       		.uleb128 0x13
 1263 00f1 26       		.uleb128 0x26
 1264 00f2 00       		.byte	0
 1265 00f3 49       		.uleb128 0x49
 1266 00f4 13       		.uleb128 0x13
 1267 00f5 00       		.byte	0
 1268 00f6 00       		.byte	0
 1269 00f7 14       		.uleb128 0x14
 1270 00f8 2E       		.uleb128 0x2e
 1271 00f9 00       		.byte	0
 1272 00fa 03       		.uleb128 0x3
 1273 00fb 0E       		.uleb128 0xe
 1274 00fc 3A       		.uleb128 0x3a
 1275 00fd 0B       		.uleb128 0xb
 1276 00fe 3B       		.uleb128 0x3b
 1277 00ff 0B       		.uleb128 0xb
 1278 0100 27       		.uleb128 0x27
 1279 0101 19       		.uleb128 0x19
 1280 0102 11       		.uleb128 0x11
 1281 0103 01       		.uleb128 0x1
 1282 0104 12       		.uleb128 0x12
 1283 0105 06       		.uleb128 0x6
 1284 0106 40       		.uleb128 0x40
 1285 0107 18       		.uleb128 0x18
 1286 0108 9642     		.uleb128 0x2116
 1287 010a 19       		.uleb128 0x19
 1288 010b 00       		.byte	0
 1289 010c 00       		.byte	0
 1290 010d 15       		.uleb128 0x15
 1291 010e 2E       		.uleb128 0x2e
 1292 010f 00       		.byte	0
 1293 0110 03       		.uleb128 0x3
ARM GAS  C:\Users\ELISHA~1\AppData\Local\Temp\ccJL2BSp.s 			page 30


 1294 0111 0E       		.uleb128 0xe
 1295 0112 3A       		.uleb128 0x3a
 1296 0113 0B       		.uleb128 0xb
 1297 0114 3B       		.uleb128 0x3b
 1298 0115 0B       		.uleb128 0xb
 1299 0116 27       		.uleb128 0x27
 1300 0117 19       		.uleb128 0x19
 1301 0118 11       		.uleb128 0x11
 1302 0119 01       		.uleb128 0x1
 1303 011a 12       		.uleb128 0x12
 1304 011b 06       		.uleb128 0x6
 1305 011c 40       		.uleb128 0x40
 1306 011d 18       		.uleb128 0x18
 1307 011e 9742     		.uleb128 0x2117
 1308 0120 19       		.uleb128 0x19
 1309 0121 00       		.byte	0
 1310 0122 00       		.byte	0
 1311 0123 16       		.uleb128 0x16
 1312 0124 2E       		.uleb128 0x2e
 1313 0125 01       		.byte	0x1
 1314 0126 3F       		.uleb128 0x3f
 1315 0127 19       		.uleb128 0x19
 1316 0128 03       		.uleb128 0x3
 1317 0129 0E       		.uleb128 0xe
 1318 012a 3A       		.uleb128 0x3a
 1319 012b 0B       		.uleb128 0xb
 1320 012c 3B       		.uleb128 0x3b
 1321 012d 05       		.uleb128 0x5
 1322 012e 27       		.uleb128 0x27
 1323 012f 19       		.uleb128 0x19
 1324 0130 11       		.uleb128 0x11
 1325 0131 01       		.uleb128 0x1
 1326 0132 12       		.uleb128 0x12
 1327 0133 06       		.uleb128 0x6
 1328 0134 40       		.uleb128 0x40
 1329 0135 18       		.uleb128 0x18
 1330 0136 9642     		.uleb128 0x2116
 1331 0138 19       		.uleb128 0x19
 1332 0139 01       		.uleb128 0x1
 1333 013a 13       		.uleb128 0x13
 1334 013b 00       		.byte	0
 1335 013c 00       		.byte	0
 1336 013d 17       		.uleb128 0x17
 1337 013e 34       		.uleb128 0x34
 1338 013f 00       		.byte	0
 1339 0140 03       		.uleb128 0x3
 1340 0141 0E       		.uleb128 0xe
 1341 0142 3A       		.uleb128 0x3a
 1342 0143 0B       		.uleb128 0xb
 1343 0144 3B       		.uleb128 0x3b
 1344 0145 05       		.uleb128 0x5
 1345 0146 49       		.uleb128 0x49
 1346 0147 13       		.uleb128 0x13
 1347 0148 02       		.uleb128 0x2
 1348 0149 18       		.uleb128 0x18
 1349 014a 00       		.byte	0
 1350 014b 00       		.byte	0
ARM GAS  C:\Users\ELISHA~1\AppData\Local\Temp\ccJL2BSp.s 			page 31


 1351 014c 18       		.uleb128 0x18
 1352 014d 13       		.uleb128 0x13
 1353 014e 01       		.byte	0x1
 1354 014f 0B       		.uleb128 0xb
 1355 0150 0B       		.uleb128 0xb
 1356 0151 3A       		.uleb128 0x3a
 1357 0152 0B       		.uleb128 0xb
 1358 0153 3B       		.uleb128 0x3b
 1359 0154 05       		.uleb128 0x5
 1360 0155 01       		.uleb128 0x1
 1361 0156 13       		.uleb128 0x13
 1362 0157 00       		.byte	0
 1363 0158 00       		.byte	0
 1364 0159 19       		.uleb128 0x19
 1365 015a 0D       		.uleb128 0xd
 1366 015b 00       		.byte	0
 1367 015c 03       		.uleb128 0x3
 1368 015d 0E       		.uleb128 0xe
 1369 015e 3A       		.uleb128 0x3a
 1370 015f 0B       		.uleb128 0xb
 1371 0160 3B       		.uleb128 0x3b
 1372 0161 05       		.uleb128 0x5
 1373 0162 49       		.uleb128 0x49
 1374 0163 13       		.uleb128 0x13
 1375 0164 38       		.uleb128 0x38
 1376 0165 0B       		.uleb128 0xb
 1377 0166 00       		.byte	0
 1378 0167 00       		.byte	0
 1379 0168 1A       		.uleb128 0x1a
 1380 0169 01       		.uleb128 0x1
 1381 016a 01       		.byte	0x1
 1382 016b 49       		.uleb128 0x49
 1383 016c 13       		.uleb128 0x13
 1384 016d 01       		.uleb128 0x1
 1385 016e 13       		.uleb128 0x13
 1386 016f 00       		.byte	0
 1387 0170 00       		.byte	0
 1388 0171 1B       		.uleb128 0x1b
 1389 0172 21       		.uleb128 0x21
 1390 0173 00       		.byte	0
 1391 0174 49       		.uleb128 0x49
 1392 0175 13       		.uleb128 0x13
 1393 0176 2F       		.uleb128 0x2f
 1394 0177 0B       		.uleb128 0xb
 1395 0178 00       		.byte	0
 1396 0179 00       		.byte	0
 1397 017a 1C       		.uleb128 0x1c
 1398 017b 34       		.uleb128 0x34
 1399 017c 00       		.byte	0
 1400 017d 03       		.uleb128 0x3
 1401 017e 08       		.uleb128 0x8
 1402 017f 3A       		.uleb128 0x3a
 1403 0180 0B       		.uleb128 0xb
 1404 0181 3B       		.uleb128 0x3b
 1405 0182 05       		.uleb128 0x5
 1406 0183 49       		.uleb128 0x49
 1407 0184 13       		.uleb128 0x13
ARM GAS  C:\Users\ELISHA~1\AppData\Local\Temp\ccJL2BSp.s 			page 32


 1408 0185 02       		.uleb128 0x2
 1409 0186 18       		.uleb128 0x18
 1410 0187 00       		.byte	0
 1411 0188 00       		.byte	0
 1412 0189 00       		.byte	0
 1413              		.section	.debug_aranges,"",%progbits
 1414 0000 4C000000 		.4byte	0x4c
 1415 0004 0200     		.2byte	0x2
 1416 0006 00000000 		.4byte	.Ldebug_info0
 1417 000a 04       		.byte	0x4
 1418 000b 00       		.byte	0
 1419 000c 0000     		.2byte	0
 1420 000e 0000     		.2byte	0
 1421 0010 00000000 		.4byte	.LFB0
 1422 0014 1E000000 		.4byte	.LFE0-.LFB0
 1423 0018 00000000 		.4byte	.LFB1
 1424 001c 22000000 		.4byte	.LFE1-.LFB1
 1425 0020 00000000 		.4byte	.LFB2
 1426 0024 22000000 		.4byte	.LFE2-.LFB2
 1427 0028 00000000 		.4byte	.LFB3
 1428 002c 80000000 		.4byte	.LFE3-.LFB3
 1429 0030 00000000 		.4byte	.LFB4
 1430 0034 7C000000 		.4byte	.LFE4-.LFB4
 1431 0038 00000000 		.4byte	.LFB5
 1432 003c 20000000 		.4byte	.LFE5-.LFB5
 1433 0040 7C000000 		.4byte	.LFB6
 1434 0044 30010000 		.4byte	.LFE6-.LFB6
 1435 0048 00000000 		.4byte	0
 1436 004c 00000000 		.4byte	0
 1437              		.section	.debug_ranges,"",%progbits
 1438              	.Ldebug_ranges0:
 1439 0000 00000000 		.4byte	.LFB0
 1440 0004 1E000000 		.4byte	.LFE0
 1441 0008 00000000 		.4byte	.LFB1
 1442 000c 22000000 		.4byte	.LFE1
 1443 0010 00000000 		.4byte	.LFB2
 1444 0014 22000000 		.4byte	.LFE2
 1445 0018 00000000 		.4byte	.LFB3
 1446 001c 80000000 		.4byte	.LFE3
 1447 0020 00000000 		.4byte	.LFB4
 1448 0024 7C000000 		.4byte	.LFE4
 1449 0028 00000000 		.4byte	.LFB5
 1450 002c 20000000 		.4byte	.LFE5
 1451 0030 7C000000 		.4byte	.LFB6
 1452 0034 AC010000 		.4byte	.LFE6
 1453 0038 00000000 		.4byte	0
 1454 003c 00000000 		.4byte	0
 1455              		.section	.debug_line,"",%progbits
 1456              	.Ldebug_line0:
 1457 0000 8E010000 		.section	.debug_str,"MS",%progbits,1
 1457      0200CD00 
 1457      00000201 
 1457      FB0E0D00 
 1457      01010101 
 1458              	.LASF18:
 1459 0000 72656733 		.ascii	"reg32\000"
 1459      3200
ARM GAS  C:\Users\ELISHA~1\AppData\Local\Temp\ccJL2BSp.s 			page 33


 1460              	.LASF11:
 1461 0006 73697A65 		.ascii	"size_t\000"
 1461      5F7400
 1462              	.LASF32:
 1463 000d 416E616C 		.ascii	"AnalogSetDefault\000"
 1463      6F675365 
 1463      74446566 
 1463      61756C74 
 1463      00
 1464              	.LASF20:
 1465 001e 76616C75 		.ascii	"value\000"
 1465      6500
 1466              	.LASF30:
 1467 0024 636F756E 		.ascii	"count\000"
 1467      7400
 1468              	.LASF31:
 1469 002a 436C6F63 		.ascii	"ClockSetup\000"
 1469      6B536574 
 1469      757000
 1470              	.LASF33:
 1471 0035 63795F63 		.ascii	"cy_cfg_addr_table\000"
 1471      66675F61 
 1471      6464725F 
 1471      7461626C 
 1471      6500
 1472              	.LASF34:
 1473 0047 63795F63 		.ascii	"cy_cfg_data_table\000"
 1473      66675F64 
 1473      6174615F 
 1473      7461626C 
 1473      6500
 1474              	.LASF15:
 1475 0059 666C6F61 		.ascii	"float\000"
 1475      7400
 1476              	.LASF24:
 1477 005f 64657374 		.ascii	"dest\000"
 1477      00
 1478              	.LASF38:
 1479 0064 6366675F 		.ascii	"cfg_memset_list\000"
 1479      6D656D73 
 1479      65745F6C 
 1479      69737400 
 1480              	.LASF36:
 1481 0074 73697A65 		.ascii	"size\000"
 1481      00
 1482              	.LASF17:
 1483 0079 72656738 		.ascii	"reg8\000"
 1483      00
 1484              	.LASF6:
 1485 007e 6C6F6E67 		.ascii	"long unsigned int\000"
 1485      20756E73 
 1485      69676E65 
 1485      6420696E 
 1485      7400
 1486              	.LASF12:
 1487 0090 75696E74 		.ascii	"uint8\000"
 1487      3800
ARM GAS  C:\Users\ELISHA~1\AppData\Local\Temp\ccJL2BSp.s 			page 34


 1488              	.LASF22:
 1489 0096 43594D45 		.ascii	"CYMEMZERO\000"
 1489      4D5A4552 
 1489      4F00
 1490              	.LASF2:
 1491 00a0 756E7369 		.ascii	"unsigned char\000"
 1491      676E6564 
 1491      20636861 
 1491      7200
 1492              	.LASF16:
 1493 00ae 646F7562 		.ascii	"double\000"
 1493      6C6500
 1494              	.LASF26:
 1495 00b5 6366675F 		.ascii	"cfg_write_bytes32\000"
 1495      77726974 
 1495      655F6279 
 1495      74657333 
 1495      3200
 1496              	.LASF42:
 1497 00c7 63796669 		.ascii	"cyfitter_cfg\000"
 1497      74746572 
 1497      5F636667 
 1497      00
 1498              	.LASF27:
 1499 00d4 61646472 		.ascii	"addr_table\000"
 1499      5F746162 
 1499      6C6500
 1500              	.LASF13:
 1501 00df 75696E74 		.ascii	"uint16\000"
 1501      313600
 1502              	.LASF28:
 1503 00e6 64617461 		.ascii	"data_table\000"
 1503      5F746162 
 1503      6C6500
 1504              	.LASF14:
 1505 00f1 75696E74 		.ascii	"uint32\000"
 1505      333200
 1506              	.LASF39:
 1507 00f8 474E5520 		.ascii	"GNU C 4.9.3 20150303 (release) [ARM/embedded-4_9-br"
 1507      4320342E 
 1507      392E3320 
 1507      32303135 
 1507      30333033 
 1508 012b 616E6368 		.ascii	"anch revision 221220] -mcpu=cortex-m0 -mthumb -g -O"
 1508      20726576 
 1508      6973696F 
 1508      6E203232 
 1508      31323230 
 1509 015e 30202D66 		.ascii	"0 -ffunction-sections -ffat-lto-objects\000"
 1509      66756E63 
 1509      74696F6E 
 1509      2D736563 
 1509      74696F6E 
 1510              	.LASF0:
 1511 0186 756E7369 		.ascii	"unsigned int\000"
 1511      676E6564 
 1511      20696E74 
ARM GAS  C:\Users\ELISHA~1\AppData\Local\Temp\ccJL2BSp.s 			page 35


 1511      00
 1512              	.LASF35:
 1513 0193 61646472 		.ascii	"address\000"
 1513      65737300 
 1514              	.LASF8:
 1515 019b 6C6F6E67 		.ascii	"long long unsigned int\000"
 1515      206C6F6E 
 1515      6720756E 
 1515      7369676E 
 1515      65642069 
 1516              	.LASF37:
 1517 01b2 6366675F 		.ascii	"cfg_memset_t\000"
 1517      6D656D73 
 1517      65745F74 
 1517      00
 1518              	.LASF29:
 1519 01bf 62617365 		.ascii	"baseAddr\000"
 1519      41646472 
 1519      00
 1520              	.LASF9:
 1521 01c8 73697A65 		.ascii	"sizetype\000"
 1521      74797065 
 1521      00
 1522              	.LASF40:
 1523 01d1 2E5C4765 		.ascii	".\\Generated_Source\\PSoC4\\cyfitter_cfg.c\000"
 1523      6E657261 
 1523      7465645F 
 1523      536F7572 
 1523      63655C50 
 1524              	.LASF7:
 1525 01f9 6C6F6E67 		.ascii	"long long int\000"
 1525      206C6F6E 
 1525      6720696E 
 1525      7400
 1526              	.LASF10:
 1527 0207 63686172 		.ascii	"char\000"
 1527      00
 1528              	.LASF21:
 1529 020c 63795F63 		.ascii	"cy_cfg_addrvalue_t\000"
 1529      66675F61 
 1529      64647276 
 1529      616C7565 
 1529      5F7400
 1530              	.LASF19:
 1531 021f 6F666673 		.ascii	"offset\000"
 1531      657400
 1532              	.LASF3:
 1533 0226 73686F72 		.ascii	"short int\000"
 1533      7420696E 
 1533      7400
 1534              	.LASF5:
 1535 0230 6C6F6E67 		.ascii	"long int\000"
 1535      20696E74 
 1535      00
 1536              	.LASF41:
 1537 0239 5C5C4D61 		.ascii	"\\\\Mac\\Home\\Documents\\Repos\\PSOC4Pioneer\\DieT"
 1537      635C486F 
ARM GAS  C:\Users\ELISHA~1\AppData\Local\Temp\ccJL2BSp.s 			page 36


 1537      6D655C44 
 1537      6F63756D 
 1537      656E7473 
 1538 0265 656D7041 		.ascii	"empADC\\ADC_SAR_Seq_DieTemp_PSoC401.cydsn\000"
 1538      44435C41 
 1538      44435F53 
 1538      41525F53 
 1538      65715F44 
 1539              	.LASF1:
 1540 028e 7369676E 		.ascii	"signed char\000"
 1540      65642063 
 1540      68617200 
 1541              	.LASF4:
 1542 029a 73686F72 		.ascii	"short unsigned int\000"
 1542      7420756E 
 1542      7369676E 
 1542      65642069 
 1542      6E7400
 1543              	.LASF25:
 1544 02ad 4359434F 		.ascii	"CYCONFIGCPYCODE\000"
 1544      4E464947 
 1544      43505943 
 1544      4F444500 
 1545              	.LASF23:
 1546 02bd 4359434F 		.ascii	"CYCONFIGCPY\000"
 1546      4E464947 
 1546      43505900 
 1547              		.ident	"GCC: (GNU Tools for ARM Embedded Processors) 4.9.3 20150303 (release) [ARM/embedded-4_9-br
