ARM GAS  C:\Users\ELISHA~1\AppData\Local\Temp\ccKlSFH4.s 			page 1


   1              		.cpu cortex-m0
   2              		.fpu softvfp
   3              		.eabi_attribute 20, 1
   4              		.eabi_attribute 21, 1
   5              		.eabi_attribute 23, 3
   6              		.eabi_attribute 24, 1
   7              		.eabi_attribute 25, 1
   8              		.eabi_attribute 26, 1
   9              		.eabi_attribute 30, 6
  10              		.eabi_attribute 34, 0
  11              		.eabi_attribute 18, 4
  12              		.code	16
  13              		.file	"UART.c"
  14              		.text
  15              	.Ltext0:
  16              		.cfi_sections	.debug_frame
  17              		.global	UART_pinNumber
  18              		.data
  19              		.align	2
  20              		.type	UART_pinNumber, %object
  21              		.size	UART_pinNumber, 4
  22              	UART_pinNumber:
  23 0000 05000000 		.word	5
  24              		.global	UART_pinPortNumber
  25              		.bss
  26              		.align	2
  27              		.type	UART_pinPortNumber, %object
  28              		.size	UART_pinPortNumber, 4
  29              	UART_pinPortNumber:
  30 0000 00000000 		.space	4
  31              		.global	UART_pinDrAdress
  32              		.data
  33              		.align	2
  34              		.type	UART_pinDrAdress, %object
  35              		.size	UART_pinDrAdress, 4
  36              	UART_pinDrAdress:
  37 0004 00000440 		.word	1074003968
  38              		.section	.text.UART_Start,"ax",%progbits
  39              		.align	2
  40              		.global	UART_Start
  41              		.code	16
  42              		.thumb_func
  43              		.type	UART_Start, %function
  44              	UART_Start:
  45              	.LFB0:
  46              		.file 1 ".\\Generated_Source\\PSoC4\\UART.c"
   1:.\Generated_Source\PSoC4/UART.c **** /*******************************************************************************
   2:.\Generated_Source\PSoC4/UART.c **** * File Name: UART.c
   3:.\Generated_Source\PSoC4/UART.c **** * Version 1.40
   4:.\Generated_Source\PSoC4/UART.c **** *
   5:.\Generated_Source\PSoC4/UART.c **** * Description:
   6:.\Generated_Source\PSoC4/UART.c **** *  This file provides the source code to the API for the Software Transmit UART.
   7:.\Generated_Source\PSoC4/UART.c **** *
   8:.\Generated_Source\PSoC4/UART.c **** ********************************************************************************
   9:.\Generated_Source\PSoC4/UART.c **** * Copyright 2013-2015, Cypress Semiconductor Corporation.  All rights reserved.
  10:.\Generated_Source\PSoC4/UART.c **** * You may use this file only in accordance with the license, terms, conditions,
  11:.\Generated_Source\PSoC4/UART.c **** * disclaimers, and limitations in the end user license agreement accompanying
ARM GAS  C:\Users\ELISHA~1\AppData\Local\Temp\ccKlSFH4.s 			page 2


  12:.\Generated_Source\PSoC4/UART.c **** * the software package with which this file was provided.
  13:.\Generated_Source\PSoC4/UART.c **** *******************************************************************************/
  14:.\Generated_Source\PSoC4/UART.c **** 
  15:.\Generated_Source\PSoC4/UART.c **** #include "UART_PVT.h"
  16:.\Generated_Source\PSoC4/UART.c **** 
  17:.\Generated_Source\PSoC4/UART.c **** #if(UART_PIN_STATIC_MODE == 1u)
  18:.\Generated_Source\PSoC4/UART.c ****     uint32 UART_pinNumber = UART_PIN_NUMBER;
  19:.\Generated_Source\PSoC4/UART.c ****     uint32 UART_pinPortNumber = UART_PIN_PORT_NUMBER;
  20:.\Generated_Source\PSoC4/UART.c ****     #if(CY_PSOC3)
  21:.\Generated_Source\PSoC4/UART.c ****         uint32 pdata UART_pinDrAdress = UART_PIN_DR;
  22:.\Generated_Source\PSoC4/UART.c ****     #else
  23:.\Generated_Source\PSoC4/UART.c ****         uint32 UART_pinDrAdress = UART_PIN_DR;
  24:.\Generated_Source\PSoC4/UART.c ****     #endif /* (CY_PSOC3) */
  25:.\Generated_Source\PSoC4/UART.c **** #else
  26:.\Generated_Source\PSoC4/UART.c ****     uint32 UART_pinNumber;
  27:.\Generated_Source\PSoC4/UART.c ****     uint32 UART_pinPortNumber;
  28:.\Generated_Source\PSoC4/UART.c ****     #if(CY_PSOC3)
  29:.\Generated_Source\PSoC4/UART.c ****         uint32 pdata UART_pinDrAdress;
  30:.\Generated_Source\PSoC4/UART.c ****     #else
  31:.\Generated_Source\PSoC4/UART.c ****         uint32 UART_pinDrAdress;
  32:.\Generated_Source\PSoC4/UART.c ****     #endif /* (CY_PSOC3) */
  33:.\Generated_Source\PSoC4/UART.c **** #endif /* (UART_PIN_STATIC_MODE == 1u) */
  34:.\Generated_Source\PSoC4/UART.c **** 
  35:.\Generated_Source\PSoC4/UART.c **** 
  36:.\Generated_Source\PSoC4/UART.c **** #if(UART_PIN_STATIC_MODE == 1u)
  37:.\Generated_Source\PSoC4/UART.c ****     /*******************************************************************************
  38:.\Generated_Source\PSoC4/UART.c ****     * Function Name: UART_Start
  39:.\Generated_Source\PSoC4/UART.c ****     ********************************************************************************
  40:.\Generated_Source\PSoC4/UART.c ****     *
  41:.\Generated_Source\PSoC4/UART.c ****     * Summary:
  42:.\Generated_Source\PSoC4/UART.c ****     *  Empty function. Included for consistency with other
  43:.\Generated_Source\PSoC4/UART.c ****     *  components. This API is not available when PinAssignmentMethod
  44:.\Generated_Source\PSoC4/UART.c ****     *  is set to Dynamic.
  45:.\Generated_Source\PSoC4/UART.c ****     *
  46:.\Generated_Source\PSoC4/UART.c ****     * Parameters:
  47:.\Generated_Source\PSoC4/UART.c ****     *  None
  48:.\Generated_Source\PSoC4/UART.c ****     *
  49:.\Generated_Source\PSoC4/UART.c ****     * Return:
  50:.\Generated_Source\PSoC4/UART.c ****     *  None
  51:.\Generated_Source\PSoC4/UART.c ****     *
  52:.\Generated_Source\PSoC4/UART.c ****     *******************************************************************************/
  53:.\Generated_Source\PSoC4/UART.c ****     void UART_Start(void) 
  54:.\Generated_Source\PSoC4/UART.c ****     {
  47              		.loc 1 54 0
  48              		.cfi_startproc
  49 0000 80B5     		push	{r7, lr}
  50              		.cfi_def_cfa_offset 8
  51              		.cfi_offset 7, -8
  52              		.cfi_offset 14, -4
  53 0002 00AF     		add	r7, sp, #0
  54              		.cfi_def_cfa_register 7
  55:.\Generated_Source\PSoC4/UART.c **** 
  56:.\Generated_Source\PSoC4/UART.c ****     }
  55              		.loc 1 56 0
  56 0004 BD46     		mov	sp, r7
  57              		@ sp needed
  58 0006 80BD     		pop	{r7, pc}
ARM GAS  C:\Users\ELISHA~1\AppData\Local\Temp\ccKlSFH4.s 			page 3


  59              		.cfi_endproc
  60              	.LFE0:
  61              		.size	UART_Start, .-UART_Start
  62              		.section	.text.UART_Stop,"ax",%progbits
  63              		.align	2
  64              		.global	UART_Stop
  65              		.code	16
  66              		.thumb_func
  67              		.type	UART_Stop, %function
  68              	UART_Stop:
  69              	.LFB1:
  57:.\Generated_Source\PSoC4/UART.c **** #else
  58:.\Generated_Source\PSoC4/UART.c ****     /*******************************************************************************
  59:.\Generated_Source\PSoC4/UART.c ****     * Function Name: UART_StartEx
  60:.\Generated_Source\PSoC4/UART.c ****     ********************************************************************************
  61:.\Generated_Source\PSoC4/UART.c ****     *
  62:.\Generated_Source\PSoC4/UART.c ****     * Summary:
  63:.\Generated_Source\PSoC4/UART.c ****     *  Configures the SW Tx UART to use the pin specified
  64:.\Generated_Source\PSoC4/UART.c ****     *  by the parameters. This API is only available when
  65:.\Generated_Source\PSoC4/UART.c ****     *  PinAssignmentMethod is set to Dynamic.
  66:.\Generated_Source\PSoC4/UART.c ****     *
  67:.\Generated_Source\PSoC4/UART.c ****     * Parameters:
  68:.\Generated_Source\PSoC4/UART.c ****     *  port:  Port number for dynamic pin assignment
  69:.\Generated_Source\PSoC4/UART.c ****     *  pin:   Pin number for dynamic pin assignment
  70:.\Generated_Source\PSoC4/UART.c ****     *
  71:.\Generated_Source\PSoC4/UART.c ****     * Return:
  72:.\Generated_Source\PSoC4/UART.c ****     *  None
  73:.\Generated_Source\PSoC4/UART.c ****     *
  74:.\Generated_Source\PSoC4/UART.c ****     *******************************************************************************/
  75:.\Generated_Source\PSoC4/UART.c ****     void UART_StartEx(uint8 port, uint8 pin) 
  76:.\Generated_Source\PSoC4/UART.c ****     {
  77:.\Generated_Source\PSoC4/UART.c ****         uint32 portConfigAddr;
  78:.\Generated_Source\PSoC4/UART.c **** 
  79:.\Generated_Source\PSoC4/UART.c ****         #if (CY_PSOC4)
  80:.\Generated_Source\PSoC4/UART.c ****             uint32 portDataRegAddr;
  81:.\Generated_Source\PSoC4/UART.c ****         #endif /* (CY_PSOC4) */
  82:.\Generated_Source\PSoC4/UART.c **** 
  83:.\Generated_Source\PSoC4/UART.c ****         if ((pin <= UART_MAX_PIN_NUMBER) && (port <= UART_MAX_PORT_NUMBER))
  84:.\Generated_Source\PSoC4/UART.c ****         {
  85:.\Generated_Source\PSoC4/UART.c ****             #if (!CY_PSOC4)
  86:.\Generated_Source\PSoC4/UART.c ****                 portConfigAddr = UART_PORT_CNF_BASE;
  87:.\Generated_Source\PSoC4/UART.c ****                 portConfigAddr += ((uint32)port * (UART_MAX_PIN_NUMBER + 1u)) + pin;
  88:.\Generated_Source\PSoC4/UART.c ****                 CyPins_SetPinDriveMode(portConfigAddr, CY_PINS_DM_STRONG);
  89:.\Generated_Source\PSoC4/UART.c ****                 CyPins_SetPin(portConfigAddr);
  90:.\Generated_Source\PSoC4/UART.c ****                 UART_pinDrAdress = portConfigAddr;
  91:.\Generated_Source\PSoC4/UART.c ****             #else
  92:.\Generated_Source\PSoC4/UART.c ****                 portConfigAddr = UART_PORT_CNF_BASE + (UART_PORT_CNF_SIZE * port) +
  93:.\Generated_Source\PSoC4/UART.c ****                                                                                 UART_PORT_CNF_MODE_
  94:.\Generated_Source\PSoC4/UART.c ****                 CY_SYS_PINS_SET_DRIVE_MODE(portConfigAddr, pin, CY_SYS_PINS_DM_STRONG);
  95:.\Generated_Source\PSoC4/UART.c ****                 portDataRegAddr = UART_PORT_CNF_BASE + (UART_PORT_CNF_SIZE * port) +
  96:.\Generated_Source\PSoC4/UART.c ****                                                                                 UART_PORT_CNF_DR_OF
  97:.\Generated_Source\PSoC4/UART.c ****                 CY_SYS_PINS_SET_PIN(portDataRegAddr, pin);
  98:.\Generated_Source\PSoC4/UART.c ****                 UART_pinDrAdress = portDataRegAddr;
  99:.\Generated_Source\PSoC4/UART.c ****             #endif /* (!CY_PSOC4) */
 100:.\Generated_Source\PSoC4/UART.c ****             UART_pinNumber = pin;
 101:.\Generated_Source\PSoC4/UART.c ****             UART_pinPortNumber = port;
 102:.\Generated_Source\PSoC4/UART.c ****         }
ARM GAS  C:\Users\ELISHA~1\AppData\Local\Temp\ccKlSFH4.s 			page 4


 103:.\Generated_Source\PSoC4/UART.c ****     }
 104:.\Generated_Source\PSoC4/UART.c **** #endif /* (UART_PIN_STATIC_MODE == 1u) */
 105:.\Generated_Source\PSoC4/UART.c **** 
 106:.\Generated_Source\PSoC4/UART.c **** 
 107:.\Generated_Source\PSoC4/UART.c **** /*******************************************************************************
 108:.\Generated_Source\PSoC4/UART.c **** * Function Name: UART_Stop
 109:.\Generated_Source\PSoC4/UART.c **** ********************************************************************************
 110:.\Generated_Source\PSoC4/UART.c **** *
 111:.\Generated_Source\PSoC4/UART.c **** * Summary:
 112:.\Generated_Source\PSoC4/UART.c **** *  Empty function. Included for consistency with other components.
 113:.\Generated_Source\PSoC4/UART.c **** *
 114:.\Generated_Source\PSoC4/UART.c **** * Parameters:
 115:.\Generated_Source\PSoC4/UART.c **** *  None
 116:.\Generated_Source\PSoC4/UART.c **** *
 117:.\Generated_Source\PSoC4/UART.c **** * Return:
 118:.\Generated_Source\PSoC4/UART.c **** *  None
 119:.\Generated_Source\PSoC4/UART.c **** *
 120:.\Generated_Source\PSoC4/UART.c **** *******************************************************************************/
 121:.\Generated_Source\PSoC4/UART.c **** void UART_Stop(void) 
 122:.\Generated_Source\PSoC4/UART.c **** {
  70              		.loc 1 122 0
  71              		.cfi_startproc
  72 0000 80B5     		push	{r7, lr}
  73              		.cfi_def_cfa_offset 8
  74              		.cfi_offset 7, -8
  75              		.cfi_offset 14, -4
  76 0002 00AF     		add	r7, sp, #0
  77              		.cfi_def_cfa_register 7
 123:.\Generated_Source\PSoC4/UART.c **** 
 124:.\Generated_Source\PSoC4/UART.c **** }
  78              		.loc 1 124 0
  79 0004 BD46     		mov	sp, r7
  80              		@ sp needed
  81 0006 80BD     		pop	{r7, pc}
  82              		.cfi_endproc
  83              	.LFE1:
  84              		.size	UART_Stop, .-UART_Stop
  85              		.section	.text.UART_PutString,"ax",%progbits
  86              		.align	2
  87              		.global	UART_PutString
  88              		.code	16
  89              		.thumb_func
  90              		.type	UART_PutString, %function
  91              	UART_PutString:
  92              	.LFB2:
 125:.\Generated_Source\PSoC4/UART.c **** 
 126:.\Generated_Source\PSoC4/UART.c **** 
 127:.\Generated_Source\PSoC4/UART.c **** /*******************************************************************************
 128:.\Generated_Source\PSoC4/UART.c **** * Function Name: UART_PutString
 129:.\Generated_Source\PSoC4/UART.c **** ********************************************************************************
 130:.\Generated_Source\PSoC4/UART.c **** *
 131:.\Generated_Source\PSoC4/UART.c **** * Summary:
 132:.\Generated_Source\PSoC4/UART.c **** *  Sends a NULL terminated string via the Tx pin.
 133:.\Generated_Source\PSoC4/UART.c **** *
 134:.\Generated_Source\PSoC4/UART.c **** * Parameters:
 135:.\Generated_Source\PSoC4/UART.c **** *  string: Pointer to the null terminated string to send
 136:.\Generated_Source\PSoC4/UART.c **** *
ARM GAS  C:\Users\ELISHA~1\AppData\Local\Temp\ccKlSFH4.s 			page 5


 137:.\Generated_Source\PSoC4/UART.c **** * Return:
 138:.\Generated_Source\PSoC4/UART.c **** *  None
 139:.\Generated_Source\PSoC4/UART.c **** *
 140:.\Generated_Source\PSoC4/UART.c **** *******************************************************************************/
 141:.\Generated_Source\PSoC4/UART.c **** void UART_PutString(const char8 string[]) 
 142:.\Generated_Source\PSoC4/UART.c **** {
  93              		.loc 1 142 0
  94              		.cfi_startproc
  95 0000 80B5     		push	{r7, lr}
  96              		.cfi_def_cfa_offset 8
  97              		.cfi_offset 7, -8
  98              		.cfi_offset 14, -4
  99 0002 84B0     		sub	sp, sp, #16
 100              		.cfi_def_cfa_offset 24
 101 0004 00AF     		add	r7, sp, #0
 102              		.cfi_def_cfa_register 7
 103 0006 7860     		str	r0, [r7, #4]
 143:.\Generated_Source\PSoC4/UART.c ****     uint8 stringIndex = 1u;
 104              		.loc 1 143 0
 105 0008 0F23     		mov	r3, #15
 106 000a FB18     		add	r3, r7, r3
 107 000c 0122     		mov	r2, #1
 108 000e 1A70     		strb	r2, [r3]
 144:.\Generated_Source\PSoC4/UART.c ****     char8 current = *string;
 109              		.loc 1 144 0
 110 0010 0E23     		mov	r3, #14
 111 0012 FB18     		add	r3, r7, r3
 112 0014 7A68     		ldr	r2, [r7, #4]
 113 0016 1278     		ldrb	r2, [r2]
 114 0018 1A70     		strb	r2, [r3]
 145:.\Generated_Source\PSoC4/UART.c **** 
 146:.\Generated_Source\PSoC4/UART.c ****     /* Until null is reached, print next character */
 147:.\Generated_Source\PSoC4/UART.c ****     while((char8) '\0' != current)
 115              		.loc 1 147 0
 116 001a 15E0     		b	.L4
 117              	.L5:
 148:.\Generated_Source\PSoC4/UART.c ****     {
 149:.\Generated_Source\PSoC4/UART.c ****         UART_PutChar((uint8)current);
 118              		.loc 1 149 0
 119 001c 0E23     		mov	r3, #14
 120 001e FB18     		add	r3, r7, r3
 121 0020 1B78     		ldrb	r3, [r3]
 122 0022 181C     		mov	r0, r3
 123 0024 FFF7FEFF 		bl	UART_PutChar
 150:.\Generated_Source\PSoC4/UART.c ****         current = string[stringIndex];
 124              		.loc 1 150 0
 125 0028 0F23     		mov	r3, #15
 126 002a FB18     		add	r3, r7, r3
 127 002c 1B78     		ldrb	r3, [r3]
 128 002e 7A68     		ldr	r2, [r7, #4]
 129 0030 D218     		add	r2, r2, r3
 130 0032 0E23     		mov	r3, #14
 131 0034 FB18     		add	r3, r7, r3
 132 0036 1278     		ldrb	r2, [r2]
 133 0038 1A70     		strb	r2, [r3]
 151:.\Generated_Source\PSoC4/UART.c ****         stringIndex++;
 134              		.loc 1 151 0
ARM GAS  C:\Users\ELISHA~1\AppData\Local\Temp\ccKlSFH4.s 			page 6


 135 003a 0F23     		mov	r3, #15
 136 003c FB18     		add	r3, r7, r3
 137 003e 1A78     		ldrb	r2, [r3]
 138 0040 0F23     		mov	r3, #15
 139 0042 FB18     		add	r3, r7, r3
 140 0044 0132     		add	r2, r2, #1
 141 0046 1A70     		strb	r2, [r3]
 142              	.L4:
 147:.\Generated_Source\PSoC4/UART.c ****     {
 143              		.loc 1 147 0
 144 0048 0E23     		mov	r3, #14
 145 004a FB18     		add	r3, r7, r3
 146 004c 1B78     		ldrb	r3, [r3]
 147 004e 002B     		cmp	r3, #0
 148 0050 E4D1     		bne	.L5
 152:.\Generated_Source\PSoC4/UART.c ****     }
 153:.\Generated_Source\PSoC4/UART.c **** }
 149              		.loc 1 153 0
 150 0052 BD46     		mov	sp, r7
 151 0054 04B0     		add	sp, sp, #16
 152              		@ sp needed
 153 0056 80BD     		pop	{r7, pc}
 154              		.cfi_endproc
 155              	.LFE2:
 156              		.size	UART_PutString, .-UART_PutString
 157              		.section	.text.UART_PutArray,"ax",%progbits
 158              		.align	2
 159              		.global	UART_PutArray
 160              		.code	16
 161              		.thumb_func
 162              		.type	UART_PutArray, %function
 163              	UART_PutArray:
 164              	.LFB3:
 154:.\Generated_Source\PSoC4/UART.c **** 
 155:.\Generated_Source\PSoC4/UART.c **** 
 156:.\Generated_Source\PSoC4/UART.c **** /*******************************************************************************
 157:.\Generated_Source\PSoC4/UART.c **** * Function Name: UART_PutArray
 158:.\Generated_Source\PSoC4/UART.c **** ********************************************************************************
 159:.\Generated_Source\PSoC4/UART.c **** *
 160:.\Generated_Source\PSoC4/UART.c **** * Summary:
 161:.\Generated_Source\PSoC4/UART.c **** *  Sends byteCount bytes from a memory array via the Tx pin.
 162:.\Generated_Source\PSoC4/UART.c **** *
 163:.\Generated_Source\PSoC4/UART.c **** * Parameters:
 164:.\Generated_Source\PSoC4/UART.c **** *  data: Pointer to the memory array
 165:.\Generated_Source\PSoC4/UART.c **** *  byteCount: Number of bytes to be transmitted
 166:.\Generated_Source\PSoC4/UART.c **** *
 167:.\Generated_Source\PSoC4/UART.c **** * Return:
 168:.\Generated_Source\PSoC4/UART.c **** *  None
 169:.\Generated_Source\PSoC4/UART.c **** *
 170:.\Generated_Source\PSoC4/UART.c **** *******************************************************************************/
 171:.\Generated_Source\PSoC4/UART.c **** void UART_PutArray(const uint8 array[], uint32 byteCount) 
 172:.\Generated_Source\PSoC4/UART.c **** {
 165              		.loc 1 172 0
 166              		.cfi_startproc
 167 0000 80B5     		push	{r7, lr}
 168              		.cfi_def_cfa_offset 8
 169              		.cfi_offset 7, -8
ARM GAS  C:\Users\ELISHA~1\AppData\Local\Temp\ccKlSFH4.s 			page 7


 170              		.cfi_offset 14, -4
 171 0002 84B0     		sub	sp, sp, #16
 172              		.cfi_def_cfa_offset 24
 173 0004 00AF     		add	r7, sp, #0
 174              		.cfi_def_cfa_register 7
 175 0006 7860     		str	r0, [r7, #4]
 176 0008 3960     		str	r1, [r7]
 173:.\Generated_Source\PSoC4/UART.c ****     uint32 arrayIndex;
 174:.\Generated_Source\PSoC4/UART.c **** 
 175:.\Generated_Source\PSoC4/UART.c ****     for (arrayIndex = 0u; arrayIndex < byteCount; arrayIndex++)
 177              		.loc 1 175 0
 178 000a 0023     		mov	r3, #0
 179 000c FB60     		str	r3, [r7, #12]
 180 000e 09E0     		b	.L7
 181              	.L8:
 176:.\Generated_Source\PSoC4/UART.c ****     {
 177:.\Generated_Source\PSoC4/UART.c ****         UART_PutChar(array[arrayIndex]);
 182              		.loc 1 177 0 discriminator 3
 183 0010 7A68     		ldr	r2, [r7, #4]
 184 0012 FB68     		ldr	r3, [r7, #12]
 185 0014 D318     		add	r3, r2, r3
 186 0016 1B78     		ldrb	r3, [r3]
 187 0018 181C     		mov	r0, r3
 188 001a FFF7FEFF 		bl	UART_PutChar
 175:.\Generated_Source\PSoC4/UART.c ****     {
 189              		.loc 1 175 0 discriminator 3
 190 001e FB68     		ldr	r3, [r7, #12]
 191 0020 0133     		add	r3, r3, #1
 192 0022 FB60     		str	r3, [r7, #12]
 193              	.L7:
 175:.\Generated_Source\PSoC4/UART.c ****     {
 194              		.loc 1 175 0 is_stmt 0 discriminator 1
 195 0024 FA68     		ldr	r2, [r7, #12]
 196 0026 3B68     		ldr	r3, [r7]
 197 0028 9A42     		cmp	r2, r3
 198 002a F1D3     		bcc	.L8
 178:.\Generated_Source\PSoC4/UART.c ****     }
 179:.\Generated_Source\PSoC4/UART.c **** }
 199              		.loc 1 179 0 is_stmt 1
 200 002c BD46     		mov	sp, r7
 201 002e 04B0     		add	sp, sp, #16
 202              		@ sp needed
 203 0030 80BD     		pop	{r7, pc}
 204              		.cfi_endproc
 205              	.LFE3:
 206              		.size	UART_PutArray, .-UART_PutArray
 207 0032 C046     		.section	.text.UART_PutHexByte,"ax",%progbits
 208              		.align	2
 209              		.global	UART_PutHexByte
 210              		.code	16
 211              		.thumb_func
 212              		.type	UART_PutHexByte, %function
 213              	UART_PutHexByte:
 214              	.LFB4:
 180:.\Generated_Source\PSoC4/UART.c **** 
 181:.\Generated_Source\PSoC4/UART.c **** 
 182:.\Generated_Source\PSoC4/UART.c **** /*******************************************************************************
ARM GAS  C:\Users\ELISHA~1\AppData\Local\Temp\ccKlSFH4.s 			page 8


 183:.\Generated_Source\PSoC4/UART.c **** * Function Name: UART_PutHexByte
 184:.\Generated_Source\PSoC4/UART.c **** ********************************************************************************
 185:.\Generated_Source\PSoC4/UART.c **** *
 186:.\Generated_Source\PSoC4/UART.c **** * Summary:
 187:.\Generated_Source\PSoC4/UART.c **** *  Sends a byte in Hex representation (two characters, uppercase for A-F) via
 188:.\Generated_Source\PSoC4/UART.c **** *  the Tx pin.
 189:.\Generated_Source\PSoC4/UART.c **** *
 190:.\Generated_Source\PSoC4/UART.c **** * Parameters:
 191:.\Generated_Source\PSoC4/UART.c **** *  TxHexByte: The byte to be converted to ASCII characters and
 192:.\Generated_Source\PSoC4/UART.c **** *             sent via the Tx pin.
 193:.\Generated_Source\PSoC4/UART.c **** *
 194:.\Generated_Source\PSoC4/UART.c **** * Return:
 195:.\Generated_Source\PSoC4/UART.c **** *  None
 196:.\Generated_Source\PSoC4/UART.c **** *
 197:.\Generated_Source\PSoC4/UART.c **** *******************************************************************************/
 198:.\Generated_Source\PSoC4/UART.c **** void UART_PutHexByte(uint8 txHexByte) 
 199:.\Generated_Source\PSoC4/UART.c **** {
 215              		.loc 1 199 0
 216              		.cfi_startproc
 217 0000 80B5     		push	{r7, lr}
 218              		.cfi_def_cfa_offset 8
 219              		.cfi_offset 7, -8
 220              		.cfi_offset 14, -4
 221 0002 82B0     		sub	sp, sp, #8
 222              		.cfi_def_cfa_offset 16
 223 0004 00AF     		add	r7, sp, #0
 224              		.cfi_def_cfa_register 7
 225 0006 021C     		mov	r2, r0
 226 0008 FB1D     		add	r3, r7, #7
 227 000a 1A70     		strb	r2, [r3]
 200:.\Generated_Source\PSoC4/UART.c ****     static char8 const CYCODE UART_hex[] = "0123456789ABCDEF";
 201:.\Generated_Source\PSoC4/UART.c **** 
 202:.\Generated_Source\PSoC4/UART.c ****     UART_PutChar((uint8) UART_hex[txHexByte >> UART_BYTE_UPPER_NIBBLE_SHIFT]);
 228              		.loc 1 202 0
 229 000c FB1D     		add	r3, r7, #7
 230 000e 1B78     		ldrb	r3, [r3]
 231 0010 1B09     		lsr	r3, r3, #4
 232 0012 DBB2     		uxtb	r3, r3
 233 0014 1A1C     		mov	r2, r3
 234 0016 084B     		ldr	r3, .L10
 235 0018 9B5C     		ldrb	r3, [r3, r2]
 236 001a 181C     		mov	r0, r3
 237 001c FFF7FEFF 		bl	UART_PutChar
 203:.\Generated_Source\PSoC4/UART.c ****     UART_PutChar((uint8) UART_hex[txHexByte & UART_BYTE_LOWER_NIBBLE_MASK]);
 238              		.loc 1 203 0
 239 0020 FB1D     		add	r3, r7, #7
 240 0022 1B78     		ldrb	r3, [r3]
 241 0024 0F22     		mov	r2, #15
 242 0026 1340     		and	r3, r2
 243 0028 034A     		ldr	r2, .L10
 244 002a D35C     		ldrb	r3, [r2, r3]
 245 002c 181C     		mov	r0, r3
 246 002e FFF7FEFF 		bl	UART_PutChar
 204:.\Generated_Source\PSoC4/UART.c **** }
 247              		.loc 1 204 0
 248 0032 BD46     		mov	sp, r7
 249 0034 02B0     		add	sp, sp, #8
ARM GAS  C:\Users\ELISHA~1\AppData\Local\Temp\ccKlSFH4.s 			page 9


 250              		@ sp needed
 251 0036 80BD     		pop	{r7, pc}
 252              	.L11:
 253              		.align	2
 254              	.L10:
 255 0038 00000000 		.word	UART_hex.4188
 256              		.cfi_endproc
 257              	.LFE4:
 258              		.size	UART_PutHexByte, .-UART_PutHexByte
 259              		.section	.text.UART_PutHexInt,"ax",%progbits
 260              		.align	2
 261              		.global	UART_PutHexInt
 262              		.code	16
 263              		.thumb_func
 264              		.type	UART_PutHexInt, %function
 265              	UART_PutHexInt:
 266              	.LFB5:
 205:.\Generated_Source\PSoC4/UART.c **** 
 206:.\Generated_Source\PSoC4/UART.c **** 
 207:.\Generated_Source\PSoC4/UART.c **** /*******************************************************************************
 208:.\Generated_Source\PSoC4/UART.c **** * Function Name: UART_PutHexInt
 209:.\Generated_Source\PSoC4/UART.c **** ********************************************************************************
 210:.\Generated_Source\PSoC4/UART.c **** *
 211:.\Generated_Source\PSoC4/UART.c **** * Summary:
 212:.\Generated_Source\PSoC4/UART.c **** *  Sends a 16-bit unsigned integer in Hex representation (four characters,
 213:.\Generated_Source\PSoC4/UART.c **** *  uppercase for A-F) via the Tx pin.
 214:.\Generated_Source\PSoC4/UART.c **** *
 215:.\Generated_Source\PSoC4/UART.c **** * Parameters:
 216:.\Generated_Source\PSoC4/UART.c **** *  TxHexInt: The uint16 to be converted to ASCII characters and sent via
 217:.\Generated_Source\PSoC4/UART.c **** *            the Tx pin.
 218:.\Generated_Source\PSoC4/UART.c **** *
 219:.\Generated_Source\PSoC4/UART.c **** * Return:
 220:.\Generated_Source\PSoC4/UART.c **** *  None
 221:.\Generated_Source\PSoC4/UART.c **** *
 222:.\Generated_Source\PSoC4/UART.c **** *******************************************************************************/
 223:.\Generated_Source\PSoC4/UART.c **** void UART_PutHexInt(uint16 txHexInt) 
 224:.\Generated_Source\PSoC4/UART.c **** {
 267              		.loc 1 224 0
 268              		.cfi_startproc
 269 0000 80B5     		push	{r7, lr}
 270              		.cfi_def_cfa_offset 8
 271              		.cfi_offset 7, -8
 272              		.cfi_offset 14, -4
 273 0002 82B0     		sub	sp, sp, #8
 274              		.cfi_def_cfa_offset 16
 275 0004 00AF     		add	r7, sp, #0
 276              		.cfi_def_cfa_register 7
 277 0006 021C     		mov	r2, r0
 278 0008 BB1D     		add	r3, r7, #6
 279 000a 1A80     		strh	r2, [r3]
 225:.\Generated_Source\PSoC4/UART.c ****     UART_PutHexByte((uint8)(txHexInt >> UART_U16_UPPER_BYTE_SHIFT));
 280              		.loc 1 225 0
 281 000c BB1D     		add	r3, r7, #6
 282 000e 1B88     		ldrh	r3, [r3]
 283 0010 1B0A     		lsr	r3, r3, #8
 284 0012 9BB2     		uxth	r3, r3
 285 0014 DBB2     		uxtb	r3, r3
ARM GAS  C:\Users\ELISHA~1\AppData\Local\Temp\ccKlSFH4.s 			page 10


 286 0016 181C     		mov	r0, r3
 287 0018 FFF7FEFF 		bl	UART_PutHexByte
 226:.\Generated_Source\PSoC4/UART.c ****     UART_PutHexByte((uint8)(txHexInt & UART_U16_LOWER_BYTE_MASK));
 288              		.loc 1 226 0
 289 001c BB1D     		add	r3, r7, #6
 290 001e 1B88     		ldrh	r3, [r3]
 291 0020 DBB2     		uxtb	r3, r3
 292 0022 181C     		mov	r0, r3
 293 0024 FFF7FEFF 		bl	UART_PutHexByte
 227:.\Generated_Source\PSoC4/UART.c **** }
 294              		.loc 1 227 0
 295 0028 BD46     		mov	sp, r7
 296 002a 02B0     		add	sp, sp, #8
 297              		@ sp needed
 298 002c 80BD     		pop	{r7, pc}
 299              		.cfi_endproc
 300              	.LFE5:
 301              		.size	UART_PutHexInt, .-UART_PutHexInt
 302 002e C046     		.section	.text.UART_PutCRLF,"ax",%progbits
 303              		.align	2
 304              		.global	UART_PutCRLF
 305              		.code	16
 306              		.thumb_func
 307              		.type	UART_PutCRLF, %function
 308              	UART_PutCRLF:
 309              	.LFB6:
 228:.\Generated_Source\PSoC4/UART.c **** 
 229:.\Generated_Source\PSoC4/UART.c **** 
 230:.\Generated_Source\PSoC4/UART.c **** /*******************************************************************************
 231:.\Generated_Source\PSoC4/UART.c **** * Function Name: UART_PutCRLF
 232:.\Generated_Source\PSoC4/UART.c **** ********************************************************************************
 233:.\Generated_Source\PSoC4/UART.c **** *
 234:.\Generated_Source\PSoC4/UART.c **** * Summary:
 235:.\Generated_Source\PSoC4/UART.c **** *  Sends a carriage return (0x0D) and a line feed (0x0A) via the Tx pin.
 236:.\Generated_Source\PSoC4/UART.c **** *
 237:.\Generated_Source\PSoC4/UART.c **** * Parameters:
 238:.\Generated_Source\PSoC4/UART.c **** *  None
 239:.\Generated_Source\PSoC4/UART.c **** *
 240:.\Generated_Source\PSoC4/UART.c **** * Return:
 241:.\Generated_Source\PSoC4/UART.c **** *  None
 242:.\Generated_Source\PSoC4/UART.c **** *
 243:.\Generated_Source\PSoC4/UART.c **** *******************************************************************************/
 244:.\Generated_Source\PSoC4/UART.c **** void UART_PutCRLF(void) 
 245:.\Generated_Source\PSoC4/UART.c **** {
 310              		.loc 1 245 0
 311              		.cfi_startproc
 312 0000 80B5     		push	{r7, lr}
 313              		.cfi_def_cfa_offset 8
 314              		.cfi_offset 7, -8
 315              		.cfi_offset 14, -4
 316 0002 00AF     		add	r7, sp, #0
 317              		.cfi_def_cfa_register 7
 246:.\Generated_Source\PSoC4/UART.c ****     UART_PutChar(0x0Du);
 318              		.loc 1 246 0
 319 0004 0D20     		mov	r0, #13
 320 0006 FFF7FEFF 		bl	UART_PutChar
 247:.\Generated_Source\PSoC4/UART.c ****     UART_PutChar(0x0Au);
ARM GAS  C:\Users\ELISHA~1\AppData\Local\Temp\ccKlSFH4.s 			page 11


 321              		.loc 1 247 0
 322 000a 0A20     		mov	r0, #10
 323 000c FFF7FEFF 		bl	UART_PutChar
 248:.\Generated_Source\PSoC4/UART.c **** }
 324              		.loc 1 248 0
 325 0010 BD46     		mov	sp, r7
 326              		@ sp needed
 327 0012 80BD     		pop	{r7, pc}
 328              		.cfi_endproc
 329              	.LFE6:
 330              		.size	UART_PutCRLF, .-UART_PutCRLF
 331              		.section	.rodata
 332              		.align	2
 333              		.type	UART_hex.4188, %object
 334              		.size	UART_hex.4188, 17
 335              	UART_hex.4188:
 336 0000 30313233 		.ascii	"0123456789ABCDEF\000"
 336      34353637 
 336      38394142 
 336      43444546 
 336      00
 337 0011 000000   		.text
 338              	.Letext0:
 339              		.file 2 ".\\Generated_Source\\PSoC4\\cytypes.h"
 340              		.section	.debug_info,"",%progbits
 341              	.Ldebug_info0:
 342 0000 1A020000 		.4byte	0x21a
 343 0004 0400     		.2byte	0x4
 344 0006 00000000 		.4byte	.Ldebug_abbrev0
 345 000a 04       		.byte	0x4
 346 000b 01       		.uleb128 0x1
 347 000c 8D010000 		.4byte	.LASF36
 348 0010 01       		.byte	0x1
 349 0011 19000000 		.4byte	.LASF37
 350 0015 79000000 		.4byte	.LASF38
 351 0019 00000000 		.4byte	.Ldebug_ranges0+0
 352 001d 00000000 		.4byte	0
 353 0021 00000000 		.4byte	.Ldebug_line0
 354 0025 02       		.uleb128 0x2
 355 0026 01       		.byte	0x1
 356 0027 06       		.byte	0x6
 357 0028 02010000 		.4byte	.LASF0
 358 002c 02       		.uleb128 0x2
 359 002d 01       		.byte	0x1
 360 002e 08       		.byte	0x8
 361 002f E8000000 		.4byte	.LASF1
 362 0033 02       		.uleb128 0x2
 363 0034 02       		.byte	0x2
 364 0035 05       		.byte	0x5
 365 0036 00000000 		.4byte	.LASF2
 366 003a 02       		.uleb128 0x2
 367 003b 02       		.byte	0x2
 368 003c 07       		.byte	0x7
 369 003d 5B010000 		.4byte	.LASF3
 370 0041 02       		.uleb128 0x2
 371 0042 04       		.byte	0x4
 372 0043 05       		.byte	0x5
ARM GAS  C:\Users\ELISHA~1\AppData\Local\Temp\ccKlSFH4.s 			page 12


 373 0044 CE000000 		.4byte	.LASF4
 374 0048 02       		.uleb128 0x2
 375 0049 04       		.byte	0x4
 376 004a 07       		.byte	0x7
 377 004b 4B020000 		.4byte	.LASF5
 378 004f 02       		.uleb128 0x2
 379 0050 08       		.byte	0x8
 380 0051 05       		.byte	0x5
 381 0052 6B000000 		.4byte	.LASF6
 382 0056 02       		.uleb128 0x2
 383 0057 08       		.byte	0x8
 384 0058 07       		.byte	0x7
 385 0059 1D010000 		.4byte	.LASF7
 386 005d 03       		.uleb128 0x3
 387 005e 04       		.byte	0x4
 388 005f 05       		.byte	0x5
 389 0060 696E7400 		.ascii	"int\000"
 390 0064 02       		.uleb128 0x2
 391 0065 04       		.byte	0x4
 392 0066 07       		.byte	0x7
 393 0067 3D010000 		.4byte	.LASF8
 394 006b 04       		.uleb128 0x4
 395 006c 5F000000 		.4byte	.LASF9
 396 0070 02       		.byte	0x2
 397 0071 C2       		.byte	0xc2
 398 0072 2C000000 		.4byte	0x2c
 399 0076 04       		.uleb128 0x4
 400 0077 58000000 		.4byte	.LASF10
 401 007b 02       		.byte	0x2
 402 007c C3       		.byte	0xc3
 403 007d 3A000000 		.4byte	0x3a
 404 0081 04       		.uleb128 0x4
 405 0082 37020000 		.4byte	.LASF11
 406 0086 02       		.byte	0x2
 407 0087 C4       		.byte	0xc4
 408 0088 48000000 		.4byte	0x48
 409 008c 02       		.uleb128 0x2
 410 008d 04       		.byte	0x4
 411 008e 04       		.byte	0x4
 412 008f 65000000 		.4byte	.LASF12
 413 0093 02       		.uleb128 0x2
 414 0094 08       		.byte	0x8
 415 0095 04       		.byte	0x4
 416 0096 70020000 		.4byte	.LASF13
 417 009a 04       		.uleb128 0x4
 418 009b 13000000 		.4byte	.LASF14
 419 009f 02       		.byte	0x2
 420 00a0 D3       		.byte	0xd3
 421 00a1 A5000000 		.4byte	0xa5
 422 00a5 02       		.uleb128 0x2
 423 00a6 01       		.byte	0x1
 424 00a7 08       		.byte	0x8
 425 00a8 7D010000 		.4byte	.LASF15
 426 00ac 05       		.uleb128 0x5
 427 00ad 82010000 		.4byte	.LASF16
 428 00b1 01       		.byte	0x1
 429 00b2 35       		.byte	0x35
ARM GAS  C:\Users\ELISHA~1\AppData\Local\Temp\ccKlSFH4.s 			page 13


 430 00b3 00000000 		.4byte	.LFB0
 431 00b7 08000000 		.4byte	.LFE0-.LFB0
 432 00bb 01       		.uleb128 0x1
 433 00bc 9C       		.byte	0x9c
 434 00bd 05       		.uleb128 0x5
 435 00be 95020000 		.4byte	.LASF17
 436 00c2 01       		.byte	0x1
 437 00c3 79       		.byte	0x79
 438 00c4 00000000 		.4byte	.LFB1
 439 00c8 08000000 		.4byte	.LFE1-.LFB1
 440 00cc 01       		.uleb128 0x1
 441 00cd 9C       		.byte	0x9c
 442 00ce 06       		.uleb128 0x6
 443 00cf 49000000 		.4byte	.LASF20
 444 00d3 01       		.byte	0x1
 445 00d4 8D       		.byte	0x8d
 446 00d5 00000000 		.4byte	.LFB2
 447 00d9 58000000 		.4byte	.LFE2-.LFB2
 448 00dd 01       		.uleb128 0x1
 449 00de 9C       		.byte	0x9c
 450 00df 0E010000 		.4byte	0x10e
 451 00e3 07       		.uleb128 0x7
 452 00e4 D7000000 		.4byte	.LASF22
 453 00e8 01       		.byte	0x1
 454 00e9 8D       		.byte	0x8d
 455 00ea 0E010000 		.4byte	0x10e
 456 00ee 02       		.uleb128 0x2
 457 00ef 91       		.byte	0x91
 458 00f0 6C       		.sleb128 -20
 459 00f1 08       		.uleb128 0x8
 460 00f2 F6000000 		.4byte	.LASF18
 461 00f6 01       		.byte	0x1
 462 00f7 8F       		.byte	0x8f
 463 00f8 6B000000 		.4byte	0x6b
 464 00fc 02       		.uleb128 0x2
 465 00fd 91       		.byte	0x91
 466 00fe 77       		.sleb128 -9
 467 00ff 08       		.uleb128 0x8
 468 0100 53010000 		.4byte	.LASF19
 469 0104 01       		.byte	0x1
 470 0105 90       		.byte	0x90
 471 0106 9A000000 		.4byte	0x9a
 472 010a 02       		.uleb128 0x2
 473 010b 91       		.byte	0x91
 474 010c 76       		.sleb128 -10
 475 010d 00       		.byte	0
 476 010e 09       		.uleb128 0x9
 477 010f 04       		.byte	0x4
 478 0110 14010000 		.4byte	0x114
 479 0114 0A       		.uleb128 0xa
 480 0115 9A000000 		.4byte	0x9a
 481 0119 06       		.uleb128 0x6
 482 011a 7D020000 		.4byte	.LASF21
 483 011e 01       		.byte	0x1
 484 011f AB       		.byte	0xab
 485 0120 00000000 		.4byte	.LFB3
 486 0124 32000000 		.4byte	.LFE3-.LFB3
ARM GAS  C:\Users\ELISHA~1\AppData\Local\Temp\ccKlSFH4.s 			page 14


 487 0128 01       		.uleb128 0x1
 488 0129 9C       		.byte	0x9c
 489 012a 59010000 		.4byte	0x159
 490 012e 07       		.uleb128 0x7
 491 012f 77020000 		.4byte	.LASF23
 492 0133 01       		.byte	0x1
 493 0134 AB       		.byte	0xab
 494 0135 59010000 		.4byte	0x159
 495 0139 02       		.uleb128 0x2
 496 013a 91       		.byte	0x91
 497 013b 6C       		.sleb128 -20
 498 013c 07       		.uleb128 0x7
 499 013d 8B020000 		.4byte	.LASF24
 500 0141 01       		.byte	0x1
 501 0142 AB       		.byte	0xab
 502 0143 81000000 		.4byte	0x81
 503 0147 02       		.uleb128 0x2
 504 0148 91       		.byte	0x91
 505 0149 68       		.sleb128 -24
 506 014a 08       		.uleb128 0x8
 507 014b 2C020000 		.4byte	.LASF25
 508 014f 01       		.byte	0x1
 509 0150 AD       		.byte	0xad
 510 0151 81000000 		.4byte	0x81
 511 0155 02       		.uleb128 0x2
 512 0156 91       		.byte	0x91
 513 0157 74       		.sleb128 -12
 514 0158 00       		.byte	0
 515 0159 09       		.uleb128 0x9
 516 015a 04       		.byte	0x4
 517 015b 5F010000 		.4byte	0x15f
 518 015f 0A       		.uleb128 0xa
 519 0160 6B000000 		.4byte	0x6b
 520 0164 06       		.uleb128 0x6
 521 0165 39000000 		.4byte	.LASF26
 522 0169 01       		.byte	0x1
 523 016a C6       		.byte	0xc6
 524 016b 00000000 		.4byte	.LFB4
 525 016f 3C000000 		.4byte	.LFE4-.LFB4
 526 0173 01       		.uleb128 0x1
 527 0174 9C       		.byte	0x9c
 528 0175 99010000 		.4byte	0x199
 529 0179 07       		.uleb128 0x7
 530 017a DE000000 		.4byte	.LASF27
 531 017e 01       		.byte	0x1
 532 017f C6       		.byte	0xc6
 533 0180 6B000000 		.4byte	0x6b
 534 0184 02       		.uleb128 0x2
 535 0185 91       		.byte	0x91
 536 0186 77       		.sleb128 -9
 537 0187 08       		.uleb128 0x8
 538 0188 4A010000 		.4byte	.LASF28
 539 018c 01       		.byte	0x1
 540 018d C8       		.byte	0xc8
 541 018e B0010000 		.4byte	0x1b0
 542 0192 05       		.uleb128 0x5
 543 0193 03       		.byte	0x3
ARM GAS  C:\Users\ELISHA~1\AppData\Local\Temp\ccKlSFH4.s 			page 15


 544 0194 00000000 		.4byte	UART_hex.4188
 545 0198 00       		.byte	0
 546 0199 0B       		.uleb128 0xb
 547 019a 9A000000 		.4byte	0x9a
 548 019e A9010000 		.4byte	0x1a9
 549 01a2 0C       		.uleb128 0xc
 550 01a3 A9010000 		.4byte	0x1a9
 551 01a7 10       		.byte	0x10
 552 01a8 00       		.byte	0
 553 01a9 02       		.uleb128 0x2
 554 01aa 04       		.byte	0x4
 555 01ab 07       		.byte	0x7
 556 01ac 0A000000 		.4byte	.LASF29
 557 01b0 0A       		.uleb128 0xa
 558 01b1 99010000 		.4byte	0x199
 559 01b5 06       		.uleb128 0x6
 560 01b6 6E010000 		.4byte	.LASF30
 561 01ba 01       		.byte	0x1
 562 01bb DF       		.byte	0xdf
 563 01bc 00000000 		.4byte	.LFB5
 564 01c0 2E000000 		.4byte	.LFE5-.LFB5
 565 01c4 01       		.uleb128 0x1
 566 01c5 9C       		.byte	0x9c
 567 01c6 D9010000 		.4byte	0x1d9
 568 01ca 07       		.uleb128 0x7
 569 01cb 34010000 		.4byte	.LASF31
 570 01cf 01       		.byte	0x1
 571 01d0 DF       		.byte	0xdf
 572 01d1 76000000 		.4byte	0x76
 573 01d5 02       		.uleb128 0x2
 574 01d6 91       		.byte	0x91
 575 01d7 76       		.sleb128 -10
 576 01d8 00       		.byte	0
 577 01d9 0D       		.uleb128 0xd
 578 01da 3E020000 		.4byte	.LASF32
 579 01de 01       		.byte	0x1
 580 01df F4       		.byte	0xf4
 581 01e0 00000000 		.4byte	.LFB6
 582 01e4 14000000 		.4byte	.LFE6-.LFB6
 583 01e8 01       		.uleb128 0x1
 584 01e9 9C       		.byte	0x9c
 585 01ea 0E       		.uleb128 0xe
 586 01eb 0E010000 		.4byte	.LASF33
 587 01ef 01       		.byte	0x1
 588 01f0 12       		.byte	0x12
 589 01f1 81000000 		.4byte	0x81
 590 01f5 05       		.uleb128 0x5
 591 01f6 03       		.byte	0x3
 592 01f7 00000000 		.4byte	UART_pinNumber
 593 01fb 0E       		.uleb128 0xe
 594 01fc 5D020000 		.4byte	.LASF34
 595 0200 01       		.byte	0x1
 596 0201 13       		.byte	0x13
 597 0202 81000000 		.4byte	0x81
 598 0206 05       		.uleb128 0x5
 599 0207 03       		.byte	0x3
 600 0208 00000000 		.4byte	UART_pinPortNumber
ARM GAS  C:\Users\ELISHA~1\AppData\Local\Temp\ccKlSFH4.s 			page 16


 601 020c 0E       		.uleb128 0xe
 602 020d 1B020000 		.4byte	.LASF35
 603 0211 01       		.byte	0x1
 604 0212 17       		.byte	0x17
 605 0213 81000000 		.4byte	0x81
 606 0217 05       		.uleb128 0x5
 607 0218 03       		.byte	0x3
 608 0219 00000000 		.4byte	UART_pinDrAdress
 609 021d 00       		.byte	0
 610              		.section	.debug_abbrev,"",%progbits
 611              	.Ldebug_abbrev0:
 612 0000 01       		.uleb128 0x1
 613 0001 11       		.uleb128 0x11
 614 0002 01       		.byte	0x1
 615 0003 25       		.uleb128 0x25
 616 0004 0E       		.uleb128 0xe
 617 0005 13       		.uleb128 0x13
 618 0006 0B       		.uleb128 0xb
 619 0007 03       		.uleb128 0x3
 620 0008 0E       		.uleb128 0xe
 621 0009 1B       		.uleb128 0x1b
 622 000a 0E       		.uleb128 0xe
 623 000b 55       		.uleb128 0x55
 624 000c 17       		.uleb128 0x17
 625 000d 11       		.uleb128 0x11
 626 000e 01       		.uleb128 0x1
 627 000f 10       		.uleb128 0x10
 628 0010 17       		.uleb128 0x17
 629 0011 00       		.byte	0
 630 0012 00       		.byte	0
 631 0013 02       		.uleb128 0x2
 632 0014 24       		.uleb128 0x24
 633 0015 00       		.byte	0
 634 0016 0B       		.uleb128 0xb
 635 0017 0B       		.uleb128 0xb
 636 0018 3E       		.uleb128 0x3e
 637 0019 0B       		.uleb128 0xb
 638 001a 03       		.uleb128 0x3
 639 001b 0E       		.uleb128 0xe
 640 001c 00       		.byte	0
 641 001d 00       		.byte	0
 642 001e 03       		.uleb128 0x3
 643 001f 24       		.uleb128 0x24
 644 0020 00       		.byte	0
 645 0021 0B       		.uleb128 0xb
 646 0022 0B       		.uleb128 0xb
 647 0023 3E       		.uleb128 0x3e
 648 0024 0B       		.uleb128 0xb
 649 0025 03       		.uleb128 0x3
 650 0026 08       		.uleb128 0x8
 651 0027 00       		.byte	0
 652 0028 00       		.byte	0
 653 0029 04       		.uleb128 0x4
 654 002a 16       		.uleb128 0x16
 655 002b 00       		.byte	0
 656 002c 03       		.uleb128 0x3
 657 002d 0E       		.uleb128 0xe
ARM GAS  C:\Users\ELISHA~1\AppData\Local\Temp\ccKlSFH4.s 			page 17


 658 002e 3A       		.uleb128 0x3a
 659 002f 0B       		.uleb128 0xb
 660 0030 3B       		.uleb128 0x3b
 661 0031 0B       		.uleb128 0xb
 662 0032 49       		.uleb128 0x49
 663 0033 13       		.uleb128 0x13
 664 0034 00       		.byte	0
 665 0035 00       		.byte	0
 666 0036 05       		.uleb128 0x5
 667 0037 2E       		.uleb128 0x2e
 668 0038 00       		.byte	0
 669 0039 3F       		.uleb128 0x3f
 670 003a 19       		.uleb128 0x19
 671 003b 03       		.uleb128 0x3
 672 003c 0E       		.uleb128 0xe
 673 003d 3A       		.uleb128 0x3a
 674 003e 0B       		.uleb128 0xb
 675 003f 3B       		.uleb128 0x3b
 676 0040 0B       		.uleb128 0xb
 677 0041 27       		.uleb128 0x27
 678 0042 19       		.uleb128 0x19
 679 0043 11       		.uleb128 0x11
 680 0044 01       		.uleb128 0x1
 681 0045 12       		.uleb128 0x12
 682 0046 06       		.uleb128 0x6
 683 0047 40       		.uleb128 0x40
 684 0048 18       		.uleb128 0x18
 685 0049 9742     		.uleb128 0x2117
 686 004b 19       		.uleb128 0x19
 687 004c 00       		.byte	0
 688 004d 00       		.byte	0
 689 004e 06       		.uleb128 0x6
 690 004f 2E       		.uleb128 0x2e
 691 0050 01       		.byte	0x1
 692 0051 3F       		.uleb128 0x3f
 693 0052 19       		.uleb128 0x19
 694 0053 03       		.uleb128 0x3
 695 0054 0E       		.uleb128 0xe
 696 0055 3A       		.uleb128 0x3a
 697 0056 0B       		.uleb128 0xb
 698 0057 3B       		.uleb128 0x3b
 699 0058 0B       		.uleb128 0xb
 700 0059 27       		.uleb128 0x27
 701 005a 19       		.uleb128 0x19
 702 005b 11       		.uleb128 0x11
 703 005c 01       		.uleb128 0x1
 704 005d 12       		.uleb128 0x12
 705 005e 06       		.uleb128 0x6
 706 005f 40       		.uleb128 0x40
 707 0060 18       		.uleb128 0x18
 708 0061 9642     		.uleb128 0x2116
 709 0063 19       		.uleb128 0x19
 710 0064 01       		.uleb128 0x1
 711 0065 13       		.uleb128 0x13
 712 0066 00       		.byte	0
 713 0067 00       		.byte	0
 714 0068 07       		.uleb128 0x7
ARM GAS  C:\Users\ELISHA~1\AppData\Local\Temp\ccKlSFH4.s 			page 18


 715 0069 05       		.uleb128 0x5
 716 006a 00       		.byte	0
 717 006b 03       		.uleb128 0x3
 718 006c 0E       		.uleb128 0xe
 719 006d 3A       		.uleb128 0x3a
 720 006e 0B       		.uleb128 0xb
 721 006f 3B       		.uleb128 0x3b
 722 0070 0B       		.uleb128 0xb
 723 0071 49       		.uleb128 0x49
 724 0072 13       		.uleb128 0x13
 725 0073 02       		.uleb128 0x2
 726 0074 18       		.uleb128 0x18
 727 0075 00       		.byte	0
 728 0076 00       		.byte	0
 729 0077 08       		.uleb128 0x8
 730 0078 34       		.uleb128 0x34
 731 0079 00       		.byte	0
 732 007a 03       		.uleb128 0x3
 733 007b 0E       		.uleb128 0xe
 734 007c 3A       		.uleb128 0x3a
 735 007d 0B       		.uleb128 0xb
 736 007e 3B       		.uleb128 0x3b
 737 007f 0B       		.uleb128 0xb
 738 0080 49       		.uleb128 0x49
 739 0081 13       		.uleb128 0x13
 740 0082 02       		.uleb128 0x2
 741 0083 18       		.uleb128 0x18
 742 0084 00       		.byte	0
 743 0085 00       		.byte	0
 744 0086 09       		.uleb128 0x9
 745 0087 0F       		.uleb128 0xf
 746 0088 00       		.byte	0
 747 0089 0B       		.uleb128 0xb
 748 008a 0B       		.uleb128 0xb
 749 008b 49       		.uleb128 0x49
 750 008c 13       		.uleb128 0x13
 751 008d 00       		.byte	0
 752 008e 00       		.byte	0
 753 008f 0A       		.uleb128 0xa
 754 0090 26       		.uleb128 0x26
 755 0091 00       		.byte	0
 756 0092 49       		.uleb128 0x49
 757 0093 13       		.uleb128 0x13
 758 0094 00       		.byte	0
 759 0095 00       		.byte	0
 760 0096 0B       		.uleb128 0xb
 761 0097 01       		.uleb128 0x1
 762 0098 01       		.byte	0x1
 763 0099 49       		.uleb128 0x49
 764 009a 13       		.uleb128 0x13
 765 009b 01       		.uleb128 0x1
 766 009c 13       		.uleb128 0x13
 767 009d 00       		.byte	0
 768 009e 00       		.byte	0
 769 009f 0C       		.uleb128 0xc
 770 00a0 21       		.uleb128 0x21
 771 00a1 00       		.byte	0
ARM GAS  C:\Users\ELISHA~1\AppData\Local\Temp\ccKlSFH4.s 			page 19


 772 00a2 49       		.uleb128 0x49
 773 00a3 13       		.uleb128 0x13
 774 00a4 2F       		.uleb128 0x2f
 775 00a5 0B       		.uleb128 0xb
 776 00a6 00       		.byte	0
 777 00a7 00       		.byte	0
 778 00a8 0D       		.uleb128 0xd
 779 00a9 2E       		.uleb128 0x2e
 780 00aa 00       		.byte	0
 781 00ab 3F       		.uleb128 0x3f
 782 00ac 19       		.uleb128 0x19
 783 00ad 03       		.uleb128 0x3
 784 00ae 0E       		.uleb128 0xe
 785 00af 3A       		.uleb128 0x3a
 786 00b0 0B       		.uleb128 0xb
 787 00b1 3B       		.uleb128 0x3b
 788 00b2 0B       		.uleb128 0xb
 789 00b3 27       		.uleb128 0x27
 790 00b4 19       		.uleb128 0x19
 791 00b5 11       		.uleb128 0x11
 792 00b6 01       		.uleb128 0x1
 793 00b7 12       		.uleb128 0x12
 794 00b8 06       		.uleb128 0x6
 795 00b9 40       		.uleb128 0x40
 796 00ba 18       		.uleb128 0x18
 797 00bb 9642     		.uleb128 0x2116
 798 00bd 19       		.uleb128 0x19
 799 00be 00       		.byte	0
 800 00bf 00       		.byte	0
 801 00c0 0E       		.uleb128 0xe
 802 00c1 34       		.uleb128 0x34
 803 00c2 00       		.byte	0
 804 00c3 03       		.uleb128 0x3
 805 00c4 0E       		.uleb128 0xe
 806 00c5 3A       		.uleb128 0x3a
 807 00c6 0B       		.uleb128 0xb
 808 00c7 3B       		.uleb128 0x3b
 809 00c8 0B       		.uleb128 0xb
 810 00c9 49       		.uleb128 0x49
 811 00ca 13       		.uleb128 0x13
 812 00cb 3F       		.uleb128 0x3f
 813 00cc 19       		.uleb128 0x19
 814 00cd 02       		.uleb128 0x2
 815 00ce 18       		.uleb128 0x18
 816 00cf 00       		.byte	0
 817 00d0 00       		.byte	0
 818 00d1 00       		.byte	0
 819              		.section	.debug_aranges,"",%progbits
 820 0000 4C000000 		.4byte	0x4c
 821 0004 0200     		.2byte	0x2
 822 0006 00000000 		.4byte	.Ldebug_info0
 823 000a 04       		.byte	0x4
 824 000b 00       		.byte	0
 825 000c 0000     		.2byte	0
 826 000e 0000     		.2byte	0
 827 0010 00000000 		.4byte	.LFB0
 828 0014 08000000 		.4byte	.LFE0-.LFB0
ARM GAS  C:\Users\ELISHA~1\AppData\Local\Temp\ccKlSFH4.s 			page 20


 829 0018 00000000 		.4byte	.LFB1
 830 001c 08000000 		.4byte	.LFE1-.LFB1
 831 0020 00000000 		.4byte	.LFB2
 832 0024 58000000 		.4byte	.LFE2-.LFB2
 833 0028 00000000 		.4byte	.LFB3
 834 002c 32000000 		.4byte	.LFE3-.LFB3
 835 0030 00000000 		.4byte	.LFB4
 836 0034 3C000000 		.4byte	.LFE4-.LFB4
 837 0038 00000000 		.4byte	.LFB5
 838 003c 2E000000 		.4byte	.LFE5-.LFB5
 839 0040 00000000 		.4byte	.LFB6
 840 0044 14000000 		.4byte	.LFE6-.LFB6
 841 0048 00000000 		.4byte	0
 842 004c 00000000 		.4byte	0
 843              		.section	.debug_ranges,"",%progbits
 844              	.Ldebug_ranges0:
 845 0000 00000000 		.4byte	.LFB0
 846 0004 08000000 		.4byte	.LFE0
 847 0008 00000000 		.4byte	.LFB1
 848 000c 08000000 		.4byte	.LFE1
 849 0010 00000000 		.4byte	.LFB2
 850 0014 58000000 		.4byte	.LFE2
 851 0018 00000000 		.4byte	.LFB3
 852 001c 32000000 		.4byte	.LFE3
 853 0020 00000000 		.4byte	.LFB4
 854 0024 3C000000 		.4byte	.LFE4
 855 0028 00000000 		.4byte	.LFB5
 856 002c 2E000000 		.4byte	.LFE5
 857 0030 00000000 		.4byte	.LFB6
 858 0034 14000000 		.4byte	.LFE6
 859 0038 00000000 		.4byte	0
 860 003c 00000000 		.4byte	0
 861              		.section	.debug_line,"",%progbits
 862              	.Ldebug_line0:
 863 0000 DE000000 		.section	.debug_str,"MS",%progbits,1
 863      02004300 
 863      00000201 
 863      FB0E0D00 
 863      01010101 
 864              	.LASF2:
 865 0000 73686F72 		.ascii	"short int\000"
 865      7420696E 
 865      7400
 866              	.LASF29:
 867 000a 73697A65 		.ascii	"sizetype\000"
 867      74797065 
 867      00
 868              	.LASF14:
 869 0013 63686172 		.ascii	"char8\000"
 869      3800
 870              	.LASF37:
 871 0019 2E5C4765 		.ascii	".\\Generated_Source\\PSoC4\\UART.c\000"
 871      6E657261 
 871      7465645F 
 871      536F7572 
 871      63655C50 
 872              	.LASF26:
ARM GAS  C:\Users\ELISHA~1\AppData\Local\Temp\ccKlSFH4.s 			page 21


 873 0039 55415254 		.ascii	"UART_PutHexByte\000"
 873      5F507574 
 873      48657842 
 873      79746500 
 874              	.LASF20:
 875 0049 55415254 		.ascii	"UART_PutString\000"
 875      5F507574 
 875      53747269 
 875      6E6700
 876              	.LASF10:
 877 0058 75696E74 		.ascii	"uint16\000"
 877      313600
 878              	.LASF9:
 879 005f 75696E74 		.ascii	"uint8\000"
 879      3800
 880              	.LASF12:
 881 0065 666C6F61 		.ascii	"float\000"
 881      7400
 882              	.LASF6:
 883 006b 6C6F6E67 		.ascii	"long long int\000"
 883      206C6F6E 
 883      6720696E 
 883      7400
 884              	.LASF38:
 885 0079 5C5C4D61 		.ascii	"\\\\Mac\\Home\\Documents\\Repos\\PSOC4Pioneer\\DieT"
 885      635C486F 
 885      6D655C44 
 885      6F63756D 
 885      656E7473 
 886 00a5 656D7041 		.ascii	"empADC\\ADC_SAR_Seq_DieTemp_PSoC401.cydsn\000"
 886      44435C41 
 886      44435F53 
 886      41525F53 
 886      65715F44 
 887              	.LASF4:
 888 00ce 6C6F6E67 		.ascii	"long int\000"
 888      20696E74 
 888      00
 889              	.LASF22:
 890 00d7 73747269 		.ascii	"string\000"
 890      6E6700
 891              	.LASF27:
 892 00de 74784865 		.ascii	"txHexByte\000"
 892      78427974 
 892      6500
 893              	.LASF1:
 894 00e8 756E7369 		.ascii	"unsigned char\000"
 894      676E6564 
 894      20636861 
 894      7200
 895              	.LASF18:
 896 00f6 73747269 		.ascii	"stringIndex\000"
 896      6E67496E 
 896      64657800 
 897              	.LASF0:
 898 0102 7369676E 		.ascii	"signed char\000"
 898      65642063 
ARM GAS  C:\Users\ELISHA~1\AppData\Local\Temp\ccKlSFH4.s 			page 22


 898      68617200 
 899              	.LASF33:
 900 010e 55415254 		.ascii	"UART_pinNumber\000"
 900      5F70696E 
 900      4E756D62 
 900      657200
 901              	.LASF7:
 902 011d 6C6F6E67 		.ascii	"long long unsigned int\000"
 902      206C6F6E 
 902      6720756E 
 902      7369676E 
 902      65642069 
 903              	.LASF31:
 904 0134 74784865 		.ascii	"txHexInt\000"
 904      78496E74 
 904      00
 905              	.LASF8:
 906 013d 756E7369 		.ascii	"unsigned int\000"
 906      676E6564 
 906      20696E74 
 906      00
 907              	.LASF28:
 908 014a 55415254 		.ascii	"UART_hex\000"
 908      5F686578 
 908      00
 909              	.LASF19:
 910 0153 63757272 		.ascii	"current\000"
 910      656E7400 
 911              	.LASF3:
 912 015b 73686F72 		.ascii	"short unsigned int\000"
 912      7420756E 
 912      7369676E 
 912      65642069 
 912      6E7400
 913              	.LASF30:
 914 016e 55415254 		.ascii	"UART_PutHexInt\000"
 914      5F507574 
 914      48657849 
 914      6E7400
 915              	.LASF15:
 916 017d 63686172 		.ascii	"char\000"
 916      00
 917              	.LASF16:
 918 0182 55415254 		.ascii	"UART_Start\000"
 918      5F537461 
 918      727400
 919              	.LASF36:
 920 018d 474E5520 		.ascii	"GNU C 4.9.3 20150303 (release) [ARM/embedded-4_9-br"
 920      4320342E 
 920      392E3320 
 920      32303135 
 920      30333033 
 921 01c0 616E6368 		.ascii	"anch revision 221220] -mcpu=cortex-m0 -mthumb -g -O"
 921      20726576 
 921      6973696F 
 921      6E203232 
 921      31323230 
ARM GAS  C:\Users\ELISHA~1\AppData\Local\Temp\ccKlSFH4.s 			page 23


 922 01f3 30202D66 		.ascii	"0 -ffunction-sections -ffat-lto-objects\000"
 922      66756E63 
 922      74696F6E 
 922      2D736563 
 922      74696F6E 
 923              	.LASF35:
 924 021b 55415254 		.ascii	"UART_pinDrAdress\000"
 924      5F70696E 
 924      44724164 
 924      72657373 
 924      00
 925              	.LASF25:
 926 022c 61727261 		.ascii	"arrayIndex\000"
 926      79496E64 
 926      657800
 927              	.LASF11:
 928 0237 75696E74 		.ascii	"uint32\000"
 928      333200
 929              	.LASF32:
 930 023e 55415254 		.ascii	"UART_PutCRLF\000"
 930      5F507574 
 930      43524C46 
 930      00
 931              	.LASF5:
 932 024b 6C6F6E67 		.ascii	"long unsigned int\000"
 932      20756E73 
 932      69676E65 
 932      6420696E 
 932      7400
 933              	.LASF34:
 934 025d 55415254 		.ascii	"UART_pinPortNumber\000"
 934      5F70696E 
 934      506F7274 
 934      4E756D62 
 934      657200
 935              	.LASF13:
 936 0270 646F7562 		.ascii	"double\000"
 936      6C6500
 937              	.LASF23:
 938 0277 61727261 		.ascii	"array\000"
 938      7900
 939              	.LASF21:
 940 027d 55415254 		.ascii	"UART_PutArray\000"
 940      5F507574 
 940      41727261 
 940      7900
 941              	.LASF24:
 942 028b 62797465 		.ascii	"byteCount\000"
 942      436F756E 
 942      7400
 943              	.LASF17:
 944 0295 55415254 		.ascii	"UART_Stop\000"
 944      5F53746F 
 944      7000
 945              		.ident	"GCC: (GNU Tools for ARM Embedded Processors) 4.9.3 20150303 (release) [ARM/embedded-4_9-br
